#
# A fatal error has been detected by the Java Runtime Environment:
#
#  SIGBUS (0xa) at pc=0x000000010df714f0, pid=17298, tid=29707
#
# JRE version: Java(TM) SE Runtime Environment (17.0.2+8) (build 17.0.2+8-LTS-86)
# Java VM: Java HotSpot(TM) 64-Bit Server VM (17.0.2+8-LTS-86, mixed mode, sharing, tiered, compressed oops, compressed class ptrs, g1 gc, bsd-aarch64)
# Problematic frame:
# v  ~StubRoutines::SafeFetchN
#
# No core dump will be written. Core dumps have been disabled. To enable core dumping, try "ulimit -c unlimited" before starting Java again
#
# If you would like to submit a bug report, please visit:
#   https://bugreport.java.com/bugreport/crash.jsp
# The crash happened outside the Java Virtual Machine in native code.
# See problematic frame for where to report the bug.
#

---------------  S U M M A R Y ------------

Command Line: -XX:+ShowCodeDetailsInExceptionMessages --module-path=/Users/eccos/Desktop/COMP261/assig-1-maven-main/target/classes:/Users/eccos/.m2/repository/org/openjfx/javafx-controls/17/javafx-controls-17-mac-aarch64.jar:/Users/eccos/.m2/repository/org/openjfx/javafx-graphics/17/javafx-graphics-17-mac-aarch64.jar:/Users/eccos/.m2/repository/org/openjfx/javafx-base/17/javafx-base-17-mac-aarch64.jar:/Users/eccos/.m2/repository/org/openjfx/javafx-fxml/17/javafx-fxml-17-mac-aarch64.jar -Djdk.module.main=comp261.assig1 comp261.assig1/comp261.assig1.Main

Host: "MacBookPro17,1" arm64 1 MHz, 8 cores, 8G, Darwin 21.3.0, macOS 12.2.1 (21D62)
Time: Tue Mar 22 12:03:24 2022 NZDT elapsed time: 5.710293 seconds (0d 0h 0m 5s)

---------------  T H R E A D  ---------------

Current thread (0x000000011f889200):  JavaThread "InvokeLaterDispatcher" daemon [_thread_in_native, id=29707, stack(0x000000016e61c000,0x000000016e81f000)]

Stack: [0x000000016e61c000,0x000000016e81f000],  sp=0x000000016e81e7b0,  free space=2057k
Native frames: (J=compiled Java code, j=interpreted, Vv=VM code, C=native code)
v  ~StubRoutines::SafeFetchN
V  [libjvm.dylib+0x7a4748]  _ZN10OopStorage7releaseEPKP7oopDesc+0x20
V  [libjvm.dylib+0x4b9e90]  jni_DeleteGlobalRef+0xc4
C  [libglass.dylib+0xab08]  -[GlassRunnable dealloc]+0x34
C  [Foundation+0x84c7c]  -[_NSThreadPerformInfo dealloc]+0x30
C  [Foundation+0x51578]  -[NSObject(NSThreadPerformAdditions) performSelectorOnMainThread:withObject:waitUntilDone:]+0x88
C  0xb93900010df798ac
j  com.sun.glass.ui.mac.MacApplication.submitForLaterInvocation(Ljava/lang/Runnable;)V+2 javafx.graphics
j  com.sun.glass.ui.InvokeLaterDispatcher.run()V+82 javafx.graphics
v  ~StubRoutines::call_stub
V  [libjvm.dylib+0x4614e8]  _ZN9JavaCalls11call_helperEP9JavaValueRK12methodHandleP17JavaCallArgumentsP10JavaThread+0x38c
V  [libjvm.dylib+0x460504]  _ZN9JavaCalls12call_virtualEP9JavaValueP5KlassP6SymbolS5_P17JavaCallArgumentsP10JavaThread+0x11c
V  [libjvm.dylib+0x4605d0]  _ZN9JavaCalls12call_virtualEP9JavaValue6HandleP5KlassP6SymbolS6_P10JavaThread+0x64
V  [libjvm.dylib+0x513e50]  _ZL12thread_entryP10JavaThreadS0_+0xc4
V  [libjvm.dylib+0x90462c]  _ZN10JavaThread17thread_main_innerEv+0x134
V  [libjvm.dylib+0x902f54]  _ZN6Thread8call_runEv+0x128
V  [libjvm.dylib+0x7ab344]  _ZL19thread_native_entryP6Thread+0x158
C  [libsystem_pthread.dylib+0x7240]  _pthread_start+0x94

Java frames: (J=compiled Java code, j=interpreted, Vv=VM code)
j  com.sun.glass.ui.mac.MacApplication._submitForLaterInvocation(Ljava/lang/Runnable;)V+0 javafx.graphics
j  com.sun.glass.ui.mac.MacApplication.submitForLaterInvocation(Ljava/lang/Runnable;)V+2 javafx.graphics
j  com.sun.glass.ui.InvokeLaterDispatcher.run()V+82 javafx.graphics
v  ~StubRoutines::call_stub

siginfo: si_signo: 10 (SIGBUS), si_code: 1 (BUS_ADRALN), si_addr: 0x000000010df714f0

Register to memory mapping:

 x0=0x000000011ef0a008 is a global jni handle
 x1=0x0 is NULL
 x2=0x0000000787502ab0 is an oop: com.sun.glass.ui.InvokeLaterDispatcher$Future 
{0x0000000787502ab0} - klass: 'com/sun/glass/ui/InvokeLaterDispatcher$Future'
 - ---- fields (total size 3 words):
 - private 'done' 'Z' @12  true
 - private final 'runnable' 'Ljava/lang/Runnable;' @16  a 'com/sun/javafx/tk/quantum/QuantumToolkit$$Lambda$83+0x0000000800c38ab8'{0x000000078551ad58} (f0aa35ab)
 - final synthetic 'this$0' 'Lcom/sun/glass/ui/InvokeLaterDispatcher;' @20  a 'com/sun/glass/ui/InvokeLaterDispatcher'{0x000000078552be90} (f0aa57d2)
 x3=0x0 is NULL
 x4=0x00000000000130a8 is an unknown value
 x5=0x0 is NULL
 x6=0x0 is NULL
 x7=0x0 is NULL
 x8=0x000000010df714ec is at begin+0 in a stub
StubRoutines::SafeFetchN [0x000000010df714ec, 0x000000010df714f8] (12 bytes)
 x9=0x0 is NULL
x10=0x2010000030300000 is an unknown value
x11=0x0000000000000007 is an unknown value
x12=0x0000000000000007 is an unknown value
x13=0x0000600002f88f60 points into unknown readable memory: 0x6f308001acca5738 | 38 57 ca ac 01 80 30 6f
x14=0x0000000000000001 is an unknown value
x15=0x0000000137c8df98: OBJC_CLASS_$_GlassRunnable+0 in /Users/eccos/.openjfx/cache/17/libglass.dylib at 0x0000000137c48000
x16=0x00000001abd14094: pthread_getspecific+0 in /usr/lib/system/libsystem_pthread.dylib at 0x00000001abd12000
x17=0x0000600002593240 points into unknown readable memory: 0xfffffffffffffffe | fe ff ff ff ff ff ff ff
x18=0x0 is NULL
x19=0x0000600002a94310 points into unknown readable memory: 0x0000600000398660 | 60 86 39 00 00 60 00 00
x20=0x000000011ef09e00 points into unknown readable memory: 0x0000000000000000 | 00 00 00 00 00 00 00 00
x21=0x000000011ef0a008 is a global jni handle
x22=0x000000011f889200 is a thread
x23=0x0000000000000001 is an unknown value
x24=0x000000011ef09fc0 is a global jni handle
x25=0x000000010643d5e8: _ZN12StubRoutines17_safefetchN_entryE+0 in /Library/Java/JavaVirtualMachines/jdk-17.0.2.jdk/Contents/Home/lib/server/libjvm.dylib at 0x00000001058a4000
x26=0x000000011dd16098 is pointing into metadata
x27=0x0 is NULL
x28=0x000000011f889200 is a thread


Registers:
 x0=0x000000011ef0a008  x1=0x0000000000000000  x2=0x0000000787502ab0  x3=0x0000000000000000
 x4=0x00000000000130a8  x5=0x0000000000000000  x6=0x0000000000000000  x7=0x0000000000000000
 x8=0x000000010df714ec  x9=0x0000000000000000 x10=0x2010000030300000 x11=0x0000000000000007
x12=0x0000000000000007 x13=0x0000600002f88f60 x14=0x0000000000000001 x15=0x0000000137c8df98
x16=0x00000001abd14094 x17=0x0000600002593240 x18=0x0000000000000000 x19=0x0000600002a94310
x20=0x000000011ef09e00 x21=0x000000011ef0a008 x22=0x000000011f889200 x23=0x0000000000000001
x24=0x000000011ef09fc0 x25=0x000000010643d5e8 x26=0x000000011dd16098 x27=0x0000000000000000
x28=0x000000011f889200  fp=0x000000016e81e7f0  lr=0x0000000106047518  sp=0x000000016e81e7b0
pc=0x000000010df714f0 cpsr=0x0000000060001000
Top of Stack: (sp=0x000000016e81e7b0)
0x000000016e81e7b0:   000000011dd16098 0000000000000001
0x000000016e81e7c0:   000000016e81e9a8 00006000003b0570
0x000000016e81e7d0:   0000000000000000 000000011ef09fc0
0x000000016e81e7e0:   000000011ef09fc0 0000600002a94310
0x000000016e81e7f0:   000000016e81e830 0000000106048748
0x000000016e81e800:   0000000000000001 000000011ef09fc0
0x000000016e81e810:   0000000000000000 000000011ef09fc0
0x000000016e81e820:   0000000000000001 000000011f1cf800
0x000000016e81e830:   000000016e81e860 0000000105d5de90
0x000000016e81e840:   00006000003b05b0 00000001f628e9e3
0x000000016e81e850:   0000000000000000 00006000003b05b0
0x000000016e81e860:   000000016e81e890 0000000137c52b08
0x000000016e81e870:   8a809a46bccd00d3 0000000000000000
0x000000016e81e880:   0000000000000000 00006000014ae240
0x000000016e81e890:   000000016e81e8d0 00000001accd8c7c
0x000000016e81e8a0:   000000016e81e9a8 00006000003b0570
0x000000016e81e8b0:   00006000003b05b0 8a809a46bccd00d3
0x000000016e81e8c0:   0000000000000000 0000000000000000
0x000000016e81e8d0:   000000016e81e910 c1750001acca5578
0x000000016e81e8e0:   000000016e81e9a8 000000010df787c0
0x000000016e81e8f0:   0000000000000000 0000000106444fa8
0x000000016e81e900:   000000016e81e920 000000010df77730
0x000000016e81e910:   000000016e81e980 b93900010df798ac
0x000000016e81e920:   0000000000000000 00000007850ac5e0
0x000000016e81e930:   000000016e81e930 0000000000000000
0x000000016e81e940:   000000016e81e9a8 000000011dd16098
0x000000016e81e950:   0000000785510108 0000000000000000
0x000000016e81e960:   0000000000000000 000000011dcf3128
0x000000016e81e970:   0000000000000000 000000016e81e980
0x000000016e81e980:   000000016e81ea00 000000010df75fc8
0x000000016e81e990:   0000000000000000 0000000000000000
0x000000016e81e9a0:   0000000787502ab0 0000000785510180 

Instructions: (pc=0x000000010df714f0)
0x000000010df713f0:   f2a0c809 f2c00029 6d425935 1e640886
0x000000010df71400:   0c402d31 1e6408c7 1f5654d0 1e6c1017
0x000000010df71410:   1f5050d0 1f504cd0 1f5048d0 1e650af6
0x000000010df71420:   1f50d8f6 1f5694d6 1f5158f6 1e762880
0x000000010df71430:   36000501 1e614000 14000026 2e251ca5
0x000000010df71440:   d2943009 f2a0c809 f2c00029 6d425d36
0x000000010df71450:   1e600806 0c402d32 1f5758c7 1e6c101a
0x000000010df71460:   1f4754c7 1e650805 1f4750c7 d2866668
0x000000010df71470:   f2a7fa68 1f474cc7 1e6608c0 1f4748c7
0x000000010df71480:   1e6e1019 eb08007f 540000ac 1f479400
0x000000010df71490:   1f460340 1e603b20 1400000e d2a7fd29
0x000000010df714a0:   eb09007f 540000ac 51480069 d3607d29
0x000000010df714b0:   9e670121 14000002 1e6a5001 1f679417
0x000000010df714c0:   1f668742 1e613b23 1e773857 1e773860
0x000000010df714d0:   a8c17ff3 910003bf a8c17bfd d65f03c0
0x000000010df714e0:   b9400001 aa0103e0 d65f03c0 f9400001
0x000000010df714f0:   aa0103e0 d65f03c0 00000000 00000000
0x000000010df71500:   00000000 00000000 00000000 00000000
0x000000010df71510:   00000000 00000000 00000000 00000000
0x000000010df71520:   00000000 00000000 00000000 00000000
0x000000010df71530:   00000000 00000000 00000000 00000000
0x000000010df71540:   00000000 00000000 00000000 00000000
0x000000010df71550:   00000000 00000000 00000000 00000000
0x000000010df71560:   00000000 00000000 00000000 00000000
0x000000010df71570:   00000000 00000000 00000000 00000000
0x000000010df71580:   00000000 00000000 00000000 00000000
0x000000010df71590:   00000000 00000000 00000000 00000000
0x000000010df715a0:   00000000 00000000 00000000 00000000
0x000000010df715b0:   00000000 00000000 00000000 00000000
0x000000010df715c0:   00000000 00000000 00000000 00000000
0x000000010df715d0:   00000000 00000000 00000000 00000000
0x000000010df715e0:   00000000 00000000 00000000 00000000 


Stack slot to memory mapping:
stack at sp + 0 slots: 0x000000011dd16098 is pointing into metadata
stack at sp + 1 slots: 0x0000000000000001 is an unknown value
stack at sp + 2 slots: 0x000000016e81e9a8 is pointing into the stack for thread: 0x000000011f889200
stack at sp + 3 slots: 0x00006000003b0570 points into unknown readable memory: 0x0100000204e220a1 | a1 20 e2 04 02 00 00 01
stack at sp + 4 slots: 0x0 is NULL
stack at sp + 5 slots: 0x000000011ef09fc0 is a global jni handle
stack at sp + 6 slots: 0x000000011ef09fc0 is a global jni handle
stack at sp + 7 slots: 0x0000600002a94310 points into unknown readable memory: 0x0000600000398660 | 60 86 39 00 00 60 00 00

StubRoutines::SafeFetchN [0x000000010df714ec, 0x000000010df714f8] (12 bytes)
[MachCode]
  0x000000010df714ec: 0100 40f9 | e003 01aa | c003 5fd6 
[/MachCode]

---------------  P R O C E S S  ---------------

Threads class SMR info:
_java_thread_list=0x00006000001b1b00, length=18, elements={
0x000000011f00d600, 0x000000011f812000, 0x000000011f812600, 0x000000011f827600,
0x000000011f827c00, 0x000000011f0b2000, 0x000000011f0b2600, 0x000000011f0b2e00,
0x000000011f0bb400, 0x000000011d013800, 0x000000011f826800, 0x000000011e069e00,
0x000000011f889200, 0x000000011f1cf800, 0x000000011d1e8000, 0x000000011f1eb200,
0x000000011e0b7200, 0x000000015480a000
}

Java Threads: ( => current thread )
  0x000000011f00d600 JavaThread "main" [_thread_blocked, id=5891, stack(0x000000016b97c000,0x000000016bb7f000)]
  0x000000011f812000 JavaThread "Reference Handler" daemon [_thread_blocked, id=15619, stack(0x000000016c7d0000,0x000000016c9d3000)]
  0x000000011f812600 JavaThread "Finalizer" daemon [_thread_blocked, id=14595, stack(0x000000016c9dc000,0x000000016cbdf000)]
  0x000000011f827600 JavaThread "Signal Dispatcher" daemon [_thread_blocked, id=23043, stack(0x000000016cd8c000,0x000000016cf8f000)]
  0x000000011f827c00 JavaThread "Service Thread" daemon [_thread_blocked, id=23555, stack(0x000000016cf98000,0x000000016d19b000)]
  0x000000011f0b2000 JavaThread "Monitor Deflation Thread" daemon [_thread_blocked, id=42243, stack(0x000000016d1a4000,0x000000016d3a7000)]
  0x000000011f0b2600 JavaThread "C2 CompilerThread0" daemon [_thread_blocked, id=41731, stack(0x000000016d3b0000,0x000000016d5b3000)]
  0x000000011f0b2e00 JavaThread "C1 CompilerThread0" daemon [_thread_blocked, id=41219, stack(0x000000016d5bc000,0x000000016d7bf000)]
  0x000000011f0bb400 JavaThread "Sweeper thread" daemon [_thread_blocked, id=40963, stack(0x000000016d7c8000,0x000000016d9cb000)]
  0x000000011d013800 JavaThread "Common-Cleaner" daemon [_thread_blocked, id=24323, stack(0x000000016d9d4000,0x000000016dbd7000)]
  0x000000011f826800 JavaThread "Notification Thread" daemon [_thread_blocked, id=24835, stack(0x000000016dff8000,0x000000016e1fb000)]
  0x000000011e069e00 JavaThread "QuantumRenderer-0" daemon [_thread_blocked, id=25347, stack(0x000000016e410000,0x000000016e613000)]
=>0x000000011f889200 JavaThread "InvokeLaterDispatcher" daemon [_thread_in_native, id=29707, stack(0x000000016e61c000,0x000000016e81f000)]
  0x000000011f1cf800 JavaThread "JavaFX Application Thread" [_thread_in_native, id=259, stack(0x000000016b0f4000,0x000000016b8f0000)]
  0x000000011d1e8000 JavaThread "JavaFX-Launcher" [_thread_blocked, id=54551, stack(0x000000016e828000,0x000000016ea2b000)]
  0x000000011f1eb200 JavaThread "Prism Font Disposer" daemon [_thread_blocked, id=59595, stack(0x000000016f67c000,0x000000016f87f000)]
  0x000000011e0b7200 JavaThread "Cleaner-0" daemon [_thread_blocked, id=72459, stack(0x0000000280004000,0x0000000280207000)]
  0x000000015480a000 JavaThread "PulseTimer-CVDisplayLink thread" daemon [_thread_in_native, id=72715, stack(0x000000016dbe0000,0x000000016dc63000)]

Other Threads:
  0x000000011ef07410 VMThread "VM Thread" [stack: 0x000000016c5c4000,0x000000016c7c7000] [id=15875]
  0x000000011ef25cd0 WatcherThread [stack: 0x000000016e204000,0x000000016e407000] [id=25091]
  0x000000011ee07610 GCTaskThread "GC Thread#0" [stack: 0x000000016bb88000,0x000000016bd8b000] [id=12035]
  0x000000011ee3a6e0 GCTaskThread "GC Thread#1" [stack: 0x000000016ea34000,0x000000016ec37000] [id=74755]
  0x000000011ee3a990 GCTaskThread "GC Thread#2" [stack: 0x000000016ec40000,0x000000016ee43000] [id=74243]
  0x000000011ee3ac40 GCTaskThread "GC Thread#3" [stack: 0x000000016ee4c000,0x000000016f04f000] [id=58627]
  0x000000011ee3b0c0 GCTaskThread "GC Thread#4" [stack: 0x000000016f058000,0x000000016f25b000] [id=73987]
  0x000000011ee3b540 GCTaskThread "GC Thread#5" [stack: 0x000000016f264000,0x000000016f467000] [id=73475]
  0x000000011ee4d460 GCTaskThread "GC Thread#6" [stack: 0x000000016fa94000,0x000000016fc97000] [id=60163]
  0x000000011ee4d8e0 GCTaskThread "GC Thread#7" [stack: 0x000000016fca0000,0x000000016fea3000] [id=71171]
  0x000000011ee07cc0 ConcurrentGCThread "G1 Main Marker" [stack: 0x000000016bd94000,0x000000016bf97000] [id=19203]
  0x000000011ee08540 ConcurrentGCThread "G1 Conc#0" [stack: 0x000000016bfa0000,0x000000016c1a3000] [id=18179]
  0x000000011ee0a3b0 ConcurrentGCThread "G1 Refine#0" [stack: 0x000000016c1ac000,0x000000016c3af000] [id=12291]
  0x000000011ee0ac50 ConcurrentGCThread "G1 Service" [stack: 0x000000016c3b8000,0x000000016c5bb000] [id=12803]

Threads with active compile tasks:

VM state: not at safepoint (normal execution)

VM Mutex/Monitor currently owned by a thread: None

Heap address: 0x0000000780000000, size: 2048 MB, Compressed Oops mode: Zero based, Oop shift amount: 3

CDS archive(s) mapped at: [0x0000000800000000-0x0000000800bd8000-0x0000000800bd8000), size 12419072, SharedBaseAddress: 0x0000000800000000, ArchiveRelocationMode: 0.
Compressed class space mapped at: 0x0000000800c00000-0x0000000840c00000, reserved size: 1073741824
Narrow klass base: 0x0000000800000000, Narrow klass shift: 0, Narrow klass range: 0x100000000

GC Precious Log:
 CPUs: 8 total, 8 available
 Memory: 8192M
 Large Page Support: Disabled
 NUMA Support: Disabled
 Compressed Oops: Enabled (Zero based)
 Heap Region Size: 1M
 Heap Min Capacity: 8M
 Heap Initial Capacity: 128M
 Heap Max Capacity: 2G
 Pre-touch: Disabled
 Parallel Workers: 8
 Concurrent Workers: 2
 Concurrent Refinement Workers: 8
 Periodic GC: Disabled

Heap:
 garbage-first heap   total 133120K, used 30956K [0x0000000780000000, 0x0000000800000000)
  region size 1024K, 25 young (25600K), 6 survivors (6144K)
 Metaspace       used 15662K, committed 15872K, reserved 1064960K
  class space    used 2301K, committed 2368K, reserved 1048576K

Heap Regions: E=young(eden), S=young(survivor), O=old, HS=humongous(starts), HC=humongous(continues), CS=collection set, F=free, OA=open archive, CA=closed archive, TAMS=top-at-mark-start (previous, next)
|   0|0x0000000780000000, 0x0000000780100000, 0x0000000780100000|100%| O|  |TAMS 0x0000000780000000, 0x0000000780000000| Untracked 
|   1|0x0000000780100000, 0x0000000780143200, 0x0000000780200000| 26%| O|  |TAMS 0x0000000780100000, 0x0000000780100000| Untracked 
|   2|0x0000000780200000, 0x0000000780300000, 0x0000000780300000|100%|HS|  |TAMS 0x0000000780200000, 0x0000000780200000| Complete 
|   3|0x0000000780300000, 0x0000000780400000, 0x0000000780400000|100%|HC|  |TAMS 0x0000000780300000, 0x0000000780300000| Complete 
|   4|0x0000000780400000, 0x0000000780500000, 0x0000000780500000|100%|HS|  |TAMS 0x0000000780400000, 0x0000000780400000| Complete 
|   5|0x0000000780500000, 0x0000000780600000, 0x0000000780600000|100%|HC|  |TAMS 0x0000000780500000, 0x0000000780500000| Complete 
|   6|0x0000000780600000, 0x0000000780600000, 0x0000000780700000|  0%| F|  |TAMS 0x0000000780600000, 0x0000000780600000| Untracked 
|   7|0x0000000780700000, 0x0000000780700000, 0x0000000780800000|  0%| F|  |TAMS 0x0000000780700000, 0x0000000780700000| Untracked 
|   8|0x0000000780800000, 0x0000000780800000, 0x0000000780900000|  0%| F|  |TAMS 0x0000000780800000, 0x0000000780800000| Untracked 
|   9|0x0000000780900000, 0x0000000780900000, 0x0000000780a00000|  0%| F|  |TAMS 0x0000000780900000, 0x0000000780900000| Untracked 
|  10|0x0000000780a00000, 0x0000000780a00000, 0x0000000780b00000|  0%| F|  |TAMS 0x0000000780a00000, 0x0000000780a00000| Untracked 
|  11|0x0000000780b00000, 0x0000000780b00000, 0x0000000780c00000|  0%| F|  |TAMS 0x0000000780b00000, 0x0000000780b00000| Untracked 
|  12|0x0000000780c00000, 0x0000000780c00000, 0x0000000780d00000|  0%| F|  |TAMS 0x0000000780c00000, 0x0000000780c00000| Untracked 
|  13|0x0000000780d00000, 0x0000000780d00000, 0x0000000780e00000|  0%| F|  |TAMS 0x0000000780d00000, 0x0000000780d00000| Untracked 
|  14|0x0000000780e00000, 0x0000000780e00000, 0x0000000780f00000|  0%| F|  |TAMS 0x0000000780e00000, 0x0000000780e00000| Untracked 
|  15|0x0000000780f00000, 0x0000000780f00000, 0x0000000781000000|  0%| F|  |TAMS 0x0000000780f00000, 0x0000000780f00000| Untracked 
|  16|0x0000000781000000, 0x0000000781000000, 0x0000000781100000|  0%| F|  |TAMS 0x0000000781000000, 0x0000000781000000| Untracked 
|  17|0x0000000781100000, 0x0000000781100000, 0x0000000781200000|  0%| F|  |TAMS 0x0000000781100000, 0x0000000781100000| Untracked 
|  18|0x0000000781200000, 0x0000000781200000, 0x0000000781300000|  0%| F|  |TAMS 0x0000000781200000, 0x0000000781200000| Untracked 
|  19|0x0000000781300000, 0x0000000781300000, 0x0000000781400000|  0%| F|  |TAMS 0x0000000781300000, 0x0000000781300000| Untracked 
|  20|0x0000000781400000, 0x0000000781400000, 0x0000000781500000|  0%| F|  |TAMS 0x0000000781400000, 0x0000000781400000| Untracked 
|  21|0x0000000781500000, 0x0000000781500000, 0x0000000781600000|  0%| F|  |TAMS 0x0000000781500000, 0x0000000781500000| Untracked 
|  22|0x0000000781600000, 0x0000000781600000, 0x0000000781700000|  0%| F|  |TAMS 0x0000000781600000, 0x0000000781600000| Untracked 
|  23|0x0000000781700000, 0x0000000781700000, 0x0000000781800000|  0%| F|  |TAMS 0x0000000781700000, 0x0000000781700000| Untracked 
|  24|0x0000000781800000, 0x0000000781800000, 0x0000000781900000|  0%| F|  |TAMS 0x0000000781800000, 0x0000000781800000| Untracked 
|  25|0x0000000781900000, 0x0000000781900000, 0x0000000781a00000|  0%| F|  |TAMS 0x0000000781900000, 0x0000000781900000| Untracked 
|  26|0x0000000781a00000, 0x0000000781a00000, 0x0000000781b00000|  0%| F|  |TAMS 0x0000000781a00000, 0x0000000781a00000| Untracked 
|  27|0x0000000781b00000, 0x0000000781b00000, 0x0000000781c00000|  0%| F|  |TAMS 0x0000000781b00000, 0x0000000781b00000| Untracked 
|  28|0x0000000781c00000, 0x0000000781c00000, 0x0000000781d00000|  0%| F|  |TAMS 0x0000000781c00000, 0x0000000781c00000| Untracked 
|  29|0x0000000781d00000, 0x0000000781d00000, 0x0000000781e00000|  0%| F|  |TAMS 0x0000000781d00000, 0x0000000781d00000| Untracked 
|  30|0x0000000781e00000, 0x0000000781e00000, 0x0000000781f00000|  0%| F|  |TAMS 0x0000000781e00000, 0x0000000781e00000| Untracked 
|  31|0x0000000781f00000, 0x0000000781f00000, 0x0000000782000000|  0%| F|  |TAMS 0x0000000781f00000, 0x0000000781f00000| Untracked 
|  32|0x0000000782000000, 0x0000000782000000, 0x0000000782100000|  0%| F|  |TAMS 0x0000000782000000, 0x0000000782000000| Untracked 
|  33|0x0000000782100000, 0x0000000782100000, 0x0000000782200000|  0%| F|  |TAMS 0x0000000782100000, 0x0000000782100000| Untracked 
|  34|0x0000000782200000, 0x0000000782200000, 0x0000000782300000|  0%| F|  |TAMS 0x0000000782200000, 0x0000000782200000| Untracked 
|  35|0x0000000782300000, 0x0000000782300000, 0x0000000782400000|  0%| F|  |TAMS 0x0000000782300000, 0x0000000782300000| Untracked 
|  36|0x0000000782400000, 0x0000000782400000, 0x0000000782500000|  0%| F|  |TAMS 0x0000000782400000, 0x0000000782400000| Untracked 
|  37|0x0000000782500000, 0x0000000782500000, 0x0000000782600000|  0%| F|  |TAMS 0x0000000782500000, 0x0000000782500000| Untracked 
|  38|0x0000000782600000, 0x0000000782600000, 0x0000000782700000|  0%| F|  |TAMS 0x0000000782600000, 0x0000000782600000| Untracked 
|  39|0x0000000782700000, 0x0000000782700000, 0x0000000782800000|  0%| F|  |TAMS 0x0000000782700000, 0x0000000782700000| Untracked 
|  40|0x0000000782800000, 0x0000000782800000, 0x0000000782900000|  0%| F|  |TAMS 0x0000000782800000, 0x0000000782800000| Untracked 
|  41|0x0000000782900000, 0x0000000782900000, 0x0000000782a00000|  0%| F|  |TAMS 0x0000000782900000, 0x0000000782900000| Untracked 
|  42|0x0000000782a00000, 0x0000000782a00000, 0x0000000782b00000|  0%| F|  |TAMS 0x0000000782a00000, 0x0000000782a00000| Untracked 
|  43|0x0000000782b00000, 0x0000000782b00000, 0x0000000782c00000|  0%| F|  |TAMS 0x0000000782b00000, 0x0000000782b00000| Untracked 
|  44|0x0000000782c00000, 0x0000000782c00000, 0x0000000782d00000|  0%| F|  |TAMS 0x0000000782c00000, 0x0000000782c00000| Untracked 
|  45|0x0000000782d00000, 0x0000000782d00000, 0x0000000782e00000|  0%| F|  |TAMS 0x0000000782d00000, 0x0000000782d00000| Untracked 
|  46|0x0000000782e00000, 0x0000000782e00000, 0x0000000782f00000|  0%| F|  |TAMS 0x0000000782e00000, 0x0000000782e00000| Untracked 
|  47|0x0000000782f00000, 0x0000000782f00000, 0x0000000783000000|  0%| F|  |TAMS 0x0000000782f00000, 0x0000000782f00000| Untracked 
|  48|0x0000000783000000, 0x0000000783000000, 0x0000000783100000|  0%| F|  |TAMS 0x0000000783000000, 0x0000000783000000| Untracked 
|  49|0x0000000783100000, 0x0000000783100000, 0x0000000783200000|  0%| F|  |TAMS 0x0000000783100000, 0x0000000783100000| Untracked 
|  50|0x0000000783200000, 0x0000000783200000, 0x0000000783300000|  0%| F|  |TAMS 0x0000000783200000, 0x0000000783200000| Untracked 
|  51|0x0000000783300000, 0x0000000783300000, 0x0000000783400000|  0%| F|  |TAMS 0x0000000783300000, 0x0000000783300000| Untracked 
|  52|0x0000000783400000, 0x0000000783400000, 0x0000000783500000|  0%| F|  |TAMS 0x0000000783400000, 0x0000000783400000| Untracked 
|  53|0x0000000783500000, 0x0000000783500000, 0x0000000783600000|  0%| F|  |TAMS 0x0000000783500000, 0x0000000783500000| Untracked 
|  54|0x0000000783600000, 0x0000000783600000, 0x0000000783700000|  0%| F|  |TAMS 0x0000000783600000, 0x0000000783600000| Untracked 
|  55|0x0000000783700000, 0x0000000783700000, 0x0000000783800000|  0%| F|  |TAMS 0x0000000783700000, 0x0000000783700000| Untracked 
|  56|0x0000000783800000, 0x0000000783800000, 0x0000000783900000|  0%| F|  |TAMS 0x0000000783800000, 0x0000000783800000| Untracked 
|  57|0x0000000783900000, 0x0000000783900000, 0x0000000783a00000|  0%| F|  |TAMS 0x0000000783900000, 0x0000000783900000| Untracked 
|  58|0x0000000783a00000, 0x0000000783a00000, 0x0000000783b00000|  0%| F|  |TAMS 0x0000000783a00000, 0x0000000783a00000| Untracked 
|  59|0x0000000783b00000, 0x0000000783b00000, 0x0000000783c00000|  0%| F|  |TAMS 0x0000000783b00000, 0x0000000783b00000| Untracked 
|  60|0x0000000783c00000, 0x0000000783c00000, 0x0000000783d00000|  0%| F|  |TAMS 0x0000000783c00000, 0x0000000783c00000| Untracked 
|  61|0x0000000783d00000, 0x0000000783d00000, 0x0000000783e00000|  0%| F|  |TAMS 0x0000000783d00000, 0x0000000783d00000| Untracked 
|  62|0x0000000783e00000, 0x0000000783e00000, 0x0000000783f00000|  0%| F|  |TAMS 0x0000000783e00000, 0x0000000783e00000| Untracked 
|  63|0x0000000783f00000, 0x0000000783f00000, 0x0000000784000000|  0%| F|  |TAMS 0x0000000783f00000, 0x0000000783f00000| Untracked 
|  64|0x0000000784000000, 0x0000000784000000, 0x0000000784100000|  0%| F|  |TAMS 0x0000000784000000, 0x0000000784000000| Untracked 
|  65|0x0000000784100000, 0x0000000784100000, 0x0000000784200000|  0%| F|  |TAMS 0x0000000784100000, 0x0000000784100000| Untracked 
|  66|0x0000000784200000, 0x0000000784200000, 0x0000000784300000|  0%| F|  |TAMS 0x0000000784200000, 0x0000000784200000| Untracked 
|  67|0x0000000784300000, 0x0000000784300000, 0x0000000784400000|  0%| F|  |TAMS 0x0000000784300000, 0x0000000784300000| Untracked 
|  68|0x0000000784400000, 0x0000000784400000, 0x0000000784500000|  0%| F|  |TAMS 0x0000000784400000, 0x0000000784400000| Untracked 
|  69|0x0000000784500000, 0x0000000784500000, 0x0000000784600000|  0%| F|  |TAMS 0x0000000784500000, 0x0000000784500000| Untracked 
|  70|0x0000000784600000, 0x0000000784600000, 0x0000000784700000|  0%| F|  |TAMS 0x0000000784600000, 0x0000000784600000| Untracked 
|  71|0x0000000784700000, 0x0000000784700000, 0x0000000784800000|  0%| F|  |TAMS 0x0000000784700000, 0x0000000784700000| Untracked 
|  72|0x0000000784800000, 0x0000000784800000, 0x0000000784900000|  0%| F|  |TAMS 0x0000000784800000, 0x0000000784800000| Untracked 
|  73|0x0000000784900000, 0x0000000784900000, 0x0000000784a00000|  0%| F|  |TAMS 0x0000000784900000, 0x0000000784900000| Untracked 
|  74|0x0000000784a00000, 0x0000000784a00000, 0x0000000784b00000|  0%| F|  |TAMS 0x0000000784a00000, 0x0000000784a00000| Untracked 
|  75|0x0000000784b00000, 0x0000000784b00000, 0x0000000784c00000|  0%| F|  |TAMS 0x0000000784b00000, 0x0000000784b00000| Untracked 
|  76|0x0000000784c00000, 0x0000000784c00000, 0x0000000784d00000|  0%| F|  |TAMS 0x0000000784c00000, 0x0000000784c00000| Untracked 
|  77|0x0000000784d00000, 0x0000000784d00000, 0x0000000784e00000|  0%| F|  |TAMS 0x0000000784d00000, 0x0000000784d00000| Untracked 
|  78|0x0000000784e00000, 0x0000000784e00000, 0x0000000784f00000|  0%| F|  |TAMS 0x0000000784e00000, 0x0000000784e00000| Untracked 
|  79|0x0000000784f00000, 0x0000000784f00000, 0x0000000785000000|  0%| F|  |TAMS 0x0000000784f00000, 0x0000000784f00000| Untracked 
|  80|0x0000000785000000, 0x0000000785100000, 0x0000000785100000|100%| S|CS|TAMS 0x0000000785000000, 0x0000000785000000| Complete 
|  81|0x0000000785100000, 0x0000000785200000, 0x0000000785200000|100%| S|CS|TAMS 0x0000000785100000, 0x0000000785100000| Complete 
|  82|0x0000000785200000, 0x0000000785300000, 0x0000000785300000|100%| S|CS|TAMS 0x0000000785200000, 0x0000000785200000| Complete 
|  83|0x0000000785300000, 0x0000000785400000, 0x0000000785400000|100%| S|CS|TAMS 0x0000000785300000, 0x0000000785300000| Complete 
|  84|0x0000000785400000, 0x0000000785500000, 0x0000000785500000|100%| S|CS|TAMS 0x0000000785400000, 0x0000000785400000| Complete 
|  85|0x0000000785500000, 0x0000000785600000, 0x0000000785600000|100%| S|CS|TAMS 0x0000000785500000, 0x0000000785500000| Complete 
|  86|0x0000000785600000, 0x0000000785600000, 0x0000000785700000|  0%| F|  |TAMS 0x0000000785600000, 0x0000000785600000| Untracked 
|  87|0x0000000785700000, 0x0000000785700000, 0x0000000785800000|  0%| F|  |TAMS 0x0000000785700000, 0x0000000785700000| Untracked 
|  88|0x0000000785800000, 0x0000000785800000, 0x0000000785900000|  0%| F|  |TAMS 0x0000000785800000, 0x0000000785800000| Untracked 
|  89|0x0000000785900000, 0x0000000785900000, 0x0000000785a00000|  0%| F|  |TAMS 0x0000000785900000, 0x0000000785900000| Untracked 
|  90|0x0000000785a00000, 0x0000000785a00000, 0x0000000785b00000|  0%| F|  |TAMS 0x0000000785a00000, 0x0000000785a00000| Untracked 
|  91|0x0000000785b00000, 0x0000000785b00000, 0x0000000785c00000|  0%| F|  |TAMS 0x0000000785b00000, 0x0000000785b00000| Untracked 
|  92|0x0000000785c00000, 0x0000000785c00000, 0x0000000785d00000|  0%| F|  |TAMS 0x0000000785c00000, 0x0000000785c00000| Untracked 
|  93|0x0000000785d00000, 0x0000000785d00000, 0x0000000785e00000|  0%| F|  |TAMS 0x0000000785d00000, 0x0000000785d00000| Untracked 
|  94|0x0000000785e00000, 0x0000000785e00000, 0x0000000785f00000|  0%| F|  |TAMS 0x0000000785e00000, 0x0000000785e00000| Untracked 
|  95|0x0000000785f00000, 0x0000000785f00000, 0x0000000786000000|  0%| F|  |TAMS 0x0000000785f00000, 0x0000000785f00000| Untracked 
|  96|0x0000000786000000, 0x0000000786000000, 0x0000000786100000|  0%| F|  |TAMS 0x0000000786000000, 0x0000000786000000| Untracked 
|  97|0x0000000786100000, 0x0000000786100000, 0x0000000786200000|  0%| F|  |TAMS 0x0000000786100000, 0x0000000786100000| Untracked 
|  98|0x0000000786200000, 0x0000000786200000, 0x0000000786300000|  0%| F|  |TAMS 0x0000000786200000, 0x0000000786200000| Untracked 
|  99|0x0000000786300000, 0x0000000786300000, 0x0000000786400000|  0%| F|  |TAMS 0x0000000786300000, 0x0000000786300000| Untracked 
| 100|0x0000000786400000, 0x0000000786400000, 0x0000000786500000|  0%| F|  |TAMS 0x0000000786400000, 0x0000000786400000| Untracked 
| 101|0x0000000786500000, 0x0000000786500000, 0x0000000786600000|  0%| F|  |TAMS 0x0000000786500000, 0x0000000786500000| Untracked 
| 102|0x0000000786600000, 0x0000000786600000, 0x0000000786700000|  0%| F|  |TAMS 0x0000000786600000, 0x0000000786600000| Untracked 
| 103|0x0000000786700000, 0x0000000786700000, 0x0000000786800000|  0%| F|  |TAMS 0x0000000786700000, 0x0000000786700000| Untracked 
| 104|0x0000000786800000, 0x0000000786800000, 0x0000000786900000|  0%| F|  |TAMS 0x0000000786800000, 0x0000000786800000| Untracked 
| 105|0x0000000786900000, 0x0000000786900000, 0x0000000786a00000|  0%| F|  |TAMS 0x0000000786900000, 0x0000000786900000| Untracked 
| 106|0x0000000786a00000, 0x0000000786a00000, 0x0000000786b00000|  0%| F|  |TAMS 0x0000000786a00000, 0x0000000786a00000| Untracked 
| 107|0x0000000786b00000, 0x0000000786b00000, 0x0000000786c00000|  0%| F|  |TAMS 0x0000000786b00000, 0x0000000786b00000| Untracked 
| 108|0x0000000786c00000, 0x0000000786c00000, 0x0000000786d00000|  0%| F|  |TAMS 0x0000000786c00000, 0x0000000786c00000| Untracked 
| 109|0x0000000786d00000, 0x0000000786e00000, 0x0000000786e00000|100%| E|  |TAMS 0x0000000786d00000, 0x0000000786d00000| Complete 
| 110|0x0000000786e00000, 0x0000000786f00000, 0x0000000786f00000|100%| E|CS|TAMS 0x0000000786e00000, 0x0000000786e00000| Complete 
| 111|0x0000000786f00000, 0x0000000787000000, 0x0000000787000000|100%| E|CS|TAMS 0x0000000786f00000, 0x0000000786f00000| Complete 
| 112|0x0000000787000000, 0x0000000787100000, 0x0000000787100000|100%| E|CS|TAMS 0x0000000787000000, 0x0000000787000000| Complete 
| 113|0x0000000787100000, 0x0000000787200000, 0x0000000787200000|100%| E|CS|TAMS 0x0000000787100000, 0x0000000787100000| Complete 
| 114|0x0000000787200000, 0x0000000787300000, 0x0000000787300000|100%| E|CS|TAMS 0x0000000787200000, 0x0000000787200000| Complete 
| 115|0x0000000787300000, 0x0000000787400000, 0x0000000787400000|100%| E|CS|TAMS 0x0000000787300000, 0x0000000787300000| Complete 
| 116|0x0000000787400000, 0x0000000787500000, 0x0000000787500000|100%| E|CS|TAMS 0x0000000787400000, 0x0000000787400000| Complete 
| 117|0x0000000787500000, 0x0000000787600000, 0x0000000787600000|100%| E|CS|TAMS 0x0000000787500000, 0x0000000787500000| Complete 
| 118|0x0000000787600000, 0x0000000787700000, 0x0000000787700000|100%| E|CS|TAMS 0x0000000787600000, 0x0000000787600000| Complete 
| 119|0x0000000787700000, 0x0000000787800000, 0x0000000787800000|100%| E|CS|TAMS 0x0000000787700000, 0x0000000787700000| Complete 
| 120|0x0000000787800000, 0x0000000787900000, 0x0000000787900000|100%| E|CS|TAMS 0x0000000787800000, 0x0000000787800000| Complete 
| 121|0x0000000787900000, 0x0000000787a00000, 0x0000000787a00000|100%| E|CS|TAMS 0x0000000787900000, 0x0000000787900000| Complete 
| 122|0x0000000787a00000, 0x0000000787b00000, 0x0000000787b00000|100%| E|CS|TAMS 0x0000000787a00000, 0x0000000787a00000| Complete 
| 123|0x0000000787b00000, 0x0000000787c00000, 0x0000000787c00000|100%| E|CS|TAMS 0x0000000787b00000, 0x0000000787b00000| Complete 
| 124|0x0000000787c00000, 0x0000000787d00000, 0x0000000787d00000|100%| E|CS|TAMS 0x0000000787c00000, 0x0000000787c00000| Complete 
| 125|0x0000000787d00000, 0x0000000787e00000, 0x0000000787e00000|100%| E|CS|TAMS 0x0000000787d00000, 0x0000000787d00000| Complete 
| 126|0x0000000787e00000, 0x0000000787f00000, 0x0000000787f00000|100%| E|CS|TAMS 0x0000000787e00000, 0x0000000787e00000| Complete 
| 127|0x0000000787f00000, 0x0000000788000000, 0x0000000788000000|100%| E|CS|TAMS 0x0000000787f00000, 0x0000000787f00000| Complete 
|2046|0x00000007ffe00000, 0x00000007ffe78000, 0x00000007fff00000| 46%|OA|  |TAMS 0x00000007ffe00000, 0x00000007ffe00000| Untracked 
|2047|0x00000007fff00000, 0x00000007fff80000, 0x0000000800000000| 50%|CA|  |TAMS 0x00000007fff00000, 0x00000007fff00000| Untracked 

Card table byte_map: [0x0000000104e9c000,0x000000010529c000] _byte_map_base: 0x000000010129c000

Marking Bits (Prev, Next): (CMBitMap*) 0x000000011f033410, (CMBitMap*) 0x000000011f033450
 Prev Bits: [0x0000000130000000, 0x0000000132000000)
 Next Bits: [0x0000000132000000, 0x0000000134000000)

Polling page: 0x0000000104694000

Metaspace:

Usage:
  Non-class:     13.05 MB used.
      Class:      2.25 MB used.
       Both:     15.30 MB used.

Virtual space:
  Non-class space:       16.00 MB reserved,      13.19 MB ( 82%) committed,  2 nodes.
      Class space:        1.00 GB reserved,       2.31 MB ( <1%) committed,  1 nodes.
             Both:        1.02 GB reserved,      15.50 MB (  1%) committed. 

Chunk freelists:
   Non-Class:  2.66 MB
       Class:  1.57 MB
        Both:  4.23 MB

MaxMetaspaceSize: unlimited
CompressedClassSpaceSize: 1.00 GB
Initial GC threshold: 21.00 MB
Current GC threshold: 21.00 MB
CDS: on
MetaspaceReclaimPolicy: balanced
 - commit_granule_bytes: 65536.
 - commit_granule_words: 8192.
 - virtual_space_node_default_size: 1048576.
 - enlarge_chunks_in_place: 1.
 - new_chunks_are_fully_committed: 0.
 - uncommit_free_chunks: 1.
 - use_allocation_guard: 0.
 - handle_deallocations: 1.


Internal statistics:

num_allocs_failed_limit: 0.
num_arena_births: 196.
num_arena_deaths: 0.
num_vsnodes_births: 3.
num_vsnodes_deaths: 0.
num_space_committed: 248.
num_space_uncommitted: 0.
num_chunks_returned_to_freelist: 0.
num_chunks_taken_from_freelist: 674.
num_chunk_merges: 0.
num_chunk_splits: 493.
num_chunks_enlarged: 402.
num_purges: 0.
num_inconsistent_stats: 0.

CodeHeap 'non-profiled nmethods': size=120032Kb used=1354Kb max_used=1354Kb free=118677Kb
 bounds [0x0000000115a38000, 0x0000000115ca8000, 0x000000011cf70000]
CodeHeap 'profiled nmethods': size=120016Kb used=5574Kb max_used=5574Kb free=114441Kb
 bounds [0x000000010e504000, 0x000000010ea84000, 0x0000000115a38000]
CodeHeap 'non-nmethods': size=5712Kb used=1382Kb max_used=1465Kb free=4329Kb
 bounds [0x000000010df70000, 0x000000010e1e0000, 0x000000010e504000]
 total_blobs=3521 nmethods=2751 adapters=685
 compilation: enabled
              stopped_count=0, restarted_count=0
 full_count=0

Compilation events (20 events):
Event: 5.591 Thread 0x000000011f0b2e00 2806       3       com.sun.javafx.tk.quantum.QuantumToolkit$$Lambda$84/0x0000000800c38ce0::run (8 bytes)
Event: 5.592 Thread 0x000000011f0b2e00 nmethod 2806 0x000000010ea6a510 code [0x000000010ea6a700, 0x000000010ea6ab38]
Event: 5.592 Thread 0x000000011f0b2e00 2807   !   3       com.sun.javafx.tk.quantum.QuantumToolkit::lambda$runToolkit$12 (16 bytes)
Event: 5.592 Thread 0x000000011f0b2e00 nmethod 2807 0x000000010ea6ad10 code [0x000000010ea6af00, 0x000000010ea6b2b8]
Event: 5.636 Thread 0x000000011f0b2e00 2808       3       javafx.scene.Scene::getCursor (22 bytes)
Event: 5.637 Thread 0x000000011f0b2e00 nmethod 2808 0x000000010ea6b490 code [0x000000010ea6b680, 0x000000010ea6bb98]
Event: 5.637 Thread 0x000000011f0b2e00 2809       3       javafx.scene.Scene$MouseHandler::updateCursor (36 bytes)
Event: 5.637 Thread 0x000000011f0b2e00 nmethod 2809 0x000000010ea6bd10 code [0x000000010ea6bec0, 0x000000010ea6c2e8]
Event: 5.644 Thread 0x000000011f0b2e00 2810       3       javafx.scene.Scene$MouseHandler::process (793 bytes)
Event: 5.650 Thread 0x000000011f0b2e00 nmethod 2810 0x000000010ea6c410 code [0x000000010ea6cc80, 0x000000010ea70828]
Event: 5.650 Thread 0x000000011f0b2e00 2811       3       javafx.scene.Scene$TargetWrapper::getCursor (61 bytes)
Event: 5.652 Thread 0x000000011f0b2e00 nmethod 2811 0x000000010ea71910 code [0x000000010ea71c40, 0x000000010ea72f28]
Event: 5.675 Thread 0x000000011f0b2e00 2812       3       javafx.scene.CssStyleHelper::lookupInheritedFontProperty (158 bytes)
Event: 5.676 Thread 0x000000011f0b2e00 nmethod 2812 0x000000010ea73410 code [0x000000010ea73700, 0x000000010ea74488]
Event: 5.678 Thread 0x000000011f0b2e00 2813       1       com.sun.prism.impl.packrect.RectanglePacker::getBackingStore (5 bytes)
Event: 5.679 Thread 0x000000011f0b2e00 nmethod 2813 0x0000000115b8a610 code [0x0000000115b8a780, 0x0000000115b8a868]
Event: 5.696 Thread 0x000000011f0b2e00 2814       3       com.sun.prism.impl.BaseResourcePool$WeakLinkedList::getResource (11 bytes)
Event: 5.696 Thread 0x000000011f0b2e00 nmethod 2814 0x000000010ea74990 code [0x000000010ea74b40, 0x000000010ea74e68]
Event: 5.696 Thread 0x000000011f0b2e00 2815       3       com.sun.prism.impl.ManagedResource::_isgone (42 bytes)
Event: 5.696 Thread 0x000000011f0b2e00 nmethod 2815 0x000000010ea74f90 code [0x000000010ea751c0, 0x000000010ea75858]

GC Heap History (4 events):
Event: 0.750 GC heap before
{Heap before GC invocations=0 (full 0):
 garbage-first heap   total 133120K, used 23520K [0x0000000780000000, 0x0000000800000000)
  region size 1024K, 23 young (23552K), 0 survivors (0K)
 Metaspace       used 7508K, committed 7680K, reserved 1056768K
  class space    used 949K, committed 1024K, reserved 1048576K
}
Event: 0.752 GC heap after
{Heap after GC invocations=1 (full 0):
 garbage-first heap   total 133120K, used 4096K [0x0000000780000000, 0x0000000800000000)
  region size 1024K, 3 young (3072K), 3 survivors (3072K)
 Metaspace       used 7508K, committed 7680K, reserved 1056768K
  class space    used 949K, committed 1024K, reserved 1048576K
}
Event: 1.077 GC heap before
{Heap before GC invocations=1 (full 0):
 garbage-first heap   total 133120K, used 44032K [0x0000000780000000, 0x0000000800000000)
  region size 1024K, 42 young (43008K), 3 survivors (3072K)
 Metaspace       used 13579K, committed 13760K, reserved 1064960K
  class space    used 2115K, committed 2240K, reserved 1048576K
}
Event: 1.080 GC heap after
{Heap after GC invocations=2 (full 0):
 garbage-first heap   total 133120K, used 8428K [0x0000000780000000, 0x0000000800000000)
  region size 1024K, 6 young (6144K), 6 survivors (6144K)
 Metaspace       used 13579K, committed 13760K, reserved 1064960K
  class space    used 2115K, committed 2240K, reserved 1048576K
}

Deoptimization events (20 events):
Event: 1.961 Thread 0x000000011e069e00 DEOPT PACKING pc=0x0000000115b1d040 sp=0x000000016e6117b0
Event: 1.961 Thread 0x000000011e069e00 DEOPT UNPACKING pc=0x000000010dfaed1c sp=0x000000016e6115e0 mode 2
Event: 1.993 Thread 0x000000011e069e00 DEOPT PACKING pc=0x000000010e8f6f58 sp=0x000000016e6112c0
Event: 1.993 Thread 0x000000011e069e00 DEOPT UNPACKING pc=0x000000010dfaeb7c sp=0x000000016e610e70 mode 0
Event: 2.297 Thread 0x000000011e069e00 DEOPT PACKING pc=0x000000010e978158 sp=0x000000016e6112c0
Event: 2.297 Thread 0x000000011e069e00 DEOPT UNPACKING pc=0x000000010dfaeb7c sp=0x000000016e610f60 mode 0
Event: 2.298 Thread 0x000000011e069e00 DEOPT PACKING pc=0x000000010e978158 sp=0x000000016e6112c0
Event: 2.298 Thread 0x000000011e069e00 DEOPT UNPACKING pc=0x000000010dfaeb7c sp=0x000000016e610f60 mode 0
Event: 2.299 Thread 0x000000011e069e00 DEOPT PACKING pc=0x000000010e978158 sp=0x000000016e6112c0
Event: 2.299 Thread 0x000000011e069e00 DEOPT UNPACKING pc=0x000000010dfaeb7c sp=0x000000016e610f60 mode 0
Event: 2.306 Thread 0x000000011e069e00 DEOPT PACKING pc=0x000000010e978158 sp=0x000000016e6115d0
Event: 2.306 Thread 0x000000011e069e00 DEOPT UNPACKING pc=0x000000010dfaeb7c sp=0x000000016e611270 mode 0
Event: 2.677 Thread 0x000000011e069e00 DEOPT PACKING pc=0x000000010e966424 sp=0x000000016e6113e0
Event: 2.677 Thread 0x000000011e069e00 DEOPT UNPACKING pc=0x000000010dfaeb7c sp=0x000000016e610fe0 mode 0
Event: 3.669 Thread 0x000000011e069e00 Uncommon trap: trap_request=0xffffff45 fr.pc=0x0000000115b088b4 relative=0x00000000000005f4
Event: 3.669 Thread 0x000000011e069e00 Uncommon trap: reason=unstable_if action=reinterpret pc=0x0000000115b088b4 method=com.sun.marlin.MaskMarlinAlphaConsumer.setAndClearRelativeAlphas([I[IIII)V @ 414 c2
Event: 3.669 Thread 0x000000011e069e00 DEOPT PACKING pc=0x0000000115b088b4 sp=0x000000016e611260
Event: 3.669 Thread 0x000000011e069e00 DEOPT UNPACKING pc=0x000000010dfaed1c sp=0x000000016e611170 mode 2
Event: 4.844 Thread 0x000000011e069e00 DEOPT PACKING pc=0x000000010e9d69f4 sp=0x000000016e611220
Event: 4.844 Thread 0x000000011e069e00 DEOPT UNPACKING pc=0x000000010dfaeb7c sp=0x000000016e610e80 mode 0

Classes unloaded (0 events):
No events

Classes redefined (0 events):
No events

Internal exceptions (20 events):
Event: 0.712 Thread 0x000000011f1cf800 Exception <a 'java/lang/NoSuchMethodError'{0x0000000786ba0468}: 'java.lang.Object java.lang.invoke.DirectMethodHandle$Holder.invokeSpecial(java.lang.Object, java.lang.Object, java.lang.Object, int, java.lang.Object)'> (0x0000000786ba0468) 
thrown [open/src/hotspot/share/interpreter/linkResolver.cpp, line 766]
Event: 0.773 Thread 0x000000011f1cf800 Exception <a 'java/lang/NoSuchMethodError'{0x0000000787cf9978}: 'void java.lang.invoke.DirectMethodHandle$Holder.invokeStaticInit(java.lang.Object, java.lang.Object)'> (0x0000000787cf9978) 
thrown [open/src/hotspot/share/interpreter/linkResolver.cpp, line 766]
Event: 0.795 Thread 0x000000011f1cf800 Exception <a 'java/lang/NoSuchMethodError'{0x00000007879627f0}: 'void java.lang.invoke.DirectMethodHandle$Holder.invokeSpecial(java.lang.Object, java.lang.Object, java.lang.Object, java.lang.Object, java.lang.Object)'> (0x00000007879627f0) 
thrown [open/src/hotspot/share/interpreter/linkResolver.cpp, line 766]
Event: 0.819 Thread 0x000000011f1cf800 Exception <a 'sun/nio/fs/UnixException'{0x00000007876ae290}> (0x00000007876ae290) 
thrown [open/src/hotspot/share/prims/jni.cpp, line 516]
Event: 0.830 Thread 0x000000011f1cf800 Implicit null exception at 0x0000000115a84290 to 0x0000000115a8471c
Event: 0.830 Thread 0x000000011f1cf800 Implicit null exception at 0x0000000115a830d0 to 0x0000000115a8354c
Event: 0.830 Thread 0x000000011f1cf800 Implicit null exception at 0x0000000115a49fd4 to 0x0000000115a4a040
Event: 0.959 Thread 0x000000011f1cf800 Exception <a 'java/lang/NoSuchMethodError'{0x00000007870f8448}: 'java.lang.Object java.lang.invoke.DirectMethodHandle$Holder.invokeInterface(java.lang.Object, java.lang.Object, java.lang.Object)'> (0x00000007870f8448) 
thrown [open/src/hotspot/share/interpreter/linkResolver.cpp, line 766]
Event: 0.959 Thread 0x000000011f1cf800 Exception <a 'java/lang/IncompatibleClassChangeError'{0x00000007870fbdd0}: Found class java.lang.Object, but interface was expected> (0x00000007870fbdd0) 
thrown [open/src/hotspot/share/interpreter/linkResolver.cpp, line 833]
Event: 0.985 Thread 0x000000011f1cf800 Exception <a 'java/lang/ClassNotFoundException'{0x0000000786dbcec8}: com/sun/javafx/scene/control/skin/resources/controls> (0x0000000786dbcec8) 
thrown [open/src/hotspot/share/prims/jni.cpp, line 535]
Event: 0.985 Thread 0x000000011f1cf800 Exception <a 'java/lang/ClassNotFoundException'{0x0000000786dcae68}: com/sun/javafx/scene/control/skin/resources/controls_en> (0x0000000786dcae68) 
thrown [open/src/hotspot/share/prims/jni.cpp, line 535]
Event: 0.985 Thread 0x000000011f1cf800 Exception <a 'java/lang/ClassNotFoundException'{0x0000000786dcbe00}: com/sun/javafx/scene/control/skin/resources/controls_en_NZ> (0x0000000786dcbe00) 
thrown [open/src/hotspot/share/prims/jni.cpp, line 535]
Event: 0.995 Thread 0x000000011f1cf800 Exception <a 'java/lang/NoSuchMethodError'{0x0000000786b4f4f8}: 'void java.lang.invoke.DirectMethodHandle$Holder.invokeSpecial(java.lang.Object, java.lang.Object, java.lang.Object, java.lang.Object, java.lang.Object, java.lang.Object)'> (0x0000000786b4f4f8) 
thrown [open/src/hotspot/share/interpreter/linkResolver.cpp, line 766]
Event: 1.042 Thread 0x000000011f1cf800 Exception <a 'java/lang/NoSuchMethodError'{0x000000078628b360}: 'java.lang.Object java.lang.invoke.DirectMethodHandle$Holder.newInvokeSpecial(java.lang.Object, java.lang.Object, int, int)'> (0x000000078628b360) 
thrown [open/src/hotspot/share/interpreter/linkResolver.cpp, line 766]
Event: 1.047 Thread 0x000000011f1cf800 Exception <a 'java/lang/NoSuchMethodError'{0x000000078629f2d0}: 'java.lang.Object java.lang.invoke.DirectMethodHandle$Holder.newInvokeSpecial(java.lang.Object, java.lang.Object, int)'> (0x000000078629f2d0) 
thrown [open/src/hotspot/share/interpreter/linkResolver.cpp, line 766]
Event: 1.144 Thread 0x000000011e069e00 Exception <a 'java/lang/NoSuchMethodError'{0x00000007874e6be0}: 'int java.lang.invoke.DirectMethodHandle$Holder.invokeStaticInit(java.lang.Object, java.lang.Object)'> (0x00000007874e6be0) 
thrown [open/src/hotspot/share/interpreter/linkResolver.cpp, line 766]
Event: 3.660 Thread 0x000000011f1cf800 Exception <a 'java/lang/NoSuchMethodError'{0x0000000786f7abb8}: 'long java.lang.invoke.DirectMethodHandle$Holder.invokeStatic(java.lang.Object, java.lang.Object, java.lang.Object)'> (0x0000000786f7abb8) 
thrown [open/src/hotspot/share/interpreter/linkResolver.cpp, line 766]
Event: 3.660 Thread 0x000000011f1cf800 Exception <a 'java/lang/NoSuchMethodError'{0x0000000786f7e360}: 'long java.lang.invoke.DirectMethodHandle$Holder.invokeStaticInit(java.lang.Object, java.lang.Object, java.lang.Object)'> (0x0000000786f7e360) 
thrown [open/src/hotspot/share/interpreter/linkResolver.cpp, line 766]
Event: 3.662 Thread 0x000000011f1cf800 Exception <a 'java/lang/NoSuchMethodError'{0x0000000786fe9818}: 'java.lang.Object java.lang.invoke.DirectMethodHandle$Holder.newInvokeSpecial(java.lang.Object, java.lang.Object, long)'> (0x0000000786fe9818) 
thrown [open/src/hotspot/share/interpreter/linkResolver.cpp, line 766]
Event: 3.663 Thread 0x000000011f1cf800 Exception <a 'java/lang/NoSuchMethodError'{0x0000000786fed0e0}: 'java.lang.Object java.lang.invoke.Invokers$Holder.linkToTargetMethod(java.lang.Object, long, java.lang.Object)'> (0x0000000786fed0e0) 
thrown [open/src/hotspot/share/interpreter/linkResolver.cpp, line 766]

VM Operations (20 events):
Event: 0.952 Executing VM operation: HandshakeAllThreads
Event: 0.952 Executing VM operation: HandshakeAllThreads done
Event: 0.953 Executing VM operation: ICBufferFull
Event: 0.954 Executing VM operation: ICBufferFull done
Event: 1.005 Executing VM operation: ICBufferFull
Event: 1.005 Executing VM operation: ICBufferFull done
Event: 1.041 Executing VM operation: ICBufferFull
Event: 1.041 Executing VM operation: ICBufferFull done
Event: 1.077 Executing VM operation: G1CollectForAllocation
Event: 1.080 Executing VM operation: G1CollectForAllocation done
Event: 1.220 Executing VM operation: HandshakeAllThreads
Event: 1.220 Executing VM operation: HandshakeAllThreads done
Event: 2.225 Executing VM operation: Cleanup
Event: 2.225 Executing VM operation: Cleanup done
Event: 3.229 Executing VM operation: Cleanup
Event: 3.229 Executing VM operation: Cleanup done
Event: 4.234 Executing VM operation: Cleanup
Event: 4.234 Executing VM operation: Cleanup done
Event: 5.059 Executing VM operation: ICBufferFull
Event: 5.059 Executing VM operation: ICBufferFull done

Events (20 events):
Event: 4.288 Thread 0x000000011d1e6200 Thread added: 0x000000011d1e6200
Event: 4.288 Protecting memory [0x0000000281df8000,0x0000000281e04000] with protection modes 0
Event: 4.425 Protecting memory [0x0000000281df8000,0x0000000281e04000] with protection modes 3
Event: 4.425 Thread 0x000000011d1e6200 Thread exited: 0x000000011d1e6200
Event: 4.425 Protecting memory [0x0000000281bec000,0x0000000281bf8000] with protection modes 3
Event: 4.425 Thread 0x000000011f9f6000 Thread exited: 0x000000011f9f6000
Event: 4.443 Thread 0x000000011e257a00 Thread added: 0x000000011e257a00
Event: 4.443 Protecting memory [0x0000000281bec000,0x0000000281bf8000] with protection modes 0
Event: 4.466 Thread 0x000000011f46d600 Thread added: 0x000000011f46d600
Event: 4.466 Protecting memory [0x0000000281df8000,0x0000000281e04000] with protection modes 0
Event: 4.588 Protecting memory [0x0000000281df8000,0x0000000281e04000] with protection modes 3
Event: 4.588 Thread 0x000000011f46d600 Thread exited: 0x000000011f46d600
Event: 4.595 Thread 0x000000011e088a00 Thread added: 0x000000011e088a00
Event: 4.595 Protecting memory [0x0000000281df8000,0x0000000281e04000] with protection modes 0
Event: 4.760 loading class jdk/internal/misc/ScopedMemoryAccess$Scope
Event: 4.760 loading class jdk/internal/misc/ScopedMemoryAccess$Scope done
Event: 4.992 Protecting memory [0x0000000281df8000,0x0000000281e04000] with protection modes 3
Event: 4.992 Protecting memory [0x0000000281bec000,0x0000000281bf8000] with protection modes 3
Event: 4.992 Thread 0x000000011e088a00 Thread exited: 0x000000011e088a00
Event: 4.992 Thread 0x000000011e257a00 Thread exited: 0x000000011e257a00


Dynamic libraries:
0x0000000104644000 	/Library/Java/JavaVirtualMachines/jdk-17.0.2.jdk/Contents/Home/lib/libjli.dylib
0x00000001b66c9000 	/usr/lib/libz.1.dylib
0x00000001b6779000 	/usr/lib/libSystem.B.dylib
0x00000001b6773000 	/usr/lib/system/libcache.dylib
0x00000001b6731000 	/usr/lib/system/libcommonCrypto.dylib
0x00000001b675a000 	/usr/lib/system/libcompiler_rt.dylib
0x00000001b6751000 	/usr/lib/system/libcopyfile.dylib
0x00000001abab2000 	/usr/lib/system/libcorecrypto.dylib
0x00000001abb57000 	/usr/lib/system/libdispatch.dylib
0x00000001abd1f000 	/usr/lib/system/libdyld.dylib
0x00000001b6769000 	/usr/lib/system/libkeymgr.dylib
0x00000001b6713000 	/usr/lib/system/libmacho.dylib
0x00000001b5e13000 	/usr/lib/system/libquarantine.dylib
0x00000001b6766000 	/usr/lib/system/libremovefile.dylib
0x00000001b0eb1000 	/usr/lib/system/libsystem_asl.dylib
0x00000001aba5c000 	/usr/lib/system/libsystem_blocks.dylib
0x00000001abbdd000 	/usr/lib/system/libsystem_c.dylib
0x00000001b675e000 	/usr/lib/system/libsystem_collections.dylib
0x00000001b52d2000 	/usr/lib/system/libsystem_configuration.dylib
0x00000001b4556000 	/usr/lib/system/libsystem_containermanager.dylib
0x00000001b647a000 	/usr/lib/system/libsystem_coreservices.dylib
0x00000001ae443000 	/usr/lib/system/libsystem_darwin.dylib
0x00000001b676a000 	/usr/lib/system/libsystem_dnssd.dylib
0x00000001abbda000 	/usr/lib/system/libsystem_featureflags.dylib
0x00000001abd34000 	/usr/lib/system/libsystem_info.dylib
0x00000001b66db000 	/usr/lib/system/libsystem_m.dylib
0x00000001abb2c000 	/usr/lib/system/libsystem_malloc.dylib
0x00000001b0e42000 	/usr/lib/system/libsystem_networkextension.dylib
0x00000001ae897000 	/usr/lib/system/libsystem_notify.dylib
0x00000001bc97d000 	/usr/lib/system/libsystem_product_info_filter.dylib
0x00000001b52d7000 	/usr/lib/system/libsystem_sandbox.dylib
0x00000001b6763000 	/usr/lib/system/libsystem_secinit.dylib
0x00000001abcdc000 	/usr/lib/system/libsystem_kernel.dylib
0x00000001abd2c000 	/usr/lib/system/libsystem_platform.dylib
0x00000001abd12000 	/usr/lib/system/libsystem_pthread.dylib
0x00000001b25ee000 	/usr/lib/system/libsystem_symptoms.dylib
0x00000001aba98000 	/usr/lib/system/libsystem_trace.dylib
0x00000001b673e000 	/usr/lib/system/libunwind.dylib
0x00000001aba5e000 	/usr/lib/system/libxpc.dylib
0x00000001abcc2000 	/usr/lib/libc++abi.dylib
0x00000001abb9e000 	/usr/lib/libobjc.A.dylib
0x00000001b6749000 	/usr/lib/liboah.dylib
0x00000001abc5e000 	/usr/lib/libc++.1.dylib
0x00000001c237e000 	/System/Library/Frameworks/Cocoa.framework/Versions/A/Cocoa
0x00000001ae8f7000 	/System/Library/Frameworks/AppKit.framework/Versions/C/AppKit
0x00000001b1e2d000 	/System/Library/Frameworks/CoreData.framework/Versions/A/CoreData
0x00000001acc54000 	/System/Library/Frameworks/Foundation.framework/Versions/C/Foundation
0x00000001af7ae000 	/System/Library/PrivateFrameworks/UIFoundation.framework/Versions/A/UIFoundation
0x00000001bc677000 	/System/Library/PrivateFrameworks/RemoteViewServices.framework/Versions/A/RemoteViewServices
0x00000001b4c90000 	/System/Library/PrivateFrameworks/XCTTargetBootstrap.framework/Versions/A/XCTTargetBootstrap
0x00000001b847a000 	/System/Library/PrivateFrameworks/InternationalSupport.framework/Versions/A/InternationalSupport
0x00000001b8503000 	/System/Library/PrivateFrameworks/UserActivity.framework/Versions/A/UserActivity
0x00000001b79a8000 	/usr/lib/libspindump.dylib
0x00000001afa1e000 	/System/Library/Frameworks/UniformTypeIdentifiers.framework/Versions/A/UniformTypeIdentifiers
0x00000001b321d000 	/usr/lib/libapp_launch_measurement.dylib
0x00000001b2795000 	/System/Library/PrivateFrameworks/CoreAnalytics.framework/Versions/A/CoreAnalytics
0x00000001b3220000 	/System/Library/PrivateFrameworks/CoreAutoLayout.framework/Versions/A/CoreAutoLayout
0x00000001b4593000 	/System/Library/Frameworks/Metal.framework/Versions/A/Metal
0x00000001b52e2000 	/usr/lib/liblangid.dylib
0x00000001b4c94000 	/System/Library/PrivateFrameworks/CoreSVG.framework/Versions/A/CoreSVG
0x00000001b0ee5000 	/System/Library/PrivateFrameworks/SkyLight.framework/Versions/A/SkyLight
0x00000001b12b2000 	/System/Library/Frameworks/CoreGraphics.framework/Versions/A/CoreGraphics
0x00000001bccf5000 	/System/Library/Frameworks/Accelerate.framework/Versions/A/Accelerate
0x00000001b741c000 	/System/Library/PrivateFrameworks/IconServices.framework/Versions/A/IconServices
0x00000001b4575000 	/System/Library/Frameworks/IOSurface.framework/Versions/A/IOSurface
0x00000001b27c5000 	/usr/lib/libDiagnosticMessagesClient.dylib
0x00000001c013e000 	/System/Library/Frameworks/ApplicationServices.framework/Versions/A/ApplicationServices
0x00000001b4c78000 	/System/Library/PrivateFrameworks/DFRFoundation.framework/Versions/A/DFRFoundation
0x00000001ae198000 	/usr/lib/libicucore.A.dylib
0x00000001b927b000 	/System/Library/Frameworks/AudioToolbox.framework/Versions/A/AudioToolbox
0x00000001b8486000 	/System/Library/PrivateFrameworks/DataDetectorsCore.framework/Versions/A/DataDetectorsCore
0x00000001ce5d4000 	/System/Library/PrivateFrameworks/TextInput.framework/Versions/A/TextInput
0x00000001b0e5c000 	/usr/lib/libMobileGestalt.dylib
0x00000001b4948000 	/System/Library/Frameworks/Carbon.framework/Versions/A/Frameworks/HIToolbox.framework/Versions/A/HIToolbox
0x00000001b2c26000 	/System/Library/Frameworks/QuartzCore.framework/Versions/A/QuartzCore
0x00000001ade15000 	/System/Library/Frameworks/Security.framework/Versions/A/Security
0x00000001bc6b7000 	/System/Library/Frameworks/Carbon.framework/Versions/A/Frameworks/SpeechRecognition.framework/Versions/A/SpeechRecognition
0x00000001b2f74000 	/System/Library/PrivateFrameworks/CoreUI.framework/Versions/A/CoreUI
0x00000001ad6e6000 	/System/Library/Frameworks/CoreAudio.framework/Versions/A/CoreAudio
0x00000001b28b9000 	/System/Library/Frameworks/DiskArbitration.framework/Versions/A/DiskArbitration
0x00000001b7d8d000 	/System/Library/PrivateFrameworks/MultitouchSupport.framework/Versions/A/MultitouchSupport
0x00000001b0e5a000 	/usr/lib/libenergytrace.dylib
0x00000001ae7c1000 	/System/Library/Frameworks/IOKit.framework/Versions/A/IOKit
0x00000001bcaa0000 	/System/Library/Frameworks/CoreServices.framework/Versions/A/CoreServices
0x00000001b31ad000 	/System/Library/PrivateFrameworks/PerformanceAnalysis.framework/Versions/A/PerformanceAnalysis
0x000000020d181000 	/System/Library/Frameworks/OpenGL.framework/Versions/A/OpenGL
0x00000001b5d33000 	/System/Library/PrivateFrameworks/MobileKeyBag.framework/Versions/A/MobileKeyBag
0x00000001b18c2000 	/System/Library/Frameworks/ColorSync.framework/Versions/A/ColorSync
0x00000001abd60000 	/System/Library/Frameworks/CoreFoundation.framework/Versions/A/CoreFoundation
0x00000001b4f15000 	/System/Library/Frameworks/CoreImage.framework/Versions/A/CoreImage
0x00000001ad509000 	/System/Library/Frameworks/CoreText.framework/Versions/A/CoreText
0x00000001b4cc4000 	/System/Library/Frameworks/ImageIO.framework/Versions/A/ImageIO
0x00000001b677f000 	/System/Library/PrivateFrameworks/SoftLinking.framework/Versions/A/SoftLinking
0x00000001b326a000 	/usr/lib/libxml2.2.dylib
0x00000001b6a18000 	/usr/lib/libcompression.dylib
0x00000001b83d3000 	/System/Library/PrivateFrameworks/TextureIO.framework/Versions/A/TextureIO
0x00000001b7136000 	/usr/lib/libate.dylib
0x00000001b6ffe000 	/usr/lib/liblzma.5.dylib
0x00000001ac948000 	/System/Library/Frameworks/SystemConfiguration.framework/Versions/A/SystemConfiguration
0x00000001b677b000 	/usr/lib/libfakelink.dylib
0x00000001b0989000 	/System/Library/Frameworks/CFNetwork.framework/Versions/A/CFNetwork
0x00000001b68c2000 	/usr/lib/libarchive.2.dylib
0x00000001b52de000 	/System/Library/PrivateFrameworks/AppleSystemInfo.framework/Versions/A/AppleSystemInfo
0x00000001b5e3e000 	/usr/lib/libbsm.0.dylib
0x00000001afec1000 	/usr/lib/libnetwork.dylib
0x00000001b6719000 	/usr/lib/system/libkxld.dylib
0x00000001b5a55000 	/System/Library/PrivateFrameworks/IOMobileFramebuffer.framework/Versions/A/IOMobileFramebuffer
0x0000000228fb2000 	/usr/lib/libCoreEntitlements.dylib
0x00000001b645c000 	/System/Library/PrivateFrameworks/AppleFSCompression.framework/Versions/A/AppleFSCompression
0x00000001b5e26000 	/usr/lib/libcoretls.dylib
0x00000001b7017000 	/usr/lib/libcoretls_cfhelpers.dylib
0x00000001b6a13000 	/usr/lib/libpam.2.dylib
0x00000001b2216000 	/usr/lib/libsqlite3.dylib
0x00000001b707f000 	/usr/lib/libxar.1.dylib
0x00000001b646d000 	/usr/lib/libbz2.1.0.dylib
0x00000001b6780000 	/usr/lib/libpcap.A.dylib
0x00000001b25e5000 	/usr/lib/libdns_services.dylib
0x00000001b69e6000 	/usr/lib/libapple_nghttp2.dylib
0x00000001b67bd000 	/usr/lib/libiconv.2.dylib
0x00000001b6712000 	/usr/lib/libcharset.1.dylib
0x00000001b31e9000 	/System/Library/Frameworks/CoreServices.framework/Versions/A/Frameworks/FSEvents.framework/Versions/A/FSEvents
0x00000001ae44e000 	/System/Library/Frameworks/CoreServices.framework/Versions/A/Frameworks/CarbonCore.framework/Versions/A/CarbonCore
0x00000001b281c000 	/System/Library/Frameworks/CoreServices.framework/Versions/A/Frameworks/Metadata.framework/Versions/A/Metadata
0x00000001b6480000 	/System/Library/Frameworks/CoreServices.framework/Versions/A/Frameworks/OSServices.framework/Versions/A/OSServices
0x00000001b6948000 	/System/Library/Frameworks/CoreServices.framework/Versions/A/Frameworks/SearchKit.framework/Versions/A/SearchKit
0x00000001b2573000 	/System/Library/Frameworks/CoreServices.framework/Versions/A/Frameworks/AE.framework/Versions/A/AE
0x00000001ac2a4000 	/System/Library/Frameworks/CoreServices.framework/Versions/A/Frameworks/LaunchServices.framework/Versions/A/LaunchServices
0x00000001b6fa7000 	/System/Library/Frameworks/CoreServices.framework/Versions/A/Frameworks/DictionaryServices.framework/Versions/A/DictionaryServices
0x00000001b31f6000 	/System/Library/Frameworks/CoreServices.framework/Versions/A/Frameworks/SharedFileList.framework/Versions/A/SharedFileList
0x00000001b5e16000 	/usr/lib/libCheckFix.dylib
0x00000001b0ec9000 	/System/Library/PrivateFrameworks/TCC.framework/Versions/A/TCC
0x00000001b52e4000 	/System/Library/PrivateFrameworks/CoreNLP.framework/Versions/A/CoreNLP
0x00000001b27c8000 	/System/Library/PrivateFrameworks/MetadataUtilities.framework/Versions/A/MetadataUtilities
0x00000001aca01000 	/usr/lib/libmecabra.dylib
0x00000001b5e4f000 	/usr/lib/libmecab.dylib
0x00000001ac9cd000 	/usr/lib/libCRFSuite.dylib
0x00000001b5ead000 	/usr/lib/libgermantok.dylib
0x00000001b69bf000 	/usr/lib/libThaiTokenizer.dylib
0x00000001b28c1000 	/System/Library/Frameworks/Accelerate.framework/Versions/A/Frameworks/vImage.framework/Versions/A/vImage
0x00000001bca77000 	/System/Library/Frameworks/Accelerate.framework/Versions/A/Frameworks/vecLib.framework/Versions/A/vecLib
0x00000001b70c3000 	/System/Library/Frameworks/Accelerate.framework/Versions/A/Frameworks/vecLib.framework/Versions/A/libvMisc.dylib
0x00000001b595f000 	/System/Library/Frameworks/Accelerate.framework/Versions/A/Frameworks/vecLib.framework/Versions/A/libvDSP.dylib
0x00000001ac627000 	/System/Library/Frameworks/Accelerate.framework/Versions/A/Frameworks/vecLib.framework/Versions/A/libBLAS.dylib
0x00000001b6ae7000 	/System/Library/Frameworks/Accelerate.framework/Versions/A/Frameworks/vecLib.framework/Versions/A/libLAPACK.dylib
0x00000001b5eb0000 	/System/Library/Frameworks/Accelerate.framework/Versions/A/Frameworks/vecLib.framework/Versions/A/libLinearAlgebra.dylib
0x00000001b69fe000 	/System/Library/Frameworks/Accelerate.framework/Versions/A/Frameworks/vecLib.framework/Versions/A/libSparseBLAS.dylib
0x00000001b6ae2000 	/System/Library/Frameworks/Accelerate.framework/Versions/A/Frameworks/vecLib.framework/Versions/A/libQuadrature.dylib
0x00000001b53db000 	/System/Library/Frameworks/Accelerate.framework/Versions/A/Frameworks/vecLib.framework/Versions/A/libBNNS.dylib
0x00000001ac8e5000 	/System/Library/Frameworks/Accelerate.framework/Versions/A/Frameworks/vecLib.framework/Versions/A/libSparse.dylib
0x00000001b53d3000 	/System/Library/PrivateFrameworks/LinguisticData.framework/Versions/A/LinguisticData
0x00000001ac89b000 	/System/Library/PrivateFrameworks/Lexicon.framework/Versions/A/Lexicon
0x00000001b70bb000 	/usr/lib/libChineseTokenizer.dylib
0x00000001ad042000 	/System/Library/PrivateFrameworks/LanguageModeling.framework/Versions/A/LanguageModeling
0x00000001b69c1000 	/System/Library/PrivateFrameworks/AppleSauce.framework/Versions/A/AppleSauce
0x00000001b5a42000 	/System/Library/PrivateFrameworks/CoreEmoji.framework/Versions/A/CoreEmoji
0x00000001b68b0000 	/usr/lib/libcmph.dylib
0x00000001b31c9000 	/System/Library/Frameworks/OpenDirectory.framework/Versions/A/Frameworks/CFOpenDirectory.framework/Versions/A/CFOpenDirectory
0x00000001b31b9000 	/System/Library/Frameworks/OpenDirectory.framework/Versions/A/OpenDirectory
0x00000001b7019000 	/System/Library/PrivateFrameworks/APFS.framework/Versions/A/APFS
0x00000001b5d6e000 	/System/Library/Frameworks/SecurityFoundation.framework/Versions/A/SecurityFoundation
0x00000001b708d000 	/usr/lib/libutil.dylib
0x00000001ae783000 	/System/Library/PrivateFrameworks/CoreServicesStore.framework/Versions/A/CoreServicesStore
0x00000001b7091000 	/usr/lib/libxslt.1.dylib
0x00000001b5e02000 	/System/Library/PrivateFrameworks/BackgroundTaskManagement.framework/Versions/A/BackgroundTaskManagement
0x00000001b82f4000 	/System/Library/Frameworks/ImageIO.framework/Versions/A/Resources/libRadiance.dylib
0x00000001b82fd000 	/System/Library/Frameworks/ImageIO.framework/Versions/A/Resources/libJPEG.dylib
0x00000001b824f000 	/System/Library/Frameworks/ImageIO.framework/Versions/A/Resources/libPng.dylib
0x00000001b8271000 	/System/Library/Frameworks/ImageIO.framework/Versions/A/Resources/libTIFF.dylib
0x00000001b8358000 	/System/Library/Frameworks/ImageIO.framework/Versions/A/Resources/libGIF.dylib
0x00000001b7c9d000 	/System/Library/Frameworks/ImageIO.framework/Versions/A/Resources/libJP2.dylib
0x00000001b73e2000 	/usr/lib/libexpat.1.dylib
0x00000001b7c58000 	/System/Library/PrivateFrameworks/AppleJPEG.framework/Versions/A/AppleJPEG
0x00000001b4807000 	/System/Library/PrivateFrameworks/FontServices.framework/libFontParser.dylib
0x00000001b2518000 	/System/Library/PrivateFrameworks/RunningBoardServices.framework/Versions/A/RunningBoardServices
0x00000001c29f4000 	/System/Library/PrivateFrameworks/IOSurfaceAccelerator.framework/Versions/A/IOSurfaceAccelerator
0x00000001b7d89000 	/System/Library/PrivateFrameworks/WatchdogClient.framework/Versions/A/WatchdogClient
0x00000001ad146000 	/System/Library/Frameworks/CoreDisplay.framework/Versions/A/CoreDisplay
0x00000001b46f5000 	/System/Library/Frameworks/CoreMedia.framework/Versions/A/CoreMedia
0x00000001b4589000 	/System/Library/PrivateFrameworks/IOAccelerator.framework/Versions/A/IOAccelerator
0x00000001b3357000 	/System/Library/Frameworks/CoreVideo.framework/Versions/A/CoreVideo
0x00000001b6a11000 	/System/Library/Frameworks/MetalPerformanceShaders.framework/Versions/A/MetalPerformanceShaders
0x00000001b7dc6000 	/System/Library/Frameworks/VideoToolbox.framework/Versions/A/VideoToolbox
0x00000001b245c000 	/System/Library/PrivateFrameworks/BaseBoard.framework/Versions/A/BaseBoard
0x00000001b21fb000 	/System/Library/PrivateFrameworks/ProtocolBuffer.framework/Versions/A/ProtocolBuffer
0x00000001b82ef000 	/System/Library/PrivateFrameworks/GPUWrangler.framework/Versions/A/GPUWrangler
0x00000001b82ce000 	/System/Library/PrivateFrameworks/IOPresentment.framework/Versions/A/IOPresentment
0x00000001b82f7000 	/System/Library/PrivateFrameworks/DSExternalDisplay.framework/Versions/A/DSExternalDisplay
0x000000020d174000 	/System/Library/Frameworks/OpenGL.framework/Versions/A/Libraries/libCoreFSCache.dylib
0x000000021695f000 	/System/Library/PrivateFrameworks/GPUCompiler.framework/Versions/31001/Libraries/libGPUCompilerUtils.dylib
0x00000001b835d000 	/System/Library/PrivateFrameworks/CMCaptureCore.framework/Versions/A/CMCaptureCore
0x00000001b7996000 	/System/Library/PrivateFrameworks/AppServerSupport.framework/Versions/A/AppServerSupport
0x00000001b9b36000 	/System/Library/PrivateFrameworks/perfdata.framework/Versions/A/perfdata
0x00000001ad266000 	/System/Library/PrivateFrameworks/AudioToolboxCore.framework/Versions/A/AudioToolboxCore
0x00000001b46cd000 	/System/Library/PrivateFrameworks/caulk.framework/Versions/A/caulk
0x00000001b942b000 	/usr/lib/libAudioStatistics.dylib
0x00000001cad48000 	/System/Library/PrivateFrameworks/SystemPolicy.framework/Versions/A/SystemPolicy
0x00000001b968b000 	/usr/lib/libSMC.dylib
0x00000001c2260000 	/System/Library/Frameworks/CoreMIDI.framework/Versions/A/CoreMIDI
0x00000001b821d000 	/usr/lib/libAudioToolboxUtility.dylib
0x00000001c7175000 	/System/Library/PrivateFrameworks/OSAServicesClient.framework/Versions/A/OSAServicesClient
0x00000001b9b43000 	/usr/lib/libperfcheck.dylib
0x00000001cb84f000 	/usr/lib/libmis.dylib
0x000000020d1d5000 	/System/Library/Frameworks/OpenGL.framework/Versions/A/Libraries/libGLU.dylib
0x000000020d194000 	/System/Library/Frameworks/OpenGL.framework/Versions/A/Libraries/libGFXShared.dylib
0x000000020d37e000 	/System/Library/Frameworks/OpenGL.framework/Versions/A/Libraries/libGL.dylib
0x000000020d19d000 	/System/Library/Frameworks/OpenGL.framework/Versions/A/Libraries/libGLImage.dylib
0x000000020d191000 	/System/Library/Frameworks/OpenGL.framework/Versions/A/Libraries/libCVMSPluginSupport.dylib
0x000000020d17b000 	/System/Library/Frameworks/OpenGL.framework/Versions/A/Libraries/libCoreVMClient.dylib
0x00000001b525f000 	/System/Library/Frameworks/MetalPerformanceShaders.framework/Versions/A/Frameworks/MPSCore.framework/Versions/A/MPSCore
0x00000001b63cf000 	/System/Library/Frameworks/MetalPerformanceShaders.framework/Versions/A/Frameworks/MPSImage.framework/Versions/A/MPSImage
0x00000001b5ec5000 	/System/Library/Frameworks/MetalPerformanceShaders.framework/Versions/A/Frameworks/MPSNeuralNetwork.framework/Versions/A/MPSNeuralNetwork
0x00000001b6302000 	/System/Library/Frameworks/MetalPerformanceShaders.framework/Versions/A/Frameworks/MPSMatrix.framework/Versions/A/MPSMatrix
0x00000001b60dd000 	/System/Library/Frameworks/MetalPerformanceShaders.framework/Versions/A/Frameworks/MPSRayIntersector.framework/Versions/A/MPSRayIntersector
0x00000001b6333000 	/System/Library/Frameworks/MetalPerformanceShaders.framework/Versions/A/Frameworks/MPSNDArray.framework/Versions/A/MPSNDArray
0x000000020eeac000 	/System/Library/Frameworks/MetalPerformanceShaders.framework/Versions/A/Frameworks/MPSFunctions.framework/Versions/A/MPSFunctions
0x00000001ac505000 	/System/Library/PrivateFrameworks/MetalTools.framework/Versions/A/MetalTools
0x00000001b52dc000 	/System/Library/PrivateFrameworks/AggregateDictionary.framework/Versions/A/AggregateDictionary
0x00000001b71c8000 	/usr/lib/libIOReport.dylib
0x00000001c1247000 	/System/Library/PrivateFrameworks/ASEProcessing.framework/Versions/A/ASEProcessing
0x00000001b753b000 	/System/Library/PrivateFrameworks/FaceCore.framework/Versions/A/FaceCore
0x00000001b752d000 	/System/Library/PrivateFrameworks/GraphVisualizer.framework/Versions/A/GraphVisualizer
0x0000000216876000 	/System/Library/PrivateFrameworks/FontServices.framework/Versions/A/FontServices
0x00000001b7950000 	/System/Library/PrivateFrameworks/OTSVG.framework/Versions/A/OTSVG
0x00000001b2f25000 	/System/Library/Frameworks/ApplicationServices.framework/Versions/A/Frameworks/ATS.framework/Versions/A/Resources/libFontRegistry.dylib
0x00000001b799f000 	/System/Library/PrivateFrameworks/FontServices.framework/libhvf.dylib
0x0000000216877000 	/System/Library/PrivateFrameworks/FontServices.framework/libXTFontStaticRegistryData.dylib
0x000000020d520000 	/System/Library/Frameworks/OpenCL.framework/Versions/A/OpenCL
0x00000001b7396000 	/System/Library/PrivateFrameworks/AppleVA.framework/Versions/A/AppleVA
0x00000001b9453000 	/System/Library/Frameworks/ApplicationServices.framework/Versions/A/Frameworks/ATS.framework/Versions/A/ATS
0x00000001b19bf000 	/System/Library/Frameworks/ApplicationServices.framework/Versions/A/Frameworks/HIServices.framework/Versions/A/HIServices
0x00000001b8367000 	/System/Library/Frameworks/ApplicationServices.framework/Versions/A/Frameworks/PrintCore.framework/Versions/A/PrintCore
0x00000001b97de000 	/System/Library/Frameworks/ApplicationServices.framework/Versions/A/Frameworks/QD.framework/Versions/A/QD
0x00000001b97d6000 	/System/Library/Frameworks/ApplicationServices.framework/Versions/A/Frameworks/ColorSyncLegacy.framework/Versions/A/ColorSyncLegacy
0x00000001b943f000 	/System/Library/Frameworks/ApplicationServices.framework/Versions/A/Frameworks/SpeechSynthesis.framework/Versions/A/SpeechSynthesis
0x00000001b8328000 	/System/Library/Frameworks/ApplicationServices.framework/Versions/A/Frameworks/ATSUI.framework/Versions/A/ATSUI
0x00000001b976b000 	/usr/lib/libcups.2.dylib
0x00000001b9b51000 	/System/Library/Frameworks/Kerberos.framework/Versions/A/Kerberos
0x00000001b9b62000 	/System/Library/Frameworks/GSS.framework/Versions/A/GSS
0x00000001b94c2000 	/usr/lib/libresolv.9.dylib
0x00000001b79ad000 	/System/Library/PrivateFrameworks/Heimdal.framework/Versions/A/Heimdal
0x00000001c04b6000 	/System/Library/Frameworks/Kerberos.framework/Versions/A/Libraries/libHeimdalProxy.dylib
0x00000001b25f7000 	/System/Library/Frameworks/Network.framework/Versions/A/Network
0x00000001b73fd000 	/usr/lib/libheimdal-asn1.dylib
0x00000001b9ba8000 	/System/Library/PrivateFrameworks/CommonAuth.framework/Versions/A/CommonAuth
0x00000001b93b9000 	/System/Library/PrivateFrameworks/AudioSession.framework/Versions/A/AudioSession
0x00000001b748e000 	/System/Library/PrivateFrameworks/MediaExperience.framework/Versions/A/MediaExperience
0x00000001b9241000 	/System/Library/PrivateFrameworks/AudioSession.framework/libSessionUtility.dylib
0x00000001b97ea000 	/System/Library/PrivateFrameworks/AudioResourceArbitration.framework/Versions/A/AudioResourceArbitration
0x00000001bd8f5000 	/System/Library/PrivateFrameworks/PowerLog.framework/Versions/A/PowerLog
0x00000001b7406000 	/System/Library/PrivateFrameworks/IconFoundation.framework/Versions/A/IconFoundation
0x00000001bc6a3000 	/System/Library/PrivateFrameworks/SpeechRecognitionCore.framework/Versions/A/SpeechRecognitionCore
0x00000001058a4000 	/Library/Java/JavaVirtualMachines/jdk-17.0.2.jdk/Contents/Home/lib/server/libjvm.dylib
0x00000001046a8000 	/Library/Java/JavaVirtualMachines/jdk-17.0.2.jdk/Contents/Home/lib/libjimage.dylib
0x0000000104730000 	/Library/Java/JavaVirtualMachines/jdk-17.0.2.jdk/Contents/Home/lib/libjava.dylib
0x00000001048d8000 	/Library/Java/JavaVirtualMachines/jdk-17.0.2.jdk/Contents/Home/lib/libnio.dylib
0x00000001056c0000 	/Library/Java/JavaVirtualMachines/jdk-17.0.2.jdk/Contents/Home/lib/libnet.dylib
0x00000001048b8000 	/Library/Java/JavaVirtualMachines/jdk-17.0.2.jdk/Contents/Home/lib/libzip.dylib
0x000000010569c000 	/Users/eccos/.openjfx/cache/17/libprism_es2.dylib
0x00000001ae746000 	/System/Library/PrivateFrameworks/CoreServicesInternal.framework/Versions/A/CoreServicesInternal
0x000000020d388000 	/System/Library/Frameworks/OpenGL.framework/Versions/A/Resources/GLEngine.bundle/GLEngine
0x000000020d20f000 	/System/Library/Frameworks/OpenGL.framework/Versions/A/Libraries/libGLProgrammability.dylib
0x000000011ed00000 	/System/Library/Extensions/AppleMetalOpenGLRenderer.bundle/Contents/MacOS/AppleMetalOpenGLRenderer
0x000000020d4f7000 	/System/Library/Frameworks/OpenGL.framework/Versions/A/Resources/GLRendererFloat.bundle/GLRendererFloat
0x000000020d598000 	/System/Library/Extensions/AGXMetal13_3.bundle/Contents/MacOS/AGXMetal13_3
0x00000001cb86b000 	/System/Library/PrivateFrameworks/GPURawCounter.framework/Versions/A/GPURawCounter
0x00000001c62f9000 	/System/Library/PrivateFrameworks/IOGPU.framework/Versions/A/IOGPU
0x0000000137c48000 	/Users/eccos/.openjfx/cache/17/libglass.dylib
0x00000001bdb49000 	/System/Library/Frameworks/FileProvider.framework/Versions/A/FileProvider
0x00000001b23c4000 	/System/Library/Frameworks/Accounts.framework/Versions/A/Accounts
0x00000001bdcc9000 	/System/Library/PrivateFrameworks/GenerationalStorage.framework/Versions/A/GenerationalStorage
0x00000001be87f000 	/System/Library/PrivateFrameworks/CoreSymbolication.framework/Versions/A/CoreSymbolication
0x00000001bd8e9000 	/System/Library/PrivateFrameworks/SymptomDiagnosticReporter.framework/Versions/A/SymptomDiagnosticReporter
0x00000001afa32000 	/System/Library/PrivateFrameworks/DesktopServicesPriv.framework/Versions/A/DesktopServicesPriv
0x00000001ae8a6000 	/usr/lib/libsandbox.1.dylib
0x00000001b33e4000 	/System/Library/PrivateFrameworks/UserManagement.framework/Versions/A/UserManagement
0x00000001be840000 	/System/Library/PrivateFrameworks/DebugSymbols.framework/Versions/A/DebugSymbols
0x00000001b97c9000 	/System/Library/PrivateFrameworks/NetAuth.framework/Versions/A/NetAuth
0x00000001ba6cc000 	/System/Library/PrivateFrameworks/Sharing.framework/Versions/A/Sharing
0x00000001b33b4000 	/System/Library/PrivateFrameworks/login.framework/Versions/A/Frameworks/loginsupport.framework/Versions/A/loginsupport
0x00000001bf9f8000 	/System/Library/PrivateFrameworks/Apple80211.framework/Versions/A/Apple80211
0x00000001b64b3000 	/System/Library/PrivateFrameworks/AuthKit.framework/Versions/A/AuthKit
0x00000001b5b41000 	/System/Library/PrivateFrameworks/CoreUtils.framework/Versions/A/CoreUtils
0x00000001b5a61000 	/System/Library/Frameworks/CoreWLAN.framework/Versions/A/CoreWLAN
0x00000001ba836000 	/System/Library/Frameworks/IOBluetooth.framework/Versions/A/IOBluetooth
0x00000001bfa58000 	/System/Library/PrivateFrameworks/CoreWiFi.framework/Versions/A/CoreWiFi
0x00000001be427000 	/System/Library/PrivateFrameworks/FrontBoardServices.framework/Versions/A/FrontBoardServices
0x00000001be4bf000 	/System/Library/PrivateFrameworks/BoardServices.framework/Versions/A/BoardServices
0x00000001b5d5c000 	/System/Library/PrivateFrameworks/AssertionServices.framework/Versions/A/AssertionServices
0x00000001bfbc6000 	/System/Library/PrivateFrameworks/BackBoardServices.framework/Versions/A/BackBoardServices
0x00000001b9c3b000 	/System/Library/PrivateFrameworks/CorePhoneNumbers.framework/Versions/A/CorePhoneNumbers
0x00000001bda19000 	/System/Library/PrivateFrameworks/DiskManagement.framework/Versions/A/DiskManagement
0x00000001bd91c000 	/System/Library/PrivateFrameworks/AppleIDAuthSupport.framework/Versions/A/AppleIDAuthSupport
0x0000000211196000 	/System/Library/PrivateFrameworks/AAAFoundation.framework/Versions/A/AAAFoundation
0x00000001b9c1a000 	/System/Library/PrivateFrameworks/KeychainCircle.framework/Versions/A/KeychainCircle
0x00000001bd9e5000 	/System/Library/PrivateFrameworks/MediaKit.framework/Versions/A/MediaKit
0x00000001bd929000 	/System/Library/Frameworks/DiscRecording.framework/Versions/A/DiscRecording
0x00000001b7312000 	/usr/lib/libCoreStorage.dylib
0x00000001bfec2000 	/usr/lib/libcsfde.dylib
0x00000001ba90b000 	/System/Library/PrivateFrameworks/ProtectedCloudStorage.framework/Versions/A/ProtectedCloudStorage
0x00000001bfeba000 	/System/Library/PrivateFrameworks/EFILogin.framework/Versions/A/EFILogin
0x00000001bdcf0000 	/System/Library/PrivateFrameworks/OctagonTrust.framework/Versions/A/OctagonTrust
0x0000000215ac2000 	/System/Library/PrivateFrameworks/CoreUtilsExtras.framework/Versions/A/CoreUtilsExtras
0x00000001bd85e000 	/System/Library/Frameworks/CoreBluetooth.framework/Versions/A/CoreBluetooth
0x00000001c053b000 	/System/Library/Frameworks/AudioUnit.framework/Versions/A/AudioUnit
0x00000001b730a000 	/usr/lib/libMatch.1.dylib
0x00000001cfb61000 	/System/Library/Frameworks/Accelerate.framework/Versions/A/Frameworks/vImage.framework/Versions/A/Libraries/libCGInterfaces.dylib
0x0000000137fec000 	/usr/lib/libobjc-trampolines.dylib
0x00000001b30b1000 	/System/Library/PrivateFrameworks/ViewBridge.framework/Versions/A/ViewBridge
0x00000001b7a5b000 	/System/Library/PrivateFrameworks/login.framework/Versions/A/login
0x0000000155c44000 	/Users/eccos/.openjfx/cache/17/libjavafx_font.dylib
0x000000022912c000 	/usr/lib/libRosetta.dylib


VM Arguments:
jvm_args: -XX:+ShowCodeDetailsInExceptionMessages --module-path=/Users/eccos/Desktop/COMP261/assig-1-maven-main/target/classes:/Users/eccos/.m2/repository/org/openjfx/javafx-controls/17/javafx-controls-17-mac-aarch64.jar:/Users/eccos/.m2/repository/org/openjfx/javafx-graphics/17/javafx-graphics-17-mac-aarch64.jar:/Users/eccos/.m2/repository/org/openjfx/javafx-base/17/javafx-base-17-mac-aarch64.jar:/Users/eccos/.m2/repository/org/openjfx/javafx-fxml/17/javafx-fxml-17-mac-aarch64.jar -Djdk.module.main=comp261.assig1 
java_command: comp261.assig1/comp261.assig1.Main
java_class_path (initial): /Users/eccos/.m2/repository/org/openjfx/javafx-controls/17/javafx-controls-17.jar:/Users/eccos/.m2/repository/org/openjfx/javafx-graphics/17/javafx-graphics-17.jar:/Users/eccos/.m2/repository/org/openjfx/javafx-base/17/javafx-base-17.jar:/Users/eccos/.m2/repository/org/openjfx/javafx-fxml/17/javafx-fxml-17.jar
Launcher Type: SUN_STANDARD

[Global flags]
     intx CICompilerCount                          = 4                                         {product} {ergonomic}
     uint ConcGCThreads                            = 2                                         {product} {ergonomic}
     uint G1ConcRefinementThreads                  = 8                                         {product} {ergonomic}
   size_t G1HeapRegionSize                         = 1048576                                   {product} {ergonomic}
    uintx GCDrainStackTargetSize                   = 64                                        {product} {ergonomic}
   size_t InitialHeapSize                          = 134217728                                 {product} {ergonomic}
   size_t MarkStackSize                            = 4194304                                   {product} {ergonomic}
   size_t MaxHeapSize                              = 2147483648                                {product} {ergonomic}
   size_t MaxNewSize                               = 1287651328                                {product} {ergonomic}
   size_t MinHeapDeltaBytes                        = 1048576                                   {product} {ergonomic}
   size_t MinHeapSize                              = 8388608                                   {product} {ergonomic}
    uintx NonNMethodCodeHeapSize                   = 5839564                                {pd product} {ergonomic}
    uintx NonProfiledCodeHeapSize                  = 122909338                              {pd product} {ergonomic}
    uintx ProfiledCodeHeapSize                     = 122909338                              {pd product} {ergonomic}
    uintx ReservedCodeCacheSize                    = 251658240                              {pd product} {ergonomic}
     bool SegmentedCodeCache                       = true                                      {product} {ergonomic}
     bool ShowCodeDetailsInExceptionMessages       = true                                   {manageable} {command line}
   size_t SoftMaxHeapSize                          = 2147483648                             {manageable} {ergonomic}
     bool UseCompressedClassPointers               = true                           {product lp64_product} {ergonomic}
     bool UseCompressedOops                        = true                           {product lp64_product} {ergonomic}
     bool UseG1GC                                  = true                                      {product} {ergonomic}
     bool UseNUMA                                  = false                                     {product} {ergonomic}
     bool UseNUMAInterleaving                      = false                                     {product} {ergonomic}

Logging:
Log output configuration:
 #0: stdout all=warning uptime,level,tags
 #1: stderr all=off uptime,level,tags

Environment Variables:
PATH=/Library/Frameworks/Python.framework/Versions/3.9/bin:/usr/local/bin:/usr/bin:/bin:/usr/sbin:/sbin:/Library/Apple/usr/bin:/Applications/Postgres.app/Contents/Versions/latest/bin:/Library/Frameworks/Python.framework/Versions/3.9/bin
SHELL=/bin/zsh
LANG=en_GB.UTF-8

Signal Handlers:
   SIGSEGV: _ZL13crash_handleriP9__siginfoPv in libjvm.dylib, mask=11100110000111110111111111111111, flags=SA_RESTART|SA_SIGINFO
    SIGBUS: _ZL13crash_handleriP9__siginfoPv in libjvm.dylib, mask=11100110000111110111111111111111, flags=SA_RESTART|SA_SIGINFO
    SIGFPE: _ZL13crash_handleriP9__siginfoPv in libjvm.dylib, mask=11100110000111110111111111111111, flags=SA_RESTART|SA_SIGINFO
   SIGPIPE: _ZL17javaSignalHandleriP9__siginfoPv in libjvm.dylib, mask=11100110000111110111111111111111, flags=SA_RESTART|SA_SIGINFO
   SIGXFSZ: _ZL17javaSignalHandleriP9__siginfoPv in libjvm.dylib, mask=11100110000111110111111111111111, flags=SA_RESTART|SA_SIGINFO
    SIGILL: _ZL13crash_handleriP9__siginfoPv in libjvm.dylib, mask=11100110000111110111111111111111, flags=SA_RESTART|SA_SIGINFO
   SIGUSR2: _ZL10SR_handleriP9__siginfoP17__darwin_ucontext in libjvm.dylib, mask=00000000000000000000000000000000, flags=SA_RESTART|SA_SIGINFO
    SIGHUP: _ZL11UserHandleriPvS_ in libjvm.dylib, mask=11100110000111110111111111111111, flags=SA_RESTART|SA_SIGINFO
    SIGINT: _ZL11UserHandleriPvS_ in libjvm.dylib, mask=11100110000111110111111111111111, flags=SA_RESTART|SA_SIGINFO
   SIGTERM: _ZL11UserHandleriPvS_ in libjvm.dylib, mask=11100110000111110111111111111111, flags=SA_RESTART|SA_SIGINFO
   SIGQUIT: _ZL11UserHandleriPvS_ in libjvm.dylib, mask=11100110000111110111111111111111, flags=SA_RESTART|SA_SIGINFO
   SIGTRAP: _ZL13crash_handleriP9__siginfoPv in libjvm.dylib, mask=11100110000111110111111111111111, flags=SA_RESTART|SA_SIGINFO


---------------  S Y S T E M  ---------------

OS:
uname: Darwin 21.3.0 Darwin Kernel Version 21.3.0: Wed Jan  5 21:37:58 PST 2022; root:xnu-8019.80.24~20/RELEASE_ARM64_T8101 arm64
OS uptime: 1 days 19:31 hours
rlimit (soft/hard): STACK 8176k/65520k , CORE 0k/infinity , NPROC 1333/2000 , NOFILE 10240/infinity , AS infinity/infinity , CPU infinity/infinity , DATA infinity/infinity , FSIZE infinity/infinity , MEMLOCK infinity/infinity , RSS infinity/infinity
load average: 3.30 3.24 2.52

CPU: total 8 (initial active 8) 0x61:0x0:0x1b588bb3:0, fp, simd, crc, lse

Memory: 16k page, physical 8388608k(1125408k free), swap 5242880k(1300224k free)

vm_info: Java HotSpot(TM) 64-Bit Server VM (17.0.2+8-LTS-86) for bsd-aarch64 JRE (17.0.2+8-LTS-86), built on Dec  7 2021 21:47:50 by "mach5one" with clang Apple LLVM 12.0.0 (clang-1200.0.32.29)

END.
