#
# A fatal error has been detected by the Java Runtime Environment:
#
#  SIGBUS (0xa) at pc=0x000000010e7cd4f0, pid=41302, tid=30987
#
# JRE version: Java(TM) SE Runtime Environment (17.0.2+8) (build 17.0.2+8-LTS-86)
# Java VM: Java HotSpot(TM) 64-Bit Server VM (17.0.2+8-LTS-86, mixed mode, sharing, tiered, compressed oops, compressed class ptrs, g1 gc, bsd-aarch64)
# Problematic frame:
# v  ~StubRoutines::SafeFetchN
#
# No core dump will be written. Core dumps have been disabled. To enable core dumping, try "ulimit -c unlimited" before starting Java again
#
# If you would like to submit a bug report, please visit:
#   https://bugreport.java.com/bugreport/crash.jsp
# The crash happened outside the Java Virtual Machine in native code.
# See problematic frame for where to report the bug.
#

---------------  S U M M A R Y ------------

Command Line: -XX:+ShowCodeDetailsInExceptionMessages --module-path=/Users/eccos/Desktop/Vic-2022/COMP261/assignment-3-master/target/classes:/Users/eccos/.m2/repository/org/openjfx/javafx-controls/17/javafx-controls-17-mac-aarch64.jar:/Users/eccos/.m2/repository/org/openjfx/javafx-graphics/17/javafx-graphics-17-mac-aarch64.jar:/Users/eccos/.m2/repository/org/openjfx/javafx-base/17/javafx-base-17-mac-aarch64.jar:/Users/eccos/.m2/repository/org/openjfx/javafx-fxml/17/javafx-fxml-17-mac-aarch64.jar -Djdk.module.main=comp261.tut3 comp261.tut3/comp261.assig3.Main

Host: "MacBookPro17,1" arm64 1 MHz, 8 cores, 8G, Darwin 21.3.0, macOS 12.2.1 (21D62)
Time: Mon May  9 23:24:23 2022 NZST elapsed time: 5.404233 seconds (0d 0h 0m 5s)

---------------  T H R E A D  ---------------

Current thread (0x00000001510eee00):  JavaThread "InvokeLaterDispatcher" daemon [_thread_in_native, id=30987, stack(0x000000016d6c4000,0x000000016d8c7000)]

Stack: [0x000000016d6c4000,0x000000016d8c7000],  sp=0x000000016d8c67b0,  free space=2057k
Native frames: (J=compiled Java code, j=interpreted, Vv=VM code, C=native code)
v  ~StubRoutines::SafeFetchN
V  [libjvm.dylib+0x7a4748]  _ZN10OopStorage7releaseEPKP7oopDesc+0x20
V  [libjvm.dylib+0x4b9e90]  jni_DeleteGlobalRef+0xc4
C  [libglass.dylib+0xab08]  -[GlassRunnable dealloc]+0x34
C  [Foundation+0x84c7c]  -[_NSThreadPerformInfo dealloc]+0x30
C  [Foundation+0x51578]  -[NSObject(NSThreadPerformAdditions) performSelectorOnMainThread:withObject:waitUntilDone:]+0x88
C  0xcf7200010e7d58ac
j  com.sun.glass.ui.mac.MacApplication.submitForLaterInvocation(Ljava/lang/Runnable;)V+2 javafx.graphics
j  com.sun.glass.ui.InvokeLaterDispatcher.run()V+82 javafx.graphics
v  ~StubRoutines::call_stub
V  [libjvm.dylib+0x4614e8]  _ZN9JavaCalls11call_helperEP9JavaValueRK12methodHandleP17JavaCallArgumentsP10JavaThread+0x38c
V  [libjvm.dylib+0x460504]  _ZN9JavaCalls12call_virtualEP9JavaValueP5KlassP6SymbolS5_P17JavaCallArgumentsP10JavaThread+0x11c
V  [libjvm.dylib+0x4605d0]  _ZN9JavaCalls12call_virtualEP9JavaValue6HandleP5KlassP6SymbolS6_P10JavaThread+0x64
V  [libjvm.dylib+0x513e50]  _ZL12thread_entryP10JavaThreadS0_+0xc4
V  [libjvm.dylib+0x90462c]  _ZN10JavaThread17thread_main_innerEv+0x134
V  [libjvm.dylib+0x902f54]  _ZN6Thread8call_runEv+0x128
V  [libjvm.dylib+0x7ab344]  _ZL19thread_native_entryP6Thread+0x158
C  [libsystem_pthread.dylib+0x7240]  _pthread_start+0x94

Java frames: (J=compiled Java code, j=interpreted, Vv=VM code)
j  com.sun.glass.ui.mac.MacApplication._submitForLaterInvocation(Ljava/lang/Runnable;)V+0 javafx.graphics
j  com.sun.glass.ui.mac.MacApplication.submitForLaterInvocation(Ljava/lang/Runnable;)V+2 javafx.graphics
j  com.sun.glass.ui.InvokeLaterDispatcher.run()V+82 javafx.graphics
v  ~StubRoutines::call_stub

siginfo: si_signo: 10 (SIGBUS), si_code: 1 (BUS_ADRALN), si_addr: 0x000000010e7cd4f0

Register to memory mapping:

 x0=0x0000000150706b08 is a global jni handle
 x1=0x0 is NULL
 x2=0x00000007863e7af8 is an oop: com.sun.glass.ui.InvokeLaterDispatcher$Future 
{0x00000007863e7af8} - klass: 'com/sun/glass/ui/InvokeLaterDispatcher$Future'
 - ---- fields (total size 3 words):
 - private 'done' 'Z' @12  true
 - private final 'runnable' 'Ljava/lang/Runnable;' @16  a 'com/sun/javafx/tk/quantum/QuantumToolkit$$Lambda$83+0x0000000800c38ec0'{0x00000007868e1858} (f0d1c30b)
 - final synthetic 'this$0' 'Lcom/sun/glass/ui/InvokeLaterDispatcher;' @20  a 'com/sun/glass/ui/InvokeLaterDispatcher'{0x0000000786835548} (f0d06aa9)
 x3=0x0 is NULL
 x4=0x00000000000130a8 is an unknown value
 x5=0x0 is NULL
 x6=0x0 is NULL
 x7=0x0 is NULL
 x8=0x000000010e7cd4ec is at begin+0 in a stub
StubRoutines::SafeFetchN [0x000000010e7cd4ec, 0x000000010e7cd4f8] (12 bytes)
 x9=0x0 is NULL
x10=0x2010000030300000 is an unknown value
x11=0x0000000000000007 is an unknown value
x12=0x0000000000000007 is an unknown value
x13=0x000060000118b8e0 points into unknown readable memory: 0x3d568001bf585738 | 38 57 58 bf 01 80 56 3d
x14=0x0000000000000001 is an unknown value
x15=0x0000000123b19f98: OBJC_CLASS_$_GlassRunnable+0 in /Users/eccos/.openjfx/cache/17/libglass.dylib at 0x0000000123ad4000
x16=0x00000001be5f4094: pthread_getspecific+0 in /usr/lib/system/libsystem_pthread.dylib at 0x00000001be5f2000
x17=0x0000600001b89b60 points into unknown readable memory: 0xfffffffffffffffe | fe ff ff ff ff ff ff ff
x18=0x0 is NULL
x19=0x000060000148d6c0 points into unknown readable memory: 0x0000600003d89550 | 50 95 d8 03 00 60 00 00
x20=0x0000000150706900 points into unknown readable memory: 0x973233fc83f7ddee | ee dd f7 83 fc 33 32 97
x21=0x0000000150706b08 is a global jni handle
x22=0x00000001510eee00 is a thread
x23=0x0000000000000001 is an unknown value
x24=0x0000000150706ac0 is a global jni handle
x25=0x0000000106c995e8: _ZN12StubRoutines17_safefetchN_entryE+0 in /Library/Java/JavaVirtualMachines/jdk-17.0.2.jdk/Contents/Home/lib/server/libjvm.dylib at 0x0000000106100000
x26=0x0000000124116228 is pointing into metadata
x27=0x0 is NULL
x28=0x00000001510eee00 is a thread


Registers:
 x0=0x0000000150706b08  x1=0x0000000000000000  x2=0x00000007863e7af8  x3=0x0000000000000000
 x4=0x00000000000130a8  x5=0x0000000000000000  x6=0x0000000000000000  x7=0x0000000000000000
 x8=0x000000010e7cd4ec  x9=0x0000000000000000 x10=0x2010000030300000 x11=0x0000000000000007
x12=0x0000000000000007 x13=0x000060000118b8e0 x14=0x0000000000000001 x15=0x0000000123b19f98
x16=0x00000001be5f4094 x17=0x0000600001b89b60 x18=0x0000000000000000 x19=0x000060000148d6c0
x20=0x0000000150706900 x21=0x0000000150706b08 x22=0x00000001510eee00 x23=0x0000000000000001
x24=0x0000000150706ac0 x25=0x0000000106c995e8 x26=0x0000000124116228 x27=0x0000000000000000
x28=0x00000001510eee00  fp=0x000000016d8c67f0  lr=0x00000001068a3518  sp=0x000000016d8c67b0
pc=0x000000010e7cd4f0 cpsr=0x0000000060001000
Top of Stack: (sp=0x000000016d8c67b0)
0x000000016d8c67b0:   0000000124116228 0000000000000001
0x000000016d8c67c0:   000000016d8c69a8 0000600003d50cc0
0x000000016d8c67d0:   0000000000000000 0000000150706ac0
0x000000016d8c67e0:   0000000150706ac0 000060000148d6c0
0x000000016d8c67f0:   000000016d8c6830 00000001068a4748
0x000000016d8c6800:   0000000000000001 0000000150706ac0
0x000000016d8c6810:   0000000000000000 0000000150706ac0
0x000000016d8c6820:   0000000000000001 00000001309a5c00
0x000000016d8c6830:   000000016d8c6860 00000001065b9e90
0x000000016d8c6840:   0000600003d50cb0 0000000208b6e9e3
0x000000016d8c6850:   0000000000000000 0000600003d50cb0
0x000000016d8c6860:   000000016d8c6890 0000000123adeb08
0x000000016d8c6870:   d0a74a6dcce300bc 0000000000000000
0x000000016d8c6880:   0000000000000000 0000600002a446c0
0x000000016d8c6890:   000000016d8c68d0 00000001bf5b8c7c
0x000000016d8c68a0:   000000016d8c69a8 0000600003d50cc0
0x000000016d8c68b0:   0000600003d50cb0 d0a74a6dcce300bc
0x000000016d8c68c0:   0000000000000000 0000000000000000
0x000000016d8c68d0:   000000016d8c6910 a1528001bf585578
0x000000016d8c68e0:   000000016d8c69a8 000000010e7d47c0
0x000000016d8c68f0:   0000000000000000 0000000106ca0fa8
0x000000016d8c6900:   000000016d8c6920 000000010e7d3730
0x000000016d8c6910:   000000016d8c6980 cf7200010e7d58ac
0x000000016d8c6920:   000000016d8c6920 000000080098c53d
0x000000016d8c6930:   000000016d8c6930 0000000000000000
0x000000016d8c6940:   000000016d8c69a8 0000000124116228
0x000000016d8c6950:   00000007868e0dd8 0000000000000000
0x000000016d8c6960:   0000000000000000 00000001240f3138
0x000000016d8c6970:   0000000000000000 000000016d8c6980
0x000000016d8c6980:   000000016d8c6a00 000000010e7d1fc8
0x000000016d8c6990:   0000000000000000 0000000000000000
0x000000016d8c69a0:   00000007863e7af8 00000007868e0e50 

Instructions: (pc=0x000000010e7cd4f0)
0x000000010e7cd3f0:   f2a0d8c9 f2c00029 6d425935 1e640886
0x000000010e7cd400:   0c402d31 1e6408c7 1f5654d0 1e6c1017
0x000000010e7cd410:   1f5050d0 1f504cd0 1f5048d0 1e650af6
0x000000010e7cd420:   1f50d8f6 1f5694d6 1f5158f6 1e762880
0x000000010e7cd430:   36000501 1e614000 14000026 2e251ca5
0x000000010e7cd440:   d28c3009 f2a0d8c9 f2c00029 6d425d36
0x000000010e7cd450:   1e600806 0c402d32 1f5758c7 1e6c101a
0x000000010e7cd460:   1f4754c7 1e650805 1f4750c7 d2866668
0x000000010e7cd470:   f2a7fa68 1f474cc7 1e6608c0 1f4748c7
0x000000010e7cd480:   1e6e1019 eb08007f 540000ac 1f479400
0x000000010e7cd490:   1f460340 1e603b20 1400000e d2a7fd29
0x000000010e7cd4a0:   eb09007f 540000ac 51480069 d3607d29
0x000000010e7cd4b0:   9e670121 14000002 1e6a5001 1f679417
0x000000010e7cd4c0:   1f668742 1e613b23 1e773857 1e773860
0x000000010e7cd4d0:   a8c17ff3 910003bf a8c17bfd d65f03c0
0x000000010e7cd4e0:   b9400001 aa0103e0 d65f03c0 f9400001
0x000000010e7cd4f0:   aa0103e0 d65f03c0 00000000 00000000
0x000000010e7cd500:   00000000 00000000 00000000 00000000
0x000000010e7cd510:   00000000 00000000 00000000 00000000
0x000000010e7cd520:   00000000 00000000 00000000 00000000
0x000000010e7cd530:   00000000 00000000 00000000 00000000
0x000000010e7cd540:   00000000 00000000 00000000 00000000
0x000000010e7cd550:   00000000 00000000 00000000 00000000
0x000000010e7cd560:   00000000 00000000 00000000 00000000
0x000000010e7cd570:   00000000 00000000 00000000 00000000
0x000000010e7cd580:   00000000 00000000 00000000 00000000
0x000000010e7cd590:   00000000 00000000 00000000 00000000
0x000000010e7cd5a0:   00000000 00000000 00000000 00000000
0x000000010e7cd5b0:   00000000 00000000 00000000 00000000
0x000000010e7cd5c0:   00000000 00000000 00000000 00000000
0x000000010e7cd5d0:   00000000 00000000 00000000 00000000
0x000000010e7cd5e0:   00000000 00000000 00000000 00000000 


Stack slot to memory mapping:
stack at sp + 0 slots: 0x0000000124116228 is pointing into metadata
stack at sp + 1 slots: 0x0000000000000001 is an unknown value
stack at sp + 2 slots: 0x000000016d8c69a8 is pointing into the stack for thread: 0x00000001510eee00
stack at sp + 3 slots: 0x0000600003d50cc0 points into unknown readable memory: 0x01000002177020a1 | a1 20 70 17 02 00 00 01
stack at sp + 4 slots: 0x0 is NULL
stack at sp + 5 slots: 0x0000000150706ac0 is a global jni handle
stack at sp + 6 slots: 0x0000000150706ac0 is a global jni handle
stack at sp + 7 slots: 0x000060000148d6c0 points into unknown readable memory: 0x0000600003d89550 | 50 95 d8 03 00 60 00 00

StubRoutines::SafeFetchN [0x000000010e7cd4ec, 0x000000010e7cd4f8] (12 bytes)
[MachCode]
  0x000000010e7cd4ec: 0100 40f9 | e003 01aa | c003 5fd6 
[/MachCode]

---------------  P R O C E S S  ---------------

Threads class SMR info:
_java_thread_list=0x0000600003f94920, length=18, elements={
0x0000000152008600, 0x00000001508b0800, 0x000000015100c400, 0x000000015100b600,
0x0000000151010600, 0x00000001508b1c00, 0x00000001508b2200, 0x00000001508b2800,
0x00000001508b5800, 0x000000015100bc00, 0x0000000131808200, 0x00000001510d6800,
0x00000001510eee00, 0x00000001309a5c00, 0x0000000151127400, 0x0000000152513800,
0x0000000151792a00, 0x0000000131809c00
}

Java Threads: ( => current thread )
  0x0000000152008600 JavaThread "main" [_thread_blocked, id=6147, stack(0x000000016aec8000,0x000000016b0cb000)]
  0x00000001508b0800 JavaThread "Reference Handler" daemon [_thread_blocked, id=17155, stack(0x000000016bd1c000,0x000000016bf1f000)]
  0x000000015100c400 JavaThread "Finalizer" daemon [_thread_blocked, id=16643, stack(0x000000016bf28000,0x000000016c12b000)]
  0x000000015100b600 JavaThread "Signal Dispatcher" daemon [_thread_blocked, id=42755, stack(0x000000016c24c000,0x000000016c44f000)]
  0x0000000151010600 JavaThread "Service Thread" daemon [_thread_blocked, id=42499, stack(0x000000016c458000,0x000000016c65b000)]
  0x00000001508b1c00 JavaThread "Monitor Deflation Thread" daemon [_thread_blocked, id=23555, stack(0x000000016c664000,0x000000016c867000)]
  0x00000001508b2200 JavaThread "C2 CompilerThread0" daemon [_thread_blocked, id=24067, stack(0x000000016c870000,0x000000016ca73000)]
  0x00000001508b2800 JavaThread "C1 CompilerThread0" daemon [_thread_blocked, id=24579, stack(0x000000016ca7c000,0x000000016cc7f000)]
  0x00000001508b5800 JavaThread "Sweeper thread" daemon [_thread_blocked, id=25091, stack(0x000000016cc88000,0x000000016ce8b000)]
  0x000000015100bc00 JavaThread "Common-Cleaner" daemon [_thread_blocked, id=25347, stack(0x000000016ce94000,0x000000016d097000)]
  0x0000000131808200 JavaThread "Notification Thread" daemon [_thread_blocked, id=25859, stack(0x000000016d0a0000,0x000000016d2a3000)]
  0x00000001510d6800 JavaThread "QuantumRenderer-0" daemon [_thread_blocked, id=26883, stack(0x000000016d4b8000,0x000000016d6bb000)]
=>0x00000001510eee00 JavaThread "InvokeLaterDispatcher" daemon [_thread_in_native, id=30987, stack(0x000000016d6c4000,0x000000016d8c7000)]
  0x00000001309a5c00 JavaThread "JavaFX Application Thread" [_thread_in_vm, id=259, stack(0x000000016a640000,0x000000016ae3c000)]
  0x0000000151127400 JavaThread "JavaFX-Launcher" [_thread_blocked, id=75019, stack(0x000000016db68000,0x000000016dd6b000)]
  0x0000000152513800 JavaThread "Prism Font Disposer" daemon [_thread_blocked, id=69643, stack(0x000000016e7b0000,0x000000016e9b3000)]
  0x0000000151792a00 JavaThread "Cleaner-0" daemon [_thread_blocked, id=61963, stack(0x000000016ead4000,0x000000016ecd7000)]
  0x0000000131809c00 JavaThread "PulseTimer-CVDisplayLink thread" daemon [_thread_in_native, id=1303, stack(0x000000016d8d0000,0x000000016d953000)]

Other Threads:
  0x00000001518062c0 VMThread "VM Thread" [stack: 0x000000016bb10000,0x000000016bd13000] [id=17667]
  0x0000000150718cc0 WatcherThread [stack: 0x000000016d2ac000,0x000000016d4af000] [id=26371]
  0x00000001506065e0 GCTaskThread "GC Thread#0" [stack: 0x000000016b0d4000,0x000000016b2d7000] [id=12547]
  0x0000000130620d70 GCTaskThread "GC Thread#1" [stack: 0x000000016dd74000,0x000000016df77000] [id=71171]
  0x00000001507342b0 GCTaskThread "GC Thread#2" [stack: 0x000000016df80000,0x000000016e183000] [id=70915]
  0x0000000150734730 GCTaskThread "GC Thread#3" [stack: 0x000000016e18c000,0x000000016e38f000] [id=55299]
  0x0000000150734bb0 GCTaskThread "GC Thread#4" [stack: 0x000000016e398000,0x000000016e59b000] [id=55811]
  0x0000000150735030 GCTaskThread "GC Thread#5" [stack: 0x000000016e5a4000,0x000000016e7a7000] [id=70147]
  0x0000000150606c90 ConcurrentGCThread "G1 Main Marker" [stack: 0x000000016b2e0000,0x000000016b4e3000] [id=19971]
  0x0000000150607510 ConcurrentGCThread "G1 Conc#0" [stack: 0x000000016b4ec000,0x000000016b6ef000] [id=13827]
  0x0000000150609380 ConcurrentGCThread "G1 Refine#0" [stack: 0x000000016b6f8000,0x000000016b8fb000] [id=19715]
  0x0000000150609c20 ConcurrentGCThread "G1 Service" [stack: 0x000000016b904000,0x000000016bb07000] [id=19203]

Threads with active compile tasks:

VM state: not at safepoint (normal execution)

VM Mutex/Monitor currently owned by a thread: None

Heap address: 0x0000000780000000, size: 2048 MB, Compressed Oops mode: Zero based, Oop shift amount: 3

CDS archive(s) mapped at: [0x0000000800000000-0x0000000800bd8000-0x0000000800bd8000), size 12419072, SharedBaseAddress: 0x0000000800000000, ArchiveRelocationMode: 0.
Compressed class space mapped at: 0x0000000800c00000-0x0000000840c00000, reserved size: 1073741824
Narrow klass base: 0x0000000800000000, Narrow klass shift: 0, Narrow klass range: 0x100000000

GC Precious Log:
 CPUs: 8 total, 8 available
 Memory: 8192M
 Large Page Support: Disabled
 NUMA Support: Disabled
 Compressed Oops: Enabled (Zero based)
 Heap Region Size: 1M
 Heap Min Capacity: 8M
 Heap Initial Capacity: 128M
 Heap Max Capacity: 2G
 Pre-touch: Disabled
 Parallel Workers: 8
 Concurrent Workers: 2
 Concurrent Refinement Workers: 8
 Periodic GC: Disabled

Heap:
 garbage-first heap   total 133120K, used 39925K [0x0000000780000000, 0x0000000800000000)
  region size 1024K, 36 young (36864K), 3 survivors (3072K)
 Metaspace       used 14835K, committed 15040K, reserved 1064960K
  class space    used 2180K, committed 2304K, reserved 1048576K

Heap Regions: E=young(eden), S=young(survivor), O=old, HS=humongous(starts), HC=humongous(continues), CS=collection set, F=free, OA=open archive, CA=closed archive, TAMS=top-at-mark-start (previous, next)
|   0|0x0000000780000000, 0x0000000780005600, 0x0000000780100000|  2%| O|  |TAMS 0x0000000780000000, 0x0000000780000000| Untracked 
|   1|0x0000000780100000, 0x0000000780200000, 0x0000000780200000|100%|HS|  |TAMS 0x0000000780100000, 0x0000000780100000| Complete 
|   2|0x0000000780200000, 0x0000000780300000, 0x0000000780300000|100%|HC|  |TAMS 0x0000000780200000, 0x0000000780200000| Complete 
|   3|0x0000000780300000, 0x0000000780400000, 0x0000000780400000|100%|HS|  |TAMS 0x0000000780300000, 0x0000000780300000| Complete 
|   4|0x0000000780400000, 0x0000000780500000, 0x0000000780500000|100%|HC|  |TAMS 0x0000000780400000, 0x0000000780400000| Complete 
|   5|0x0000000780500000, 0x0000000780500000, 0x0000000780600000|  0%| F|  |TAMS 0x0000000780500000, 0x0000000780500000| Untracked 
|   6|0x0000000780600000, 0x0000000780600000, 0x0000000780700000|  0%| F|  |TAMS 0x0000000780600000, 0x0000000780600000| Untracked 
|   7|0x0000000780700000, 0x0000000780700000, 0x0000000780800000|  0%| F|  |TAMS 0x0000000780700000, 0x0000000780700000| Untracked 
|   8|0x0000000780800000, 0x0000000780800000, 0x0000000780900000|  0%| F|  |TAMS 0x0000000780800000, 0x0000000780800000| Untracked 
|   9|0x0000000780900000, 0x0000000780900000, 0x0000000780a00000|  0%| F|  |TAMS 0x0000000780900000, 0x0000000780900000| Untracked 
|  10|0x0000000780a00000, 0x0000000780a00000, 0x0000000780b00000|  0%| F|  |TAMS 0x0000000780a00000, 0x0000000780a00000| Untracked 
|  11|0x0000000780b00000, 0x0000000780b00000, 0x0000000780c00000|  0%| F|  |TAMS 0x0000000780b00000, 0x0000000780b00000| Untracked 
|  12|0x0000000780c00000, 0x0000000780c00000, 0x0000000780d00000|  0%| F|  |TAMS 0x0000000780c00000, 0x0000000780c00000| Untracked 
|  13|0x0000000780d00000, 0x0000000780d00000, 0x0000000780e00000|  0%| F|  |TAMS 0x0000000780d00000, 0x0000000780d00000| Untracked 
|  14|0x0000000780e00000, 0x0000000780e00000, 0x0000000780f00000|  0%| F|  |TAMS 0x0000000780e00000, 0x0000000780e00000| Untracked 
|  15|0x0000000780f00000, 0x0000000780f00000, 0x0000000781000000|  0%| F|  |TAMS 0x0000000780f00000, 0x0000000780f00000| Untracked 
|  16|0x0000000781000000, 0x0000000781000000, 0x0000000781100000|  0%| F|  |TAMS 0x0000000781000000, 0x0000000781000000| Untracked 
|  17|0x0000000781100000, 0x0000000781100000, 0x0000000781200000|  0%| F|  |TAMS 0x0000000781100000, 0x0000000781100000| Untracked 
|  18|0x0000000781200000, 0x0000000781200000, 0x0000000781300000|  0%| F|  |TAMS 0x0000000781200000, 0x0000000781200000| Untracked 
|  19|0x0000000781300000, 0x0000000781300000, 0x0000000781400000|  0%| F|  |TAMS 0x0000000781300000, 0x0000000781300000| Untracked 
|  20|0x0000000781400000, 0x0000000781400000, 0x0000000781500000|  0%| F|  |TAMS 0x0000000781400000, 0x0000000781400000| Untracked 
|  21|0x0000000781500000, 0x0000000781500000, 0x0000000781600000|  0%| F|  |TAMS 0x0000000781500000, 0x0000000781500000| Untracked 
|  22|0x0000000781600000, 0x0000000781600000, 0x0000000781700000|  0%| F|  |TAMS 0x0000000781600000, 0x0000000781600000| Untracked 
|  23|0x0000000781700000, 0x0000000781700000, 0x0000000781800000|  0%| F|  |TAMS 0x0000000781700000, 0x0000000781700000| Untracked 
|  24|0x0000000781800000, 0x0000000781800000, 0x0000000781900000|  0%| F|  |TAMS 0x0000000781800000, 0x0000000781800000| Untracked 
|  25|0x0000000781900000, 0x0000000781900000, 0x0000000781a00000|  0%| F|  |TAMS 0x0000000781900000, 0x0000000781900000| Untracked 
|  26|0x0000000781a00000, 0x0000000781a00000, 0x0000000781b00000|  0%| F|  |TAMS 0x0000000781a00000, 0x0000000781a00000| Untracked 
|  27|0x0000000781b00000, 0x0000000781b00000, 0x0000000781c00000|  0%| F|  |TAMS 0x0000000781b00000, 0x0000000781b00000| Untracked 
|  28|0x0000000781c00000, 0x0000000781c00000, 0x0000000781d00000|  0%| F|  |TAMS 0x0000000781c00000, 0x0000000781c00000| Untracked 
|  29|0x0000000781d00000, 0x0000000781d00000, 0x0000000781e00000|  0%| F|  |TAMS 0x0000000781d00000, 0x0000000781d00000| Untracked 
|  30|0x0000000781e00000, 0x0000000781e00000, 0x0000000781f00000|  0%| F|  |TAMS 0x0000000781e00000, 0x0000000781e00000| Untracked 
|  31|0x0000000781f00000, 0x0000000781f00000, 0x0000000782000000|  0%| F|  |TAMS 0x0000000781f00000, 0x0000000781f00000| Untracked 
|  32|0x0000000782000000, 0x0000000782000000, 0x0000000782100000|  0%| F|  |TAMS 0x0000000782000000, 0x0000000782000000| Untracked 
|  33|0x0000000782100000, 0x0000000782100000, 0x0000000782200000|  0%| F|  |TAMS 0x0000000782100000, 0x0000000782100000| Untracked 
|  34|0x0000000782200000, 0x0000000782200000, 0x0000000782300000|  0%| F|  |TAMS 0x0000000782200000, 0x0000000782200000| Untracked 
|  35|0x0000000782300000, 0x0000000782300000, 0x0000000782400000|  0%| F|  |TAMS 0x0000000782300000, 0x0000000782300000| Untracked 
|  36|0x0000000782400000, 0x0000000782400000, 0x0000000782500000|  0%| F|  |TAMS 0x0000000782400000, 0x0000000782400000| Untracked 
|  37|0x0000000782500000, 0x0000000782500000, 0x0000000782600000|  0%| F|  |TAMS 0x0000000782500000, 0x0000000782500000| Untracked 
|  38|0x0000000782600000, 0x0000000782600000, 0x0000000782700000|  0%| F|  |TAMS 0x0000000782600000, 0x0000000782600000| Untracked 
|  39|0x0000000782700000, 0x0000000782700000, 0x0000000782800000|  0%| F|  |TAMS 0x0000000782700000, 0x0000000782700000| Untracked 
|  40|0x0000000782800000, 0x0000000782800000, 0x0000000782900000|  0%| F|  |TAMS 0x0000000782800000, 0x0000000782800000| Untracked 
|  41|0x0000000782900000, 0x0000000782900000, 0x0000000782a00000|  0%| F|  |TAMS 0x0000000782900000, 0x0000000782900000| Untracked 
|  42|0x0000000782a00000, 0x0000000782a00000, 0x0000000782b00000|  0%| F|  |TAMS 0x0000000782a00000, 0x0000000782a00000| Untracked 
|  43|0x0000000782b00000, 0x0000000782b00000, 0x0000000782c00000|  0%| F|  |TAMS 0x0000000782b00000, 0x0000000782b00000| Untracked 
|  44|0x0000000782c00000, 0x0000000782c00000, 0x0000000782d00000|  0%| F|  |TAMS 0x0000000782c00000, 0x0000000782c00000| Untracked 
|  45|0x0000000782d00000, 0x0000000782d00000, 0x0000000782e00000|  0%| F|  |TAMS 0x0000000782d00000, 0x0000000782d00000| Untracked 
|  46|0x0000000782e00000, 0x0000000782e00000, 0x0000000782f00000|  0%| F|  |TAMS 0x0000000782e00000, 0x0000000782e00000| Untracked 
|  47|0x0000000782f00000, 0x0000000782f00000, 0x0000000783000000|  0%| F|  |TAMS 0x0000000782f00000, 0x0000000782f00000| Untracked 
|  48|0x0000000783000000, 0x0000000783000000, 0x0000000783100000|  0%| F|  |TAMS 0x0000000783000000, 0x0000000783000000| Untracked 
|  49|0x0000000783100000, 0x0000000783100000, 0x0000000783200000|  0%| F|  |TAMS 0x0000000783100000, 0x0000000783100000| Untracked 
|  50|0x0000000783200000, 0x0000000783200000, 0x0000000783300000|  0%| F|  |TAMS 0x0000000783200000, 0x0000000783200000| Untracked 
|  51|0x0000000783300000, 0x0000000783300000, 0x0000000783400000|  0%| F|  |TAMS 0x0000000783300000, 0x0000000783300000| Untracked 
|  52|0x0000000783400000, 0x0000000783400000, 0x0000000783500000|  0%| F|  |TAMS 0x0000000783400000, 0x0000000783400000| Untracked 
|  53|0x0000000783500000, 0x0000000783500000, 0x0000000783600000|  0%| F|  |TAMS 0x0000000783500000, 0x0000000783500000| Untracked 
|  54|0x0000000783600000, 0x0000000783600000, 0x0000000783700000|  0%| F|  |TAMS 0x0000000783600000, 0x0000000783600000| Untracked 
|  55|0x0000000783700000, 0x0000000783700000, 0x0000000783800000|  0%| F|  |TAMS 0x0000000783700000, 0x0000000783700000| Untracked 
|  56|0x0000000783800000, 0x0000000783800000, 0x0000000783900000|  0%| F|  |TAMS 0x0000000783800000, 0x0000000783800000| Untracked 
|  57|0x0000000783900000, 0x0000000783900000, 0x0000000783a00000|  0%| F|  |TAMS 0x0000000783900000, 0x0000000783900000| Untracked 
|  58|0x0000000783a00000, 0x0000000783a00000, 0x0000000783b00000|  0%| F|  |TAMS 0x0000000783a00000, 0x0000000783a00000| Untracked 
|  59|0x0000000783b00000, 0x0000000783b00000, 0x0000000783c00000|  0%| F|  |TAMS 0x0000000783b00000, 0x0000000783b00000| Untracked 
|  60|0x0000000783c00000, 0x0000000783c00000, 0x0000000783d00000|  0%| F|  |TAMS 0x0000000783c00000, 0x0000000783c00000| Untracked 
|  61|0x0000000783d00000, 0x0000000783d00000, 0x0000000783e00000|  0%| F|  |TAMS 0x0000000783d00000, 0x0000000783d00000| Untracked 
|  62|0x0000000783e00000, 0x0000000783e00000, 0x0000000783f00000|  0%| F|  |TAMS 0x0000000783e00000, 0x0000000783e00000| Untracked 
|  63|0x0000000783f00000, 0x0000000783f00000, 0x0000000784000000|  0%| F|  |TAMS 0x0000000783f00000, 0x0000000783f00000| Untracked 
|  64|0x0000000784000000, 0x0000000784000000, 0x0000000784100000|  0%| F|  |TAMS 0x0000000784000000, 0x0000000784000000| Untracked 
|  65|0x0000000784100000, 0x0000000784100000, 0x0000000784200000|  0%| F|  |TAMS 0x0000000784100000, 0x0000000784100000| Untracked 
|  66|0x0000000784200000, 0x0000000784200000, 0x0000000784300000|  0%| F|  |TAMS 0x0000000784200000, 0x0000000784200000| Untracked 
|  67|0x0000000784300000, 0x0000000784300000, 0x0000000784400000|  0%| F|  |TAMS 0x0000000784300000, 0x0000000784300000| Untracked 
|  68|0x0000000784400000, 0x0000000784400000, 0x0000000784500000|  0%| F|  |TAMS 0x0000000784400000, 0x0000000784400000| Untracked 
|  69|0x0000000784500000, 0x0000000784500000, 0x0000000784600000|  0%| F|  |TAMS 0x0000000784500000, 0x0000000784500000| Untracked 
|  70|0x0000000784600000, 0x0000000784600000, 0x0000000784700000|  0%| F|  |TAMS 0x0000000784600000, 0x0000000784600000| Untracked 
|  71|0x0000000784700000, 0x0000000784700000, 0x0000000784800000|  0%| F|  |TAMS 0x0000000784700000, 0x0000000784700000| Untracked 
|  72|0x0000000784800000, 0x0000000784800000, 0x0000000784900000|  0%| F|  |TAMS 0x0000000784800000, 0x0000000784800000| Untracked 
|  73|0x0000000784900000, 0x0000000784900000, 0x0000000784a00000|  0%| F|  |TAMS 0x0000000784900000, 0x0000000784900000| Untracked 
|  74|0x0000000784a00000, 0x0000000784a00000, 0x0000000784b00000|  0%| F|  |TAMS 0x0000000784a00000, 0x0000000784a00000| Untracked 
|  75|0x0000000784b00000, 0x0000000784b00000, 0x0000000784c00000|  0%| F|  |TAMS 0x0000000784b00000, 0x0000000784b00000| Untracked 
|  76|0x0000000784c00000, 0x0000000784c00000, 0x0000000784d00000|  0%| F|  |TAMS 0x0000000784c00000, 0x0000000784c00000| Untracked 
|  77|0x0000000784d00000, 0x0000000784d00000, 0x0000000784e00000|  0%| F|  |TAMS 0x0000000784d00000, 0x0000000784d00000| Untracked 
|  78|0x0000000784e00000, 0x0000000784e00000, 0x0000000784f00000|  0%| F|  |TAMS 0x0000000784e00000, 0x0000000784e00000| Untracked 
|  79|0x0000000784f00000, 0x0000000784f00000, 0x0000000785000000|  0%| F|  |TAMS 0x0000000784f00000, 0x0000000784f00000| Untracked 
|  80|0x0000000785000000, 0x0000000785000000, 0x0000000785100000|  0%| F|  |TAMS 0x0000000785000000, 0x0000000785000000| Untracked 
|  81|0x0000000785100000, 0x0000000785100000, 0x0000000785200000|  0%| F|  |TAMS 0x0000000785100000, 0x0000000785100000| Untracked 
|  82|0x0000000785200000, 0x0000000785200000, 0x0000000785300000|  0%| F|  |TAMS 0x0000000785200000, 0x0000000785200000| Untracked 
|  83|0x0000000785300000, 0x0000000785300000, 0x0000000785400000|  0%| F|  |TAMS 0x0000000785300000, 0x0000000785300000| Untracked 
|  84|0x0000000785400000, 0x0000000785400000, 0x0000000785500000|  0%| F|  |TAMS 0x0000000785400000, 0x0000000785400000| Untracked 
|  85|0x0000000785500000, 0x0000000785500000, 0x0000000785600000|  0%| F|  |TAMS 0x0000000785500000, 0x0000000785500000| Untracked 
|  86|0x0000000785600000, 0x0000000785600000, 0x0000000785700000|  0%| F|  |TAMS 0x0000000785600000, 0x0000000785600000| Untracked 
|  87|0x0000000785700000, 0x0000000785700000, 0x0000000785800000|  0%| F|  |TAMS 0x0000000785700000, 0x0000000785700000| Untracked 
|  88|0x0000000785800000, 0x0000000785800000, 0x0000000785900000|  0%| F|  |TAMS 0x0000000785800000, 0x0000000785800000| Untracked 
|  89|0x0000000785900000, 0x0000000785900000, 0x0000000785a00000|  0%| F|  |TAMS 0x0000000785900000, 0x0000000785900000| Untracked 
|  90|0x0000000785a00000, 0x0000000785a00000, 0x0000000785b00000|  0%| F|  |TAMS 0x0000000785a00000, 0x0000000785a00000| Untracked 
|  91|0x0000000785b00000, 0x0000000785b00000, 0x0000000785c00000|  0%| F|  |TAMS 0x0000000785b00000, 0x0000000785b00000| Untracked 
|  92|0x0000000785c00000, 0x0000000785c80800, 0x0000000785d00000| 50%| E|  |TAMS 0x0000000785c00000, 0x0000000785c00000| Complete 
|  93|0x0000000785d00000, 0x0000000785e00000, 0x0000000785e00000|100%| E|CS|TAMS 0x0000000785d00000, 0x0000000785d00000| Complete 
|  94|0x0000000785e00000, 0x0000000785f00000, 0x0000000785f00000|100%| E|CS|TAMS 0x0000000785e00000, 0x0000000785e00000| Complete 
|  95|0x0000000785f00000, 0x0000000786000000, 0x0000000786000000|100%| E|  |TAMS 0x0000000785f00000, 0x0000000785f00000| Complete 
|  96|0x0000000786000000, 0x0000000786100000, 0x0000000786100000|100%| E|CS|TAMS 0x0000000786000000, 0x0000000786000000| Complete 
|  97|0x0000000786100000, 0x0000000786200000, 0x0000000786200000|100%| E|CS|TAMS 0x0000000786100000, 0x0000000786100000| Complete 
|  98|0x0000000786200000, 0x0000000786300000, 0x0000000786300000|100%| E|CS|TAMS 0x0000000786200000, 0x0000000786200000| Complete 
|  99|0x0000000786300000, 0x0000000786400000, 0x0000000786400000|100%| E|CS|TAMS 0x0000000786300000, 0x0000000786300000| Complete 
| 100|0x0000000786400000, 0x0000000786500000, 0x0000000786500000|100%| E|CS|TAMS 0x0000000786400000, 0x0000000786400000| Complete 
| 101|0x0000000786500000, 0x0000000786600000, 0x0000000786600000|100%| E|CS|TAMS 0x0000000786500000, 0x0000000786500000| Complete 
| 102|0x0000000786600000, 0x0000000786700000, 0x0000000786700000|100%| S|CS|TAMS 0x0000000786600000, 0x0000000786600000| Complete 
| 103|0x0000000786700000, 0x0000000786800000, 0x0000000786800000|100%| S|CS|TAMS 0x0000000786700000, 0x0000000786700000| Complete 
| 104|0x0000000786800000, 0x0000000786900000, 0x0000000786900000|100%| S|CS|TAMS 0x0000000786800000, 0x0000000786800000| Complete 
| 105|0x0000000786900000, 0x0000000786a00000, 0x0000000786a00000|100%| E|CS|TAMS 0x0000000786900000, 0x0000000786900000| Complete 
| 106|0x0000000786a00000, 0x0000000786b00000, 0x0000000786b00000|100%| E|CS|TAMS 0x0000000786a00000, 0x0000000786a00000| Complete 
| 107|0x0000000786b00000, 0x0000000786c00000, 0x0000000786c00000|100%| E|CS|TAMS 0x0000000786b00000, 0x0000000786b00000| Complete 
| 108|0x0000000786c00000, 0x0000000786d00000, 0x0000000786d00000|100%| E|CS|TAMS 0x0000000786c00000, 0x0000000786c00000| Complete 
| 109|0x0000000786d00000, 0x0000000786e00000, 0x0000000786e00000|100%| E|CS|TAMS 0x0000000786d00000, 0x0000000786d00000| Complete 
| 110|0x0000000786e00000, 0x0000000786f00000, 0x0000000786f00000|100%| E|CS|TAMS 0x0000000786e00000, 0x0000000786e00000| Complete 
| 111|0x0000000786f00000, 0x0000000787000000, 0x0000000787000000|100%| E|CS|TAMS 0x0000000786f00000, 0x0000000786f00000| Complete 
| 112|0x0000000787000000, 0x0000000787100000, 0x0000000787100000|100%| E|CS|TAMS 0x0000000787000000, 0x0000000787000000| Complete 
| 113|0x0000000787100000, 0x0000000787200000, 0x0000000787200000|100%| E|CS|TAMS 0x0000000787100000, 0x0000000787100000| Complete 
| 114|0x0000000787200000, 0x0000000787300000, 0x0000000787300000|100%| E|CS|TAMS 0x0000000787200000, 0x0000000787200000| Complete 
| 115|0x0000000787300000, 0x0000000787400000, 0x0000000787400000|100%| E|CS|TAMS 0x0000000787300000, 0x0000000787300000| Complete 
| 116|0x0000000787400000, 0x0000000787500000, 0x0000000787500000|100%| E|CS|TAMS 0x0000000787400000, 0x0000000787400000| Complete 
| 117|0x0000000787500000, 0x0000000787600000, 0x0000000787600000|100%| E|CS|TAMS 0x0000000787500000, 0x0000000787500000| Complete 
| 118|0x0000000787600000, 0x0000000787700000, 0x0000000787700000|100%| E|CS|TAMS 0x0000000787600000, 0x0000000787600000| Complete 
| 119|0x0000000787700000, 0x0000000787800000, 0x0000000787800000|100%| E|CS|TAMS 0x0000000787700000, 0x0000000787700000| Complete 
| 120|0x0000000787800000, 0x0000000787900000, 0x0000000787900000|100%| E|CS|TAMS 0x0000000787800000, 0x0000000787800000| Complete 
| 121|0x0000000787900000, 0x0000000787a00000, 0x0000000787a00000|100%| E|CS|TAMS 0x0000000787900000, 0x0000000787900000| Complete 
| 122|0x0000000787a00000, 0x0000000787b00000, 0x0000000787b00000|100%| E|CS|TAMS 0x0000000787a00000, 0x0000000787a00000| Complete 
| 123|0x0000000787b00000, 0x0000000787c00000, 0x0000000787c00000|100%| E|CS|TAMS 0x0000000787b00000, 0x0000000787b00000| Complete 
| 124|0x0000000787c00000, 0x0000000787d00000, 0x0000000787d00000|100%| E|CS|TAMS 0x0000000787c00000, 0x0000000787c00000| Complete 
| 125|0x0000000787d00000, 0x0000000787e00000, 0x0000000787e00000|100%| E|CS|TAMS 0x0000000787d00000, 0x0000000787d00000| Complete 
| 126|0x0000000787e00000, 0x0000000787f00000, 0x0000000787f00000|100%| E|CS|TAMS 0x0000000787e00000, 0x0000000787e00000| Complete 
| 127|0x0000000787f00000, 0x0000000788000000, 0x0000000788000000|100%| E|CS|TAMS 0x0000000787f00000, 0x0000000787f00000| Complete 
|2046|0x00000007ffe00000, 0x00000007ffe78000, 0x00000007fff00000| 46%|OA|  |TAMS 0x00000007ffe00000, 0x00000007ffe00000| Untracked 
|2047|0x00000007fff00000, 0x00000007fff80000, 0x0000000800000000| 50%|CA|  |TAMS 0x00000007fff00000, 0x00000007fff00000| Untracked 

Card table byte_map: [0x00000001058b4000,0x0000000105cb4000] _byte_map_base: 0x0000000101cb4000

Marking Bits (Prev, Next): (CMBitMap*) 0x000000015082fe10, (CMBitMap*) 0x000000015082fe50
 Prev Bits: [0x000000011d7cc000, 0x000000011f7cc000)
 Next Bits: [0x000000011f7cc000, 0x00000001217cc000)

Polling page: 0x0000000105148000

Metaspace:

Usage:
  Non-class:     12.36 MB used.
      Class:      2.13 MB used.
       Both:     14.49 MB used.

Virtual space:
  Non-class space:       16.00 MB reserved,      12.44 MB ( 78%) committed,  2 nodes.
      Class space:        1.00 GB reserved,       2.25 MB ( <1%) committed,  1 nodes.
             Both:        1.02 GB reserved,      14.69 MB (  1%) committed. 

Chunk freelists:
   Non-Class:  3.20 MB
       Class:  1.68 MB
        Both:  4.88 MB

MaxMetaspaceSize: unlimited
CompressedClassSpaceSize: 1.00 GB
Initial GC threshold: 21.00 MB
Current GC threshold: 21.00 MB
CDS: on
MetaspaceReclaimPolicy: balanced
 - commit_granule_bytes: 65536.
 - commit_granule_words: 8192.
 - virtual_space_node_default_size: 1048576.
 - enlarge_chunks_in_place: 1.
 - new_chunks_are_fully_committed: 0.
 - uncommit_free_chunks: 1.
 - use_allocation_guard: 0.
 - handle_deallocations: 1.


Internal statistics:

num_allocs_failed_limit: 0.
num_arena_births: 216.
num_arena_deaths: 0.
num_vsnodes_births: 3.
num_vsnodes_deaths: 0.
num_space_committed: 235.
num_space_uncommitted: 0.
num_chunks_returned_to_freelist: 0.
num_chunks_taken_from_freelist: 685.
num_chunk_merges: 0.
num_chunk_splits: 485.
num_chunks_enlarged: 386.
num_purges: 0.
num_inconsistent_stats: 0.

CodeHeap 'non-profiled nmethods': size=120032Kb used=943Kb max_used=943Kb free=119088Kb
 bounds [0x0000000116294000, 0x0000000116504000, 0x000000011d7cc000]
CodeHeap 'profiled nmethods': size=120016Kb used=4384Kb max_used=4384Kb free=115631Kb
 bounds [0x000000010ed60000, 0x000000010f1b0000, 0x0000000116294000]
CodeHeap 'non-nmethods': size=5712Kb used=1381Kb max_used=1455Kb free=4330Kb
 bounds [0x000000010e7cc000, 0x000000010ea3c000, 0x000000010ed60000]
 total_blobs=3080 nmethods=2311 adapters=685
 compilation: enabled
              stopped_count=0, restarted_count=0
 full_count=0

Compilation events (20 events):
Event: 5.376 Thread 0x00000001508b2800 2369       3       com.sun.javafx.geom.transform.GeneralTransform3D::set (24 bytes)
Event: 5.376 Thread 0x00000001508b2800 nmethod 2369 0x000000010f1a5f10 code [0x000000010f1a60c0, 0x000000010f1a6308]
Event: 5.376 Thread 0x00000001508b2800 2368       1       java.util.Collections$EmptyList::size (2 bytes)
Event: 5.376 Thread 0x00000001508b2800 nmethod 2368 0x000000011637f210 code [0x000000011637f380, 0x000000011637f468]
Event: 5.376 Thread 0x00000001508b2800 2370       1       com.sun.prism.impl.BaseGraphics::setCompositeMode (6 bytes)
Event: 5.376 Thread 0x00000001508b2800 nmethod 2370 0x000000011637f510 code [0x000000011637f680, 0x000000011637f7e8]
Event: 5.376 Thread 0x00000001508b2800 2371       1       com.sun.prism.impl.ps.BaseShaderContext::getLCDBuffer (5 bytes)
Event: 5.377 Thread 0x00000001508b2800 nmethod 2371 0x000000011637f890 code [0x000000011637fa00, 0x000000011637fae8]
Event: 5.377 Thread 0x00000001508b2800 2372       3       com.sun.prism.impl.BaseContext::flushMask (97 bytes)
Event: 5.377 Thread 0x00000001508b2800 nmethod 2372 0x000000010f1a6410 code [0x000000010f1a6640, 0x000000010f1a6d18]
Event: 5.378 Thread 0x00000001508b2800 2373       3       com.sun.javafx.tk.Toolkit::getPaintAccessor (4 bytes)
Event: 5.378 Thread 0x00000001508b2800 nmethod 2373 0x000000010f1a6f10 code [0x000000010f1a70c0, 0x000000010f1a71e8]
Event: 5.378 Thread 0x00000001508b2800 2374       1       com.sun.javafx.text.TextRun::getGlyphCount (5 bytes)
Event: 5.378 Thread 0x00000001508b2800 nmethod 2374 0x000000011637fb90 code [0x000000011637fd00, 0x000000011637fde8]
Event: 5.378 Thread 0x00000001508b2800 2376       3       com.sun.prism.impl.BaseTexture::lock (9 bytes)
Event: 5.378 Thread 0x00000001508b2800 nmethod 2376 0x000000010f1a7290 code [0x000000010f1a7440, 0x000000010f1a7628]
Event: 5.378 Thread 0x00000001508b2800 2375       3       com.sun.prism.impl.BaseTexture::isSurfaceLost (16 bytes)
Event: 5.379 Thread 0x00000001508b2800 nmethod 2375 0x000000010f1a7710 code [0x000000010f1a78c0, 0x000000010f1a7be8]
Event: 5.379 Thread 0x00000001508b2800 2377       3       com.sun.javafx.geom.RectBounds::<init> (14 bytes)
Event: 5.379 Thread 0x00000001508b2800 nmethod 2377 0x000000010f1a7d10 code [0x000000010f1a7ec0, 0x000000010f1a8128]

GC Heap History (2 events):
Event: 1.044 GC heap before
{Heap before GC invocations=0 (full 0):
 garbage-first heap   total 133120K, used 23520K [0x0000000780000000, 0x0000000800000000)
  region size 1024K, 23 young (23552K), 0 survivors (0K)
 Metaspace       used 7495K, committed 7616K, reserved 1056768K
  class space    used 960K, committed 1024K, reserved 1048576K
}
Event: 1.047 GC heap after
{Heap after GC invocations=1 (full 0):
 garbage-first heap   total 133120K, used 4085K [0x0000000780000000, 0x0000000800000000)
  region size 1024K, 3 young (3072K), 3 survivors (3072K)
 Metaspace       used 7495K, committed 7616K, reserved 1056768K
  class space    used 960K, committed 1024K, reserved 1048576K
}

Deoptimization events (20 events):
Event: 2.226 Thread 0x00000001510d6800 DEOPT PACKING pc=0x000000010f0e5b38 sp=0x000000016d6b9470
Event: 2.226 Thread 0x00000001510d6800 DEOPT UNPACKING pc=0x000000010e80ab7c sp=0x000000016d6b90d0 mode 0
Event: 2.226 Thread 0x00000001510d6800 DEOPT PACKING pc=0x000000010f0e5b38 sp=0x000000016d6b9470
Event: 2.226 Thread 0x00000001510d6800 DEOPT UNPACKING pc=0x000000010e80ab7c sp=0x000000016d6b90d0 mode 0
Event: 2.226 Thread 0x00000001510d6800 DEOPT PACKING pc=0x000000010f0e5b38 sp=0x000000016d6b9470
Event: 2.226 Thread 0x00000001510d6800 DEOPT UNPACKING pc=0x000000010e80ab7c sp=0x000000016d6b90d0 mode 0
Event: 2.226 Thread 0x00000001510d6800 DEOPT PACKING pc=0x000000010f0e5b38 sp=0x000000016d6b9470
Event: 2.226 Thread 0x00000001510d6800 DEOPT UNPACKING pc=0x000000010e80ab7c sp=0x000000016d6b90d0 mode 0
Event: 2.226 Thread 0x00000001510d6800 DEOPT PACKING pc=0x000000010f0e5b38 sp=0x000000016d6b9470
Event: 2.226 Thread 0x00000001510d6800 DEOPT UNPACKING pc=0x000000010e80ab7c sp=0x000000016d6b90d0 mode 0
Event: 2.226 Thread 0x00000001510d6800 DEOPT PACKING pc=0x000000010f0e5b38 sp=0x000000016d6b9470
Event: 2.226 Thread 0x00000001510d6800 DEOPT UNPACKING pc=0x000000010e80ab7c sp=0x000000016d6b90d0 mode 0
Event: 2.226 Thread 0x00000001510d6800 DEOPT PACKING pc=0x000000010f0e5b38 sp=0x000000016d6b9470
Event: 2.226 Thread 0x00000001510d6800 DEOPT UNPACKING pc=0x000000010e80ab7c sp=0x000000016d6b90d0 mode 0
Event: 2.226 Thread 0x00000001510d6800 DEOPT PACKING pc=0x000000010f0e5a4c sp=0x000000016d6b9470
Event: 2.226 Thread 0x00000001510d6800 DEOPT UNPACKING pc=0x000000010e80ab7c sp=0x000000016d6b90d0 mode 0
Event: 3.076 Thread 0x00000001510d6800 DEOPT PACKING pc=0x000000010f0ea960 sp=0x000000016d6b91b0
Event: 3.076 Thread 0x00000001510d6800 DEOPT UNPACKING pc=0x000000010e80ab7c sp=0x000000016d6b8e50 mode 0
Event: 3.538 Thread 0x00000001510d6800 DEOPT PACKING pc=0x000000010f116724 sp=0x000000016d6b93e0
Event: 3.538 Thread 0x00000001510d6800 DEOPT UNPACKING pc=0x000000010e80ab7c sp=0x000000016d6b8fe0 mode 0

Classes unloaded (0 events):
No events

Classes redefined (0 events):
No events

Internal exceptions (20 events):
Event: 1.575 Thread 0x00000001309a5c00 Exception <a 'java/lang/IncompatibleClassChangeError'{0x0000000786f12050}: Found class java.lang.Object, but interface was expected> (0x0000000786f12050) 
thrown [open/src/hotspot/share/interpreter/linkResolver.cpp, line 833]
Event: 1.661 Thread 0x00000001309a5c00 Exception <a 'java/lang/ClassNotFoundException'{0x0000000786c31968}: com/sun/javafx/scene/control/skin/resources/controls> (0x0000000786c31968) 
thrown [open/src/hotspot/share/prims/jni.cpp, line 535]
Event: 1.661 Thread 0x00000001309a5c00 Exception <a 'java/lang/ClassNotFoundException'{0x0000000786c3f908}: com/sun/javafx/scene/control/skin/resources/controls_en> (0x0000000786c3f908) 
thrown [open/src/hotspot/share/prims/jni.cpp, line 535]
Event: 1.661 Thread 0x00000001309a5c00 Exception <a 'java/lang/ClassNotFoundException'{0x0000000786c408a0}: com/sun/javafx/scene/control/skin/resources/controls_en_NZ> (0x0000000786c408a0) 
thrown [open/src/hotspot/share/prims/jni.cpp, line 535]
Event: 1.681 Thread 0x00000001309a5c00 Exception <a 'java/lang/NoSuchMethodError'{0x0000000786a2aa28}: 'void java.lang.invoke.DirectMethodHandle$Holder.invokeSpecial(java.lang.Object, java.lang.Object, java.lang.Object, java.lang.Object, java.lang.Object, java.lang.Object)'> (0x0000000786a2aa28) 
thrown [open/src/hotspot/share/interpreter/linkResolver.cpp, line 766]
Event: 1.750 Thread 0x00000001309a5c00 Exception <a 'java/lang/NoSuchMethodError'{0x00000007864c2368}: 'java.lang.Object java.lang.invoke.DirectMethodHandle$Holder.newInvokeSpecial(java.lang.Object, java.lang.Object, int, int)'> (0x00000007864c2368) 
thrown [open/src/hotspot/share/interpreter/linkResolver.cpp, line 766]
Event: 1.773 Thread 0x00000001309a5c00 Exception <a 'java/lang/NoSuchMethodError'{0x00000007864d62d8}: 'java.lang.Object java.lang.invoke.DirectMethodHandle$Holder.newInvokeSpecial(java.lang.Object, java.lang.Object, int)'> (0x00000007864d62d8) 
thrown [open/src/hotspot/share/interpreter/linkResolver.cpp, line 766]
Event: 2.076 Thread 0x00000001309a5c00 Implicit null exception at 0x000000011632dc4c to 0x000000011632e364
Event: 2.076 Thread 0x00000001309a5c00 Implicit null exception at 0x000000011632dc4c to 0x000000011632e364
Event: 2.076 Thread 0x00000001309a5c00 Implicit null exception at 0x000000011632dc4c to 0x000000011632e364
Event: 2.076 Thread 0x00000001309a5c00 Implicit null exception at 0x000000011632dc4c to 0x000000011632e364
Event: 2.094 Thread 0x00000001510d6800 Exception <a 'java/lang/NoSuchMethodError'{0x00000007862e7b48}: 'int java.lang.invoke.DirectMethodHandle$Holder.invokeStaticInit(java.lang.Object, java.lang.Object)'> (0x00000007862e7b48) 
thrown [open/src/hotspot/share/interpreter/linkResolver.cpp, line 766]
Event: 4.022 Thread 0x00000001309a5c00 Exception <a 'java/lang/NoSuchMethodError'{0x0000000785d670b0}: 'long java.lang.invoke.DirectMethodHandle$Holder.invokeStatic(java.lang.Object, java.lang.Object, java.lang.Object)'> (0x0000000785d670b0) 
thrown [open/src/hotspot/share/interpreter/linkResolver.cpp, line 766]
Event: 4.022 Thread 0x00000001309a5c00 Exception <a 'java/lang/NoSuchMethodError'{0x0000000785d6a858}: 'long java.lang.invoke.DirectMethodHandle$Holder.invokeStaticInit(java.lang.Object, java.lang.Object, java.lang.Object)'> (0x0000000785d6a858) 
thrown [open/src/hotspot/share/interpreter/linkResolver.cpp, line 766]
Event: 4.023 Thread 0x00000001309a5c00 Exception <a 'java/lang/NoSuchMethodError'{0x0000000785d82888}: 'java.lang.Object java.lang.invoke.DirectMethodHandle$Holder.newInvokeSpecial(java.lang.Object, java.lang.Object, long)'> (0x0000000785d82888) 
thrown [open/src/hotspot/share/interpreter/linkResolver.cpp, line 766]
Event: 4.024 Thread 0x00000001309a5c00 Exception <a 'java/lang/NoSuchMethodError'{0x0000000785d86150}: 'java.lang.Object java.lang.invoke.Invokers$Holder.linkToTargetMethod(java.lang.Object, long, java.lang.Object)'> (0x0000000785d86150) 
thrown [open/src/hotspot/share/interpreter/linkResolver.cpp, line 766]
Event: 4.102 Thread 0x00000001309a5c00 Exception <a 'java/lang/reflect/InvocationTargetException'{0x0000000785d93b00}> (0x0000000785d93b00) 
thrown [open/src/hotspot/share/runtime/reflection.cpp, line 1121]
Event: 5.369 Thread 0x00000001309a5c00 Exception <a 'java/lang/NoSuchMethodError'{0x0000000785df5928}: 'java.lang.Object java.lang.invoke.DirectMethodHandle$Holder.newInvokeSpecial(java.lang.Object, java.lang.Object, int, int, int, int, int, java.lang.Object)'> (0x0000000785df5928) 
thrown [open/src/hotspot/share/interpreter/linkResolver.cpp, line 766]
Event: 5.369 Thread 0x00000001309a5c00 Exception <a 'java/lang/NoSuchMethodError'{0x0000000785c09610}: 'java.lang.Object java.lang.invoke.DirectMethodHandle$Holder.newInvokeSpecial(java.lang.Object, java.lang.Object, java.lang.Object, int, int, int, int, int)'> (0x0000000785c09610) 
thrown [open/src/hotspot/share/interpreter/linkResolver.cpp, line 766]
Event: 5.369 Thread 0x00000001309a5c00 Exception <a 'java/lang/NoSuchMethodError'{0x0000000785c10e70}: 'java.lang.Object java.lang.invoke.Invokers$Holder.linkToTargetMethod(java.lang.Object, java.lang.Object, int, int, int, int, int, java.lang.Object)'> (0x0000000785c10e70) 
thrown [open/src/hotspot/share/interpreter/linkResolver.cpp, line 766]

VM Operations (20 events):
Event: 1.044 Executing VM operation: G1CollectForAllocation
Event: 1.047 Executing VM operation: G1CollectForAllocation done
Event: 1.095 Executing VM operation: HandshakeAllThreads
Event: 1.095 Executing VM operation: HandshakeAllThreads done
Event: 1.126 Executing VM operation: ICBufferFull
Event: 1.126 Executing VM operation: ICBufferFull done
Event: 1.564 Executing VM operation: ICBufferFull
Event: 1.564 Executing VM operation: ICBufferFull done
Event: 1.564 Executing VM operation: HandshakeAllThreads
Event: 1.564 Executing VM operation: HandshakeAllThreads done
Event: 1.596 Executing VM operation: ICBufferFull
Event: 1.596 Executing VM operation: ICBufferFull done
Event: 1.745 Executing VM operation: ICBufferFull
Event: 1.746 Executing VM operation: ICBufferFull done
Event: 2.751 Executing VM operation: Cleanup
Event: 2.751 Executing VM operation: Cleanup done
Event: 3.756 Executing VM operation: Cleanup
Event: 3.756 Executing VM operation: Cleanup done
Event: 4.761 Executing VM operation: Cleanup
Event: 4.761 Executing VM operation: Cleanup done

Events (20 events):
Event: 2.169 loading class java/nio/DirectFloatBufferU
Event: 2.171 loading class java/nio/DirectFloatBufferU done
Event: 2.388 Protecting memory [0x000000016d8d0000,0x000000016d8dc000] with protection modes 3
Event: 2.388 Thread 0x0000000152175c00 Thread exited: 0x0000000152175c00
Event: 3.056 loading class java/util/EnumMap$Values
Event: 3.057 loading class java/util/EnumMap$Values done
Event: 3.057 loading class java/util/EnumMap$ValueIterator
Event: 3.057 loading class java/util/EnumMap$EnumMapIterator
Event: 3.057 loading class java/util/EnumMap$EnumMapIterator done
Event: 3.057 loading class java/util/EnumMap$ValueIterator done
Event: 3.071 Protecting memory [0x000000016d8d0000,0x000000016d8dc000] with protection modes 0
Event: 3.071 Thread 0x00000001309aca00 Thread added: 0x00000001309aca00
Event: 4.102 loading class java/lang/Throwable$WrappedPrintStream
Event: 4.102 loading class java/lang/Throwable$PrintStreamOrWriter
Event: 4.102 loading class java/lang/Throwable$PrintStreamOrWriter done
Event: 4.102 loading class java/lang/Throwable$WrappedPrintStream done
Event: 4.754 Protecting memory [0x000000016d8d0000,0x000000016d8dc000] with protection modes 3
Event: 4.754 Thread 0x00000001309aca00 Thread exited: 0x00000001309aca00
Event: 4.937 Protecting memory [0x000000016d8d0000,0x000000016d8dc000] with protection modes 0
Event: 4.937 Thread 0x0000000131809c00 Thread added: 0x0000000131809c00


Dynamic libraries:
0x00000001050f8000 	/Library/Java/JavaVirtualMachines/jdk-17.0.2.jdk/Contents/Home/lib/libjli.dylib
0x00000001c8fa9000 	/usr/lib/libz.1.dylib
0x00000001c9059000 	/usr/lib/libSystem.B.dylib
0x00000001c9053000 	/usr/lib/system/libcache.dylib
0x00000001c9011000 	/usr/lib/system/libcommonCrypto.dylib
0x00000001c903a000 	/usr/lib/system/libcompiler_rt.dylib
0x00000001c9031000 	/usr/lib/system/libcopyfile.dylib
0x00000001be392000 	/usr/lib/system/libcorecrypto.dylib
0x00000001be437000 	/usr/lib/system/libdispatch.dylib
0x00000001be5ff000 	/usr/lib/system/libdyld.dylib
0x00000001c9049000 	/usr/lib/system/libkeymgr.dylib
0x00000001c8ff3000 	/usr/lib/system/libmacho.dylib
0x00000001c86f3000 	/usr/lib/system/libquarantine.dylib
0x00000001c9046000 	/usr/lib/system/libremovefile.dylib
0x00000001c3791000 	/usr/lib/system/libsystem_asl.dylib
0x00000001be33c000 	/usr/lib/system/libsystem_blocks.dylib
0x00000001be4bd000 	/usr/lib/system/libsystem_c.dylib
0x00000001c903e000 	/usr/lib/system/libsystem_collections.dylib
0x00000001c7bb2000 	/usr/lib/system/libsystem_configuration.dylib
0x00000001c6e36000 	/usr/lib/system/libsystem_containermanager.dylib
0x00000001c8d5a000 	/usr/lib/system/libsystem_coreservices.dylib
0x00000001c0d23000 	/usr/lib/system/libsystem_darwin.dylib
0x00000001c904a000 	/usr/lib/system/libsystem_dnssd.dylib
0x00000001be4ba000 	/usr/lib/system/libsystem_featureflags.dylib
0x00000001be614000 	/usr/lib/system/libsystem_info.dylib
0x00000001c8fbb000 	/usr/lib/system/libsystem_m.dylib
0x00000001be40c000 	/usr/lib/system/libsystem_malloc.dylib
0x00000001c3722000 	/usr/lib/system/libsystem_networkextension.dylib
0x00000001c1177000 	/usr/lib/system/libsystem_notify.dylib
0x00000001cf25d000 	/usr/lib/system/libsystem_product_info_filter.dylib
0x00000001c7bb7000 	/usr/lib/system/libsystem_sandbox.dylib
0x00000001c9043000 	/usr/lib/system/libsystem_secinit.dylib
0x00000001be5bc000 	/usr/lib/system/libsystem_kernel.dylib
0x00000001be60c000 	/usr/lib/system/libsystem_platform.dylib
0x00000001be5f2000 	/usr/lib/system/libsystem_pthread.dylib
0x00000001c4ece000 	/usr/lib/system/libsystem_symptoms.dylib
0x00000001be378000 	/usr/lib/system/libsystem_trace.dylib
0x00000001c901e000 	/usr/lib/system/libunwind.dylib
0x00000001be33e000 	/usr/lib/system/libxpc.dylib
0x00000001be5a2000 	/usr/lib/libc++abi.dylib
0x00000001be47e000 	/usr/lib/libobjc.A.dylib
0x00000001c9029000 	/usr/lib/liboah.dylib
0x00000001be53e000 	/usr/lib/libc++.1.dylib
0x00000001d4c5e000 	/System/Library/Frameworks/Cocoa.framework/Versions/A/Cocoa
0x00000001c11d7000 	/System/Library/Frameworks/AppKit.framework/Versions/C/AppKit
0x00000001c470d000 	/System/Library/Frameworks/CoreData.framework/Versions/A/CoreData
0x00000001bf534000 	/System/Library/Frameworks/Foundation.framework/Versions/C/Foundation
0x00000001c208e000 	/System/Library/PrivateFrameworks/UIFoundation.framework/Versions/A/UIFoundation
0x00000001cef57000 	/System/Library/PrivateFrameworks/RemoteViewServices.framework/Versions/A/RemoteViewServices
0x00000001c7570000 	/System/Library/PrivateFrameworks/XCTTargetBootstrap.framework/Versions/A/XCTTargetBootstrap
0x00000001cad5a000 	/System/Library/PrivateFrameworks/InternationalSupport.framework/Versions/A/InternationalSupport
0x00000001cade3000 	/System/Library/PrivateFrameworks/UserActivity.framework/Versions/A/UserActivity
0x00000001ca288000 	/usr/lib/libspindump.dylib
0x00000001c22fe000 	/System/Library/Frameworks/UniformTypeIdentifiers.framework/Versions/A/UniformTypeIdentifiers
0x00000001c5afd000 	/usr/lib/libapp_launch_measurement.dylib
0x00000001c5075000 	/System/Library/PrivateFrameworks/CoreAnalytics.framework/Versions/A/CoreAnalytics
0x00000001c5b00000 	/System/Library/PrivateFrameworks/CoreAutoLayout.framework/Versions/A/CoreAutoLayout
0x00000001c6e73000 	/System/Library/Frameworks/Metal.framework/Versions/A/Metal
0x00000001c7bc2000 	/usr/lib/liblangid.dylib
0x00000001c7574000 	/System/Library/PrivateFrameworks/CoreSVG.framework/Versions/A/CoreSVG
0x00000001c37c5000 	/System/Library/PrivateFrameworks/SkyLight.framework/Versions/A/SkyLight
0x00000001c3b92000 	/System/Library/Frameworks/CoreGraphics.framework/Versions/A/CoreGraphics
0x00000001cf5d5000 	/System/Library/Frameworks/Accelerate.framework/Versions/A/Accelerate
0x00000001c9cfc000 	/System/Library/PrivateFrameworks/IconServices.framework/Versions/A/IconServices
0x00000001c6e55000 	/System/Library/Frameworks/IOSurface.framework/Versions/A/IOSurface
0x00000001c50a5000 	/usr/lib/libDiagnosticMessagesClient.dylib
0x00000001d2a1e000 	/System/Library/Frameworks/ApplicationServices.framework/Versions/A/ApplicationServices
0x00000001c7558000 	/System/Library/PrivateFrameworks/DFRFoundation.framework/Versions/A/DFRFoundation
0x00000001c0a78000 	/usr/lib/libicucore.A.dylib
0x00000001cbb5b000 	/System/Library/Frameworks/AudioToolbox.framework/Versions/A/AudioToolbox
0x00000001cad66000 	/System/Library/PrivateFrameworks/DataDetectorsCore.framework/Versions/A/DataDetectorsCore
0x00000001e0eb4000 	/System/Library/PrivateFrameworks/TextInput.framework/Versions/A/TextInput
0x00000001c373c000 	/usr/lib/libMobileGestalt.dylib
0x00000001c7228000 	/System/Library/Frameworks/Carbon.framework/Versions/A/Frameworks/HIToolbox.framework/Versions/A/HIToolbox
0x00000001c5506000 	/System/Library/Frameworks/QuartzCore.framework/Versions/A/QuartzCore
0x00000001c06f5000 	/System/Library/Frameworks/Security.framework/Versions/A/Security
0x00000001cef97000 	/System/Library/Frameworks/Carbon.framework/Versions/A/Frameworks/SpeechRecognition.framework/Versions/A/SpeechRecognition
0x00000001c5854000 	/System/Library/PrivateFrameworks/CoreUI.framework/Versions/A/CoreUI
0x00000001bffc6000 	/System/Library/Frameworks/CoreAudio.framework/Versions/A/CoreAudio
0x00000001c5199000 	/System/Library/Frameworks/DiskArbitration.framework/Versions/A/DiskArbitration
0x00000001ca66d000 	/System/Library/PrivateFrameworks/MultitouchSupport.framework/Versions/A/MultitouchSupport
0x00000001c373a000 	/usr/lib/libenergytrace.dylib
0x00000001c10a1000 	/System/Library/Frameworks/IOKit.framework/Versions/A/IOKit
0x00000001cf380000 	/System/Library/Frameworks/CoreServices.framework/Versions/A/CoreServices
0x00000001c5a8d000 	/System/Library/PrivateFrameworks/PerformanceAnalysis.framework/Versions/A/PerformanceAnalysis
0x000000021fa61000 	/System/Library/Frameworks/OpenGL.framework/Versions/A/OpenGL
0x00000001c8613000 	/System/Library/PrivateFrameworks/MobileKeyBag.framework/Versions/A/MobileKeyBag
0x00000001c41a2000 	/System/Library/Frameworks/ColorSync.framework/Versions/A/ColorSync
0x00000001be640000 	/System/Library/Frameworks/CoreFoundation.framework/Versions/A/CoreFoundation
0x00000001c77f5000 	/System/Library/Frameworks/CoreImage.framework/Versions/A/CoreImage
0x00000001bfde9000 	/System/Library/Frameworks/CoreText.framework/Versions/A/CoreText
0x00000001c75a4000 	/System/Library/Frameworks/ImageIO.framework/Versions/A/ImageIO
0x00000001c905f000 	/System/Library/PrivateFrameworks/SoftLinking.framework/Versions/A/SoftLinking
0x00000001c5b4a000 	/usr/lib/libxml2.2.dylib
0x00000001c92f8000 	/usr/lib/libcompression.dylib
0x00000001cacb3000 	/System/Library/PrivateFrameworks/TextureIO.framework/Versions/A/TextureIO
0x00000001c9a16000 	/usr/lib/libate.dylib
0x00000001c98de000 	/usr/lib/liblzma.5.dylib
0x00000001bf228000 	/System/Library/Frameworks/SystemConfiguration.framework/Versions/A/SystemConfiguration
0x00000001c905b000 	/usr/lib/libfakelink.dylib
0x00000001c3269000 	/System/Library/Frameworks/CFNetwork.framework/Versions/A/CFNetwork
0x00000001c91a2000 	/usr/lib/libarchive.2.dylib
0x00000001c7bbe000 	/System/Library/PrivateFrameworks/AppleSystemInfo.framework/Versions/A/AppleSystemInfo
0x00000001c871e000 	/usr/lib/libbsm.0.dylib
0x00000001c27a1000 	/usr/lib/libnetwork.dylib
0x00000001c8ff9000 	/usr/lib/system/libkxld.dylib
0x00000001c8335000 	/System/Library/PrivateFrameworks/IOMobileFramebuffer.framework/Versions/A/IOMobileFramebuffer
0x000000023b892000 	/usr/lib/libCoreEntitlements.dylib
0x00000001c8d3c000 	/System/Library/PrivateFrameworks/AppleFSCompression.framework/Versions/A/AppleFSCompression
0x00000001c8706000 	/usr/lib/libcoretls.dylib
0x00000001c98f7000 	/usr/lib/libcoretls_cfhelpers.dylib
0x00000001c92f3000 	/usr/lib/libpam.2.dylib
0x00000001c4af6000 	/usr/lib/libsqlite3.dylib
0x00000001c995f000 	/usr/lib/libxar.1.dylib
0x00000001c8d4d000 	/usr/lib/libbz2.1.0.dylib
0x00000001c9060000 	/usr/lib/libpcap.A.dylib
0x00000001c4ec5000 	/usr/lib/libdns_services.dylib
0x00000001c92c6000 	/usr/lib/libapple_nghttp2.dylib
0x00000001c909d000 	/usr/lib/libiconv.2.dylib
0x00000001c8ff2000 	/usr/lib/libcharset.1.dylib
0x00000001c5ac9000 	/System/Library/Frameworks/CoreServices.framework/Versions/A/Frameworks/FSEvents.framework/Versions/A/FSEvents
0x00000001c0d2e000 	/System/Library/Frameworks/CoreServices.framework/Versions/A/Frameworks/CarbonCore.framework/Versions/A/CarbonCore
0x00000001c50fc000 	/System/Library/Frameworks/CoreServices.framework/Versions/A/Frameworks/Metadata.framework/Versions/A/Metadata
0x00000001c8d60000 	/System/Library/Frameworks/CoreServices.framework/Versions/A/Frameworks/OSServices.framework/Versions/A/OSServices
0x00000001c9228000 	/System/Library/Frameworks/CoreServices.framework/Versions/A/Frameworks/SearchKit.framework/Versions/A/SearchKit
0x00000001c4e53000 	/System/Library/Frameworks/CoreServices.framework/Versions/A/Frameworks/AE.framework/Versions/A/AE
0x00000001beb84000 	/System/Library/Frameworks/CoreServices.framework/Versions/A/Frameworks/LaunchServices.framework/Versions/A/LaunchServices
0x00000001c9887000 	/System/Library/Frameworks/CoreServices.framework/Versions/A/Frameworks/DictionaryServices.framework/Versions/A/DictionaryServices
0x00000001c5ad6000 	/System/Library/Frameworks/CoreServices.framework/Versions/A/Frameworks/SharedFileList.framework/Versions/A/SharedFileList
0x00000001c86f6000 	/usr/lib/libCheckFix.dylib
0x00000001c37a9000 	/System/Library/PrivateFrameworks/TCC.framework/Versions/A/TCC
0x00000001c7bc4000 	/System/Library/PrivateFrameworks/CoreNLP.framework/Versions/A/CoreNLP
0x00000001c50a8000 	/System/Library/PrivateFrameworks/MetadataUtilities.framework/Versions/A/MetadataUtilities
0x00000001bf2e1000 	/usr/lib/libmecabra.dylib
0x00000001c872f000 	/usr/lib/libmecab.dylib
0x00000001bf2ad000 	/usr/lib/libCRFSuite.dylib
0x00000001c878d000 	/usr/lib/libgermantok.dylib
0x00000001c929f000 	/usr/lib/libThaiTokenizer.dylib
0x00000001c51a1000 	/System/Library/Frameworks/Accelerate.framework/Versions/A/Frameworks/vImage.framework/Versions/A/vImage
0x00000001cf357000 	/System/Library/Frameworks/Accelerate.framework/Versions/A/Frameworks/vecLib.framework/Versions/A/vecLib
0x00000001c99a3000 	/System/Library/Frameworks/Accelerate.framework/Versions/A/Frameworks/vecLib.framework/Versions/A/libvMisc.dylib
0x00000001c823f000 	/System/Library/Frameworks/Accelerate.framework/Versions/A/Frameworks/vecLib.framework/Versions/A/libvDSP.dylib
0x00000001bef07000 	/System/Library/Frameworks/Accelerate.framework/Versions/A/Frameworks/vecLib.framework/Versions/A/libBLAS.dylib
0x00000001c93c7000 	/System/Library/Frameworks/Accelerate.framework/Versions/A/Frameworks/vecLib.framework/Versions/A/libLAPACK.dylib
0x00000001c8790000 	/System/Library/Frameworks/Accelerate.framework/Versions/A/Frameworks/vecLib.framework/Versions/A/libLinearAlgebra.dylib
0x00000001c92de000 	/System/Library/Frameworks/Accelerate.framework/Versions/A/Frameworks/vecLib.framework/Versions/A/libSparseBLAS.dylib
0x00000001c93c2000 	/System/Library/Frameworks/Accelerate.framework/Versions/A/Frameworks/vecLib.framework/Versions/A/libQuadrature.dylib
0x00000001c7cbb000 	/System/Library/Frameworks/Accelerate.framework/Versions/A/Frameworks/vecLib.framework/Versions/A/libBNNS.dylib
0x00000001bf1c5000 	/System/Library/Frameworks/Accelerate.framework/Versions/A/Frameworks/vecLib.framework/Versions/A/libSparse.dylib
0x00000001c7cb3000 	/System/Library/PrivateFrameworks/LinguisticData.framework/Versions/A/LinguisticData
0x00000001bf17b000 	/System/Library/PrivateFrameworks/Lexicon.framework/Versions/A/Lexicon
0x00000001c999b000 	/usr/lib/libChineseTokenizer.dylib
0x00000001bf922000 	/System/Library/PrivateFrameworks/LanguageModeling.framework/Versions/A/LanguageModeling
0x00000001c92a1000 	/System/Library/PrivateFrameworks/AppleSauce.framework/Versions/A/AppleSauce
0x00000001c8322000 	/System/Library/PrivateFrameworks/CoreEmoji.framework/Versions/A/CoreEmoji
0x00000001c9190000 	/usr/lib/libcmph.dylib
0x00000001c5aa9000 	/System/Library/Frameworks/OpenDirectory.framework/Versions/A/Frameworks/CFOpenDirectory.framework/Versions/A/CFOpenDirectory
0x00000001c5a99000 	/System/Library/Frameworks/OpenDirectory.framework/Versions/A/OpenDirectory
0x00000001c98f9000 	/System/Library/PrivateFrameworks/APFS.framework/Versions/A/APFS
0x00000001c864e000 	/System/Library/Frameworks/SecurityFoundation.framework/Versions/A/SecurityFoundation
0x00000001c996d000 	/usr/lib/libutil.dylib
0x00000001c1063000 	/System/Library/PrivateFrameworks/CoreServicesStore.framework/Versions/A/CoreServicesStore
0x00000001c9971000 	/usr/lib/libxslt.1.dylib
0x00000001c86e2000 	/System/Library/PrivateFrameworks/BackgroundTaskManagement.framework/Versions/A/BackgroundTaskManagement
0x00000001cabd4000 	/System/Library/Frameworks/ImageIO.framework/Versions/A/Resources/libRadiance.dylib
0x00000001cabdd000 	/System/Library/Frameworks/ImageIO.framework/Versions/A/Resources/libJPEG.dylib
0x00000001cab2f000 	/System/Library/Frameworks/ImageIO.framework/Versions/A/Resources/libPng.dylib
0x00000001cab51000 	/System/Library/Frameworks/ImageIO.framework/Versions/A/Resources/libTIFF.dylib
0x00000001cac38000 	/System/Library/Frameworks/ImageIO.framework/Versions/A/Resources/libGIF.dylib
0x00000001ca57d000 	/System/Library/Frameworks/ImageIO.framework/Versions/A/Resources/libJP2.dylib
0x00000001c9cc2000 	/usr/lib/libexpat.1.dylib
0x00000001ca538000 	/System/Library/PrivateFrameworks/AppleJPEG.framework/Versions/A/AppleJPEG
0x00000001c70e7000 	/System/Library/PrivateFrameworks/FontServices.framework/libFontParser.dylib
0x00000001c4df8000 	/System/Library/PrivateFrameworks/RunningBoardServices.framework/Versions/A/RunningBoardServices
0x00000001d52d4000 	/System/Library/PrivateFrameworks/IOSurfaceAccelerator.framework/Versions/A/IOSurfaceAccelerator
0x00000001ca669000 	/System/Library/PrivateFrameworks/WatchdogClient.framework/Versions/A/WatchdogClient
0x00000001bfa26000 	/System/Library/Frameworks/CoreDisplay.framework/Versions/A/CoreDisplay
0x00000001c6fd5000 	/System/Library/Frameworks/CoreMedia.framework/Versions/A/CoreMedia
0x00000001c6e69000 	/System/Library/PrivateFrameworks/IOAccelerator.framework/Versions/A/IOAccelerator
0x00000001c5c37000 	/System/Library/Frameworks/CoreVideo.framework/Versions/A/CoreVideo
0x00000001c92f1000 	/System/Library/Frameworks/MetalPerformanceShaders.framework/Versions/A/MetalPerformanceShaders
0x00000001ca6a6000 	/System/Library/Frameworks/VideoToolbox.framework/Versions/A/VideoToolbox
0x00000001c4d3c000 	/System/Library/PrivateFrameworks/BaseBoard.framework/Versions/A/BaseBoard
0x00000001c4adb000 	/System/Library/PrivateFrameworks/ProtocolBuffer.framework/Versions/A/ProtocolBuffer
0x00000001cabcf000 	/System/Library/PrivateFrameworks/GPUWrangler.framework/Versions/A/GPUWrangler
0x00000001cabae000 	/System/Library/PrivateFrameworks/IOPresentment.framework/Versions/A/IOPresentment
0x00000001cabd7000 	/System/Library/PrivateFrameworks/DSExternalDisplay.framework/Versions/A/DSExternalDisplay
0x000000021fa54000 	/System/Library/Frameworks/OpenGL.framework/Versions/A/Libraries/libCoreFSCache.dylib
0x000000022923f000 	/System/Library/PrivateFrameworks/GPUCompiler.framework/Versions/31001/Libraries/libGPUCompilerUtils.dylib
0x00000001cac3d000 	/System/Library/PrivateFrameworks/CMCaptureCore.framework/Versions/A/CMCaptureCore
0x00000001ca276000 	/System/Library/PrivateFrameworks/AppServerSupport.framework/Versions/A/AppServerSupport
0x00000001cc416000 	/System/Library/PrivateFrameworks/perfdata.framework/Versions/A/perfdata
0x00000001bfb46000 	/System/Library/PrivateFrameworks/AudioToolboxCore.framework/Versions/A/AudioToolboxCore
0x00000001c6fad000 	/System/Library/PrivateFrameworks/caulk.framework/Versions/A/caulk
0x00000001cbd0b000 	/usr/lib/libAudioStatistics.dylib
0x00000001dd628000 	/System/Library/PrivateFrameworks/SystemPolicy.framework/Versions/A/SystemPolicy
0x00000001cbf6b000 	/usr/lib/libSMC.dylib
0x00000001d4b40000 	/System/Library/Frameworks/CoreMIDI.framework/Versions/A/CoreMIDI
0x00000001caafd000 	/usr/lib/libAudioToolboxUtility.dylib
0x00000001d9a55000 	/System/Library/PrivateFrameworks/OSAServicesClient.framework/Versions/A/OSAServicesClient
0x00000001cc423000 	/usr/lib/libperfcheck.dylib
0x00000001de12f000 	/usr/lib/libmis.dylib
0x000000021fab5000 	/System/Library/Frameworks/OpenGL.framework/Versions/A/Libraries/libGLU.dylib
0x000000021fa74000 	/System/Library/Frameworks/OpenGL.framework/Versions/A/Libraries/libGFXShared.dylib
0x000000021fc5e000 	/System/Library/Frameworks/OpenGL.framework/Versions/A/Libraries/libGL.dylib
0x000000021fa7d000 	/System/Library/Frameworks/OpenGL.framework/Versions/A/Libraries/libGLImage.dylib
0x000000021fa71000 	/System/Library/Frameworks/OpenGL.framework/Versions/A/Libraries/libCVMSPluginSupport.dylib
0x000000021fa5b000 	/System/Library/Frameworks/OpenGL.framework/Versions/A/Libraries/libCoreVMClient.dylib
0x00000001c7b3f000 	/System/Library/Frameworks/MetalPerformanceShaders.framework/Versions/A/Frameworks/MPSCore.framework/Versions/A/MPSCore
0x00000001c8caf000 	/System/Library/Frameworks/MetalPerformanceShaders.framework/Versions/A/Frameworks/MPSImage.framework/Versions/A/MPSImage
0x00000001c87a5000 	/System/Library/Frameworks/MetalPerformanceShaders.framework/Versions/A/Frameworks/MPSNeuralNetwork.framework/Versions/A/MPSNeuralNetwork
0x00000001c8be2000 	/System/Library/Frameworks/MetalPerformanceShaders.framework/Versions/A/Frameworks/MPSMatrix.framework/Versions/A/MPSMatrix
0x00000001c89bd000 	/System/Library/Frameworks/MetalPerformanceShaders.framework/Versions/A/Frameworks/MPSRayIntersector.framework/Versions/A/MPSRayIntersector
0x00000001c8c13000 	/System/Library/Frameworks/MetalPerformanceShaders.framework/Versions/A/Frameworks/MPSNDArray.framework/Versions/A/MPSNDArray
0x000000022178c000 	/System/Library/Frameworks/MetalPerformanceShaders.framework/Versions/A/Frameworks/MPSFunctions.framework/Versions/A/MPSFunctions
0x00000001bede5000 	/System/Library/PrivateFrameworks/MetalTools.framework/Versions/A/MetalTools
0x00000001c7bbc000 	/System/Library/PrivateFrameworks/AggregateDictionary.framework/Versions/A/AggregateDictionary
0x00000001c9aa8000 	/usr/lib/libIOReport.dylib
0x00000001d3b27000 	/System/Library/PrivateFrameworks/ASEProcessing.framework/Versions/A/ASEProcessing
0x00000001c9e1b000 	/System/Library/PrivateFrameworks/FaceCore.framework/Versions/A/FaceCore
0x00000001c9e0d000 	/System/Library/PrivateFrameworks/GraphVisualizer.framework/Versions/A/GraphVisualizer
0x0000000229156000 	/System/Library/PrivateFrameworks/FontServices.framework/Versions/A/FontServices
0x00000001ca230000 	/System/Library/PrivateFrameworks/OTSVG.framework/Versions/A/OTSVG
0x00000001c5805000 	/System/Library/Frameworks/ApplicationServices.framework/Versions/A/Frameworks/ATS.framework/Versions/A/Resources/libFontRegistry.dylib
0x00000001ca27f000 	/System/Library/PrivateFrameworks/FontServices.framework/libhvf.dylib
0x0000000229157000 	/System/Library/PrivateFrameworks/FontServices.framework/libXTFontStaticRegistryData.dylib
0x000000021fe00000 	/System/Library/Frameworks/OpenCL.framework/Versions/A/OpenCL
0x00000001c9c76000 	/System/Library/PrivateFrameworks/AppleVA.framework/Versions/A/AppleVA
0x00000001cbd33000 	/System/Library/Frameworks/ApplicationServices.framework/Versions/A/Frameworks/ATS.framework/Versions/A/ATS
0x00000001c429f000 	/System/Library/Frameworks/ApplicationServices.framework/Versions/A/Frameworks/HIServices.framework/Versions/A/HIServices
0x00000001cac47000 	/System/Library/Frameworks/ApplicationServices.framework/Versions/A/Frameworks/PrintCore.framework/Versions/A/PrintCore
0x00000001cc0be000 	/System/Library/Frameworks/ApplicationServices.framework/Versions/A/Frameworks/QD.framework/Versions/A/QD
0x00000001cc0b6000 	/System/Library/Frameworks/ApplicationServices.framework/Versions/A/Frameworks/ColorSyncLegacy.framework/Versions/A/ColorSyncLegacy
0x00000001cbd1f000 	/System/Library/Frameworks/ApplicationServices.framework/Versions/A/Frameworks/SpeechSynthesis.framework/Versions/A/SpeechSynthesis
0x00000001cac08000 	/System/Library/Frameworks/ApplicationServices.framework/Versions/A/Frameworks/ATSUI.framework/Versions/A/ATSUI
0x00000001cc04b000 	/usr/lib/libcups.2.dylib
0x00000001cc431000 	/System/Library/Frameworks/Kerberos.framework/Versions/A/Kerberos
0x00000001cc442000 	/System/Library/Frameworks/GSS.framework/Versions/A/GSS
0x00000001cbda2000 	/usr/lib/libresolv.9.dylib
0x00000001ca28d000 	/System/Library/PrivateFrameworks/Heimdal.framework/Versions/A/Heimdal
0x00000001d2d96000 	/System/Library/Frameworks/Kerberos.framework/Versions/A/Libraries/libHeimdalProxy.dylib
0x00000001c4ed7000 	/System/Library/Frameworks/Network.framework/Versions/A/Network
0x00000001c9cdd000 	/usr/lib/libheimdal-asn1.dylib
0x00000001cc488000 	/System/Library/PrivateFrameworks/CommonAuth.framework/Versions/A/CommonAuth
0x00000001cbc99000 	/System/Library/PrivateFrameworks/AudioSession.framework/Versions/A/AudioSession
0x00000001c9d6e000 	/System/Library/PrivateFrameworks/MediaExperience.framework/Versions/A/MediaExperience
0x00000001cbb21000 	/System/Library/PrivateFrameworks/AudioSession.framework/libSessionUtility.dylib
0x00000001cc0ca000 	/System/Library/PrivateFrameworks/AudioResourceArbitration.framework/Versions/A/AudioResourceArbitration
0x00000001d01d5000 	/System/Library/PrivateFrameworks/PowerLog.framework/Versions/A/PowerLog
0x00000001c9ce6000 	/System/Library/PrivateFrameworks/IconFoundation.framework/Versions/A/IconFoundation
0x00000001cef83000 	/System/Library/PrivateFrameworks/SpeechRecognitionCore.framework/Versions/A/SpeechRecognitionCore
0x0000000106100000 	/Library/Java/JavaVirtualMachines/jdk-17.0.2.jdk/Contents/Home/lib/server/libjvm.dylib
0x0000000105220000 	/Library/Java/JavaVirtualMachines/jdk-17.0.2.jdk/Contents/Home/lib/libjimage.dylib
0x00000001052a8000 	/Library/Java/JavaVirtualMachines/jdk-17.0.2.jdk/Contents/Home/lib/libjava.dylib
0x00000001060b4000 	/Library/Java/JavaVirtualMachines/jdk-17.0.2.jdk/Contents/Home/lib/libnio.dylib
0x00000001060d4000 	/Library/Java/JavaVirtualMachines/jdk-17.0.2.jdk/Contents/Home/lib/libnet.dylib
0x0000000123834000 	/Library/Java/JavaVirtualMachines/jdk-17.0.2.jdk/Contents/Home/lib/libzip.dylib
0x000000012384c000 	/Users/eccos/.openjfx/cache/17/libprism_es2.dylib
0x00000001c1026000 	/System/Library/PrivateFrameworks/CoreServicesInternal.framework/Versions/A/CoreServicesInternal
0x000000021fc68000 	/System/Library/Frameworks/OpenGL.framework/Versions/A/Resources/GLEngine.bundle/GLEngine
0x000000021faef000 	/System/Library/Frameworks/OpenGL.framework/Versions/A/Libraries/libGLProgrammability.dylib
0x0000000123a3c000 	/System/Library/Extensions/AppleMetalOpenGLRenderer.bundle/Contents/MacOS/AppleMetalOpenGLRenderer
0x000000021fdd7000 	/System/Library/Frameworks/OpenGL.framework/Versions/A/Resources/GLRendererFloat.bundle/GLRendererFloat
0x000000021fe78000 	/System/Library/Extensions/AGXMetal13_3.bundle/Contents/MacOS/AGXMetal13_3
0x00000001de14b000 	/System/Library/PrivateFrameworks/GPURawCounter.framework/Versions/A/GPURawCounter
0x00000001d8bd9000 	/System/Library/PrivateFrameworks/IOGPU.framework/Versions/A/IOGPU
0x0000000123ad4000 	/Users/eccos/.openjfx/cache/17/libglass.dylib
0x00000001d0429000 	/System/Library/Frameworks/FileProvider.framework/Versions/A/FileProvider
0x00000001c4ca4000 	/System/Library/Frameworks/Accounts.framework/Versions/A/Accounts
0x00000001d05a9000 	/System/Library/PrivateFrameworks/GenerationalStorage.framework/Versions/A/GenerationalStorage
0x00000001d115f000 	/System/Library/PrivateFrameworks/CoreSymbolication.framework/Versions/A/CoreSymbolication
0x00000001d01c9000 	/System/Library/PrivateFrameworks/SymptomDiagnosticReporter.framework/Versions/A/SymptomDiagnosticReporter
0x00000001c2312000 	/System/Library/PrivateFrameworks/DesktopServicesPriv.framework/Versions/A/DesktopServicesPriv
0x00000001c1186000 	/usr/lib/libsandbox.1.dylib
0x00000001c5cc4000 	/System/Library/PrivateFrameworks/UserManagement.framework/Versions/A/UserManagement
0x00000001d1120000 	/System/Library/PrivateFrameworks/DebugSymbols.framework/Versions/A/DebugSymbols
0x00000001cc0a9000 	/System/Library/PrivateFrameworks/NetAuth.framework/Versions/A/NetAuth
0x00000001ccfac000 	/System/Library/PrivateFrameworks/Sharing.framework/Versions/A/Sharing
0x00000001c5c94000 	/System/Library/PrivateFrameworks/login.framework/Versions/A/Frameworks/loginsupport.framework/Versions/A/loginsupport
0x00000001d22d8000 	/System/Library/PrivateFrameworks/Apple80211.framework/Versions/A/Apple80211
0x00000001c8d93000 	/System/Library/PrivateFrameworks/AuthKit.framework/Versions/A/AuthKit
0x00000001c8421000 	/System/Library/PrivateFrameworks/CoreUtils.framework/Versions/A/CoreUtils
0x00000001c8341000 	/System/Library/Frameworks/CoreWLAN.framework/Versions/A/CoreWLAN
0x00000001cd116000 	/System/Library/Frameworks/IOBluetooth.framework/Versions/A/IOBluetooth
0x00000001d2338000 	/System/Library/PrivateFrameworks/CoreWiFi.framework/Versions/A/CoreWiFi
0x00000001d0d07000 	/System/Library/PrivateFrameworks/FrontBoardServices.framework/Versions/A/FrontBoardServices
0x00000001d0d9f000 	/System/Library/PrivateFrameworks/BoardServices.framework/Versions/A/BoardServices
0x00000001c863c000 	/System/Library/PrivateFrameworks/AssertionServices.framework/Versions/A/AssertionServices
0x00000001d24a6000 	/System/Library/PrivateFrameworks/BackBoardServices.framework/Versions/A/BackBoardServices
0x00000001cc51b000 	/System/Library/PrivateFrameworks/CorePhoneNumbers.framework/Versions/A/CorePhoneNumbers
0x00000001d02f9000 	/System/Library/PrivateFrameworks/DiskManagement.framework/Versions/A/DiskManagement
0x00000001d01fc000 	/System/Library/PrivateFrameworks/AppleIDAuthSupport.framework/Versions/A/AppleIDAuthSupport
0x0000000223a76000 	/System/Library/PrivateFrameworks/AAAFoundation.framework/Versions/A/AAAFoundation
0x00000001cc4fa000 	/System/Library/PrivateFrameworks/KeychainCircle.framework/Versions/A/KeychainCircle
0x00000001d02c5000 	/System/Library/PrivateFrameworks/MediaKit.framework/Versions/A/MediaKit
0x00000001d0209000 	/System/Library/Frameworks/DiscRecording.framework/Versions/A/DiscRecording
0x00000001c9bf2000 	/usr/lib/libCoreStorage.dylib
0x00000001d27a2000 	/usr/lib/libcsfde.dylib
0x00000001cd1eb000 	/System/Library/PrivateFrameworks/ProtectedCloudStorage.framework/Versions/A/ProtectedCloudStorage
0x00000001d279a000 	/System/Library/PrivateFrameworks/EFILogin.framework/Versions/A/EFILogin
0x00000001d05d0000 	/System/Library/PrivateFrameworks/OctagonTrust.framework/Versions/A/OctagonTrust
0x00000002283a2000 	/System/Library/PrivateFrameworks/CoreUtilsExtras.framework/Versions/A/CoreUtilsExtras
0x00000001d013e000 	/System/Library/Frameworks/CoreBluetooth.framework/Versions/A/CoreBluetooth
0x00000001d2e1b000 	/System/Library/Frameworks/AudioUnit.framework/Versions/A/AudioUnit
0x00000001c9bea000 	/usr/lib/libMatch.1.dylib
0x00000001e2441000 	/System/Library/Frameworks/Accelerate.framework/Versions/A/Frameworks/vImage.framework/Versions/A/Libraries/libCGInterfaces.dylib
0x0000000127a40000 	/usr/lib/libobjc-trampolines.dylib
0x00000001c5991000 	/System/Library/PrivateFrameworks/ViewBridge.framework/Versions/A/ViewBridge
0x00000001ca33b000 	/System/Library/PrivateFrameworks/login.framework/Versions/A/login
0x00000001296bc000 	/Users/eccos/.openjfx/cache/17/libjavafx_font.dylib
0x000000023ba0c000 	/usr/lib/libRosetta.dylib


VM Arguments:
jvm_args: -XX:+ShowCodeDetailsInExceptionMessages --module-path=/Users/eccos/Desktop/Vic-2022/COMP261/assignment-3-master/target/classes:/Users/eccos/.m2/repository/org/openjfx/javafx-controls/17/javafx-controls-17-mac-aarch64.jar:/Users/eccos/.m2/repository/org/openjfx/javafx-graphics/17/javafx-graphics-17-mac-aarch64.jar:/Users/eccos/.m2/repository/org/openjfx/javafx-base/17/javafx-base-17-mac-aarch64.jar:/Users/eccos/.m2/repository/org/openjfx/javafx-fxml/17/javafx-fxml-17-mac-aarch64.jar -Djdk.module.main=comp261.tut3 
java_command: comp261.tut3/comp261.assig3.Main
java_class_path (initial): /Users/eccos/.m2/repository/org/openjfx/javafx-controls/17/javafx-controls-17.jar:/Users/eccos/.m2/repository/org/openjfx/javafx-graphics/17/javafx-graphics-17.jar:/Users/eccos/.m2/repository/org/openjfx/javafx-base/17/javafx-base-17.jar:/Users/eccos/.m2/repository/org/openjfx/javafx-fxml/17/javafx-fxml-17.jar
Launcher Type: SUN_STANDARD

[Global flags]
     intx CICompilerCount                          = 4                                         {product} {ergonomic}
     uint ConcGCThreads                            = 2                                         {product} {ergonomic}
     uint G1ConcRefinementThreads                  = 8                                         {product} {ergonomic}
   size_t G1HeapRegionSize                         = 1048576                                   {product} {ergonomic}
    uintx GCDrainStackTargetSize                   = 64                                        {product} {ergonomic}
   size_t InitialHeapSize                          = 134217728                                 {product} {ergonomic}
   size_t MarkStackSize                            = 4194304                                   {product} {ergonomic}
   size_t MaxHeapSize                              = 2147483648                                {product} {ergonomic}
   size_t MaxNewSize                               = 1287651328                                {product} {ergonomic}
   size_t MinHeapDeltaBytes                        = 1048576                                   {product} {ergonomic}
   size_t MinHeapSize                              = 8388608                                   {product} {ergonomic}
    uintx NonNMethodCodeHeapSize                   = 5839564                                {pd product} {ergonomic}
    uintx NonProfiledCodeHeapSize                  = 122909338                              {pd product} {ergonomic}
    uintx ProfiledCodeHeapSize                     = 122909338                              {pd product} {ergonomic}
    uintx ReservedCodeCacheSize                    = 251658240                              {pd product} {ergonomic}
     bool SegmentedCodeCache                       = true                                      {product} {ergonomic}
     bool ShowCodeDetailsInExceptionMessages       = true                                   {manageable} {command line}
   size_t SoftMaxHeapSize                          = 2147483648                             {manageable} {ergonomic}
     bool UseCompressedClassPointers               = true                           {product lp64_product} {ergonomic}
     bool UseCompressedOops                        = true                           {product lp64_product} {ergonomic}
     bool UseG1GC                                  = true                                      {product} {ergonomic}
     bool UseNUMA                                  = false                                     {product} {ergonomic}
     bool UseNUMAInterleaving                      = false                                     {product} {ergonomic}

Logging:
Log output configuration:
 #0: stdout all=warning uptime,level,tags
 #1: stderr all=off uptime,level,tags

Environment Variables:
PATH=/opt/homebrew/bin:/opt/homebrew/sbin:/Library/Frameworks/Python.framework/Versions/3.9/bin:/usr/local/bin:/usr/bin:/bin:/usr/sbin:/sbin:/Library/Apple/usr/bin:/Applications/Postgres.app/Contents/Versions/latest/bin:/opt/homebrew/bin:/opt/homebrew/sbin:/Library/Frameworks/Python.framework/Versions/3.9/bin
SHELL=/bin/zsh
LANG=en_GB.UTF-8

Signal Handlers:
   SIGSEGV: _ZL13crash_handleriP9__siginfoPv in libjvm.dylib, mask=11100110000111110111111111111111, flags=SA_RESTART|SA_SIGINFO
    SIGBUS: _ZL13crash_handleriP9__siginfoPv in libjvm.dylib, mask=11100110000111110111111111111111, flags=SA_RESTART|SA_SIGINFO
    SIGFPE: _ZL13crash_handleriP9__siginfoPv in libjvm.dylib, mask=11100110000111110111111111111111, flags=SA_RESTART|SA_SIGINFO
   SIGPIPE: _ZL17javaSignalHandleriP9__siginfoPv in libjvm.dylib, mask=11100110000111110111111111111111, flags=SA_RESTART|SA_SIGINFO
   SIGXFSZ: _ZL17javaSignalHandleriP9__siginfoPv in libjvm.dylib, mask=11100110000111110111111111111111, flags=SA_RESTART|SA_SIGINFO
    SIGILL: _ZL13crash_handleriP9__siginfoPv in libjvm.dylib, mask=11100110000111110111111111111111, flags=SA_RESTART|SA_SIGINFO
   SIGUSR2: _ZL10SR_handleriP9__siginfoP17__darwin_ucontext in libjvm.dylib, mask=00000000000000000000000000000000, flags=SA_RESTART|SA_SIGINFO
    SIGHUP: _ZL11UserHandleriPvS_ in libjvm.dylib, mask=11100110000111110111111111111111, flags=SA_RESTART|SA_SIGINFO
    SIGINT: _ZL11UserHandleriPvS_ in libjvm.dylib, mask=11100110000111110111111111111111, flags=SA_RESTART|SA_SIGINFO
   SIGTERM: _ZL11UserHandleriPvS_ in libjvm.dylib, mask=11100110000111110111111111111111, flags=SA_RESTART|SA_SIGINFO
   SIGQUIT: _ZL11UserHandleriPvS_ in libjvm.dylib, mask=11100110000111110111111111111111, flags=SA_RESTART|SA_SIGINFO
   SIGTRAP: _ZL13crash_handleriP9__siginfoPv in libjvm.dylib, mask=11100110000111110111111111111111, flags=SA_RESTART|SA_SIGINFO


---------------  S Y S T E M  ---------------

OS:
uname: Darwin 21.3.0 Darwin Kernel Version 21.3.0: Wed Jan  5 21:37:58 PST 2022; root:xnu-8019.80.24~20/RELEASE_ARM64_T8101 arm64
OS uptime: 13 days 13:42 hours
rlimit (soft/hard): STACK 8176k/65520k , CORE 0k/infinity , NPROC 1333/2000 , NOFILE 10240/infinity , AS infinity/infinity , CPU infinity/infinity , DATA infinity/infinity , FSIZE infinity/infinity , MEMLOCK infinity/infinity , RSS infinity/infinity
load average: 2.26 2.95 3.35

CPU: total 8 (initial active 8) 0x61:0x0:0x1b588bb3:0, fp, simd, crc, lse

Memory: 16k page, physical 8388608k(121456k free), swap 7340032k(1412864k free)

vm_info: Java HotSpot(TM) 64-Bit Server VM (17.0.2+8-LTS-86) for bsd-aarch64 JRE (17.0.2+8-LTS-86), built on Dec  7 2021 21:47:50 by "mach5one" with clang Apple LLVM 12.0.0 (clang-1200.0.32.29)

END.
